\BOOKMARK [1][-]{chapter1.1}{\376\377\173\054\116\000\126\336\000\040\165\004\130\353\226\220\150\246\136\173\213\306\220\032\160\165\000\040\215\076\226\350\147\121\230\316\134\030\140\000\225\372\171\300}{}% 1
\BOOKMARK [0][]{chapter*.2}{\376\377\173\054\116\000\126\336\000\040\165\004\130\353\226\220\150\246\136\173\213\306\220\032\160\165\000\040\215\076\226\350\147\121\230\316\134\030\140\000\225\372\171\300}{}% 2
\BOOKMARK [1][-]{chapter2.1}{\376\377\173\054\116\214\126\336\000\040\215\076\131\053\116\272\116\331\220\035\142\154\135\336\127\316\000\040\121\267\133\120\121\164\157\024\213\364\203\143\126\375\136\234}{chapter*.2}% 3
\BOOKMARK [0][]{chapter*.3}{\376\377\173\054\116\214\126\336\000\040\215\076\131\053\116\272\116\331\220\035\142\154\135\336\127\316\000\040\121\267\133\120\121\164\157\024\213\364\203\143\126\375\136\234}{}% 4
\BOOKMARK [1][-]{chapter3.1}{\376\377\173\054\116\011\126\336\000\040\142\130\121\205\121\104\131\202\155\167\203\120\211\177\133\276\000\040\143\245\131\026\133\131\215\076\153\315\140\334\133\144\131\163}{chapter*.3}% 5
\BOOKMARK [0][]{chapter*.4}{\376\377\173\054\116\011\126\336\000\040\142\130\121\205\121\104\131\202\155\167\203\120\211\177\133\276\000\040\143\245\131\026\133\131\215\076\153\315\140\334\133\144\131\163}{}% 6
\BOOKMARK [1][-]{chapter4.1}{\376\377\173\054\126\333\126\336\000\040\205\204\124\175\131\163\120\117\220\042\205\204\124\175\220\316\000\040\204\153\202\246\120\347\122\044\145\255\204\153\202\246\150\110}{chapter*.4}% 7
\BOOKMARK [0][]{chapter*.5}{\376\377\173\054\126\333\126\336\000\040\205\204\124\175\131\163\120\117\220\042\205\204\124\175\220\316\000\040\204\153\202\246\120\347\122\044\145\255\204\153\202\246\150\110}{}% 8
\BOOKMARK [1][-]{chapter5.1}{\376\377\173\054\116\224\126\336\000\040\215\076\133\235\163\211\171\136\156\070\131\052\206\132\130\203\000\040\213\146\136\173\116\331\146\362\157\024\176\242\151\174\150\246}{chapter*.5}% 9
\BOOKMARK [0][]{chapter*.6}{\376\377\173\054\116\224\126\336\000\040\215\076\133\235\163\211\171\136\156\070\131\052\206\132\130\203\000\040\213\146\136\173\116\331\146\362\157\024\176\242\151\174\150\246}{}% 10
\BOOKMARK [1][-]{chapter6.1}{\376\377\173\054\121\155\126\336\000\040\215\076\133\235\163\211\122\035\213\325\116\221\226\350\140\305\000\040\122\030\200\001\200\001\116\000\217\333\203\143\126\375\136\234}{chapter*.6}% 11
\BOOKMARK [0][]{chapter*.7}{\376\377\173\054\121\155\126\336\000\040\215\076\133\235\163\211\122\035\213\325\116\221\226\350\140\305\000\040\122\030\200\001\200\001\116\000\217\333\203\143\126\375\136\234}{}% 12
\BOOKMARK [1][-]{chapter7.1}{\376\377\173\054\116\003\126\336\000\040\220\001\133\253\202\261\215\076\164\017\142\017\161\231\121\344\000\040\133\264\133\201\136\234\133\235\163\211\117\032\171\346\224\237}{chapter*.7}% 13
\BOOKMARK [0][]{chapter*.8}{\376\377\173\054\116\003\126\336\000\040\220\001\133\253\202\261\215\076\164\017\142\017\161\231\121\344\000\040\133\264\133\201\136\234\133\235\163\211\117\032\171\346\224\237}{}% 14
\BOOKMARK [1][-]{chapter8.1}{\376\377\173\054\121\153\126\336\000\040\215\076\133\235\163\211\131\107\177\030\213\306\221\321\225\001\000\040\205\233\133\235\224\227\135\347\124\010\213\244\220\032\160\165}{chapter*.8}% 15
\BOOKMARK [0][]{chapter*.9}{\376\377\173\054\121\153\126\336\000\040\215\076\133\235\163\211\131\107\177\030\213\306\221\321\225\001\000\040\205\233\133\235\224\227\135\347\124\010\213\244\220\032\160\165}{}% 16
\BOOKMARK [1][-]{chapter9.1}{\376\377\173\054\116\135\126\336\000\040\213\255\122\243\133\120\147\116\215\065\142\177\165\063\231\154\000\040\125\324\230\175\172\345\203\027\160\337\225\371\116\146\142\077}{chapter*.9}% 17
\BOOKMARK [0][]{chapter*.10}{\376\377\173\054\116\135\126\336\000\040\213\255\122\243\133\120\147\116\215\065\142\177\165\063\231\154\000\040\125\324\230\175\172\345\203\027\160\337\225\371\116\146\142\077}{}% 18
\BOOKMARK [1][-]{chapter10.1}{\376\377\173\054\123\101\126\336\000\040\221\321\133\341\131\207\215\052\122\051\147\103\123\327\217\261\000\040\137\040\131\052\123\073\213\272\165\305\176\306\172\167\156\220}{chapter*.10}% 19
\BOOKMARK [0][]{chapter*.11}{\376\377\173\054\123\101\126\336\000\040\221\321\133\341\131\207\215\052\122\051\147\103\123\327\217\261\000\040\137\040\131\052\123\073\213\272\165\305\176\306\172\167\156\220}{}% 20
\BOOKMARK [1][-]{chapter11.1}{\376\377\173\054\123\101\116\000\126\336\000\040\136\206\133\377\217\260\133\201\136\234\143\222\133\266\133\264\000\040\211\301\161\231\121\344\215\076\164\136\215\167\155\353\137\303}{chapter*.11}% 21
\BOOKMARK [0][]{chapter*.12}{\376\377\173\054\123\101\116\000\126\336\000\040\136\206\133\377\217\260\133\201\136\234\143\222\133\266\133\264\000\040\211\301\161\231\121\344\215\076\164\136\215\167\155\353\137\303}{}% 22
\BOOKMARK [1][-]{chapter12.1}{\376\377\173\054\123\101\116\214\126\336\000\040\163\213\161\231\121\344\153\322\213\276\166\370\140\035\134\100\000\040\215\076\131\051\171\145\153\143\161\147\230\316\147\010\222\164}{chapter*.12}% 23
\BOOKMARK [0][]{chapter*.13}{\376\377\173\054\123\101\116\214\126\336\000\040\163\213\161\231\121\344\153\322\213\276\166\370\140\035\134\100\000\040\215\076\131\051\171\145\153\143\161\147\230\316\147\010\222\164}{}% 24
\BOOKMARK [1][-]{chapter13.1}{\376\377\173\054\123\101\116\011\126\336\000\040\171\346\123\357\123\177\153\173\134\001\237\231\171\201\134\011\000\040\163\213\161\231\121\344\123\117\164\006\133\201\126\375\136\234}{chapter*.13}% 25
\BOOKMARK [0][]{chapter*.14}{\376\377\173\054\123\101\116\011\126\336\000\040\171\346\123\357\123\177\153\173\134\001\237\231\171\201\134\011\000\040\163\213\161\231\121\344\123\117\164\006\133\201\126\375\136\234}{}% 26
\BOOKMARK [1][-]{chapter14.1}{\376\377\173\054\123\101\126\333\126\336\000\040\147\227\131\202\155\167\160\165\217\324\202\317\135\336\220\341\000\040\215\076\133\235\163\211\215\357\214\022\123\027\227\131\163\213}{chapter*.14}% 27
\BOOKMARK [0][]{chapter*.15}{\376\377\173\054\123\101\126\333\126\336\000\040\147\227\131\202\155\167\160\165\217\324\202\317\135\336\220\341\000\040\215\076\133\235\163\211\215\357\214\022\123\027\227\131\163\213}{}% 28
\BOOKMARK [1][-]{chapter15.1}{\376\377\173\054\123\101\116\224\126\336\000\040\163\213\121\344\131\320\137\004\147\103\224\301\151\333\133\372\000\040\171\346\234\270\123\177\137\227\215\243\231\222\131\064\136\265}{chapter*.15}% 29
\BOOKMARK [0][]{chapter*.16}{\376\377\173\054\123\101\116\224\126\336\000\040\163\213\121\344\131\320\137\004\147\103\224\301\151\333\133\372\000\040\171\346\234\270\123\177\137\227\215\243\231\222\131\064\136\265}{}% 30
\BOOKMARK [1][-]{chapter16.1}{\376\377\173\054\123\101\121\155\126\336\000\040\215\076\121\103\146\045\142\115\220\011\121\344\205\373\133\253\000\040\171\346\234\270\123\177\131\055\220\035\236\304\154\311\215\357}{chapter*.16}% 31
\BOOKMARK [0][]{chapter*.17}{\376\377\173\054\123\101\121\155\126\336\000\040\215\076\121\103\146\045\142\115\220\011\121\344\205\373\133\253\000\040\171\346\234\270\123\177\131\055\220\035\236\304\154\311\215\357}{}% 32
\BOOKMARK [1][-]{chapter17.1}{\376\377\173\054\123\101\116\003\126\336\000\040\131\047\211\302\126\355\213\325\142\115\230\230\133\371\230\235\000\040\203\143\126\375\136\234\137\122\167\001\136\206\121\103\133\265}{chapter*.17}% 33
\BOOKMARK [0][]{chapter*.18}{\376\377\173\054\123\101\116\003\126\336\000\040\131\047\211\302\126\355\213\325\142\115\230\230\133\371\230\235\000\040\203\143\126\375\136\234\137\122\167\001\136\206\121\103\133\265}{}% 34
\BOOKMARK [1][-]{chapter18.1}{\376\377\173\054\123\101\121\153\126\336\000\040\166\207\140\151\221\315\121\103\131\203\167\001\162\066\153\315\000\040\131\051\117\046\116\120\133\235\163\211\124\110\142\115\205\373}{chapter*.18}% 35
\BOOKMARK [0][]{chapter*.19}{\376\377\173\054\123\101\121\153\126\336\000\040\166\207\140\151\221\315\121\103\131\203\167\001\162\066\153\315\000\040\131\051\117\046\116\120\133\235\163\211\124\110\142\115\205\373}{}% 36
\BOOKMARK [1][-]{chapter19.1}{\376\377\173\054\123\101\116\135\126\336\000\040\140\305\122\007\122\007\202\157\133\265\202\261\211\343\213\355\000\040\141\017\176\365\176\365\227\131\145\345\163\211\165\037\231\231}{chapter*.19}% 37
\BOOKMARK [0][]{chapter*.20}{\376\377\173\054\123\101\116\135\126\336\000\040\140\305\122\007\122\007\202\157\133\265\202\261\211\343\213\355\000\040\141\017\176\365\176\365\227\131\145\345\163\211\165\037\231\231}{}% 38
\BOOKMARK [1][-]{chapter20.1}{\376\377\173\054\116\214\123\101\126\336\000\040\163\213\161\231\121\344\153\143\212\000\137\071\131\222\141\017\000\040\147\227\236\333\163\211\117\317\213\355\214\021\132\007\227\363}{chapter*.20}% 39
\BOOKMARK [0][]{chapter*.21}{\376\377\173\054\116\214\123\101\126\336\000\040\163\213\161\231\121\344\153\143\212\000\137\071\131\222\141\017\000\040\147\227\236\333\163\211\117\317\213\355\214\021\132\007\227\363}{}% 40
\BOOKMARK [1][-]{chapter21.1}{\376\377\173\054\116\214\123\101\116\000\126\336\000\040\215\044\210\255\116\272\132\007\125\324\173\264\133\235\163\211\000\040\117\317\136\163\121\077\217\157\213\355\145\121\215\076\164\017}{chapter*.21}% 41
\BOOKMARK [0][]{chapter*.22}{\376\377\173\054\116\214\123\101\116\000\126\336\000\040\215\044\210\255\116\272\132\007\125\324\173\264\133\235\163\211\000\040\117\317\136\163\121\077\217\157\213\355\145\121\215\076\164\017}{}% 42
\BOOKMARK [1][-]{chapter22.1}{\376\377\173\054\116\214\123\101\116\214\126\336\000\040\124\054\146\362\145\207\133\235\163\211\140\237\171\205\147\072\000\040\122\066\160\157\214\034\215\076\145\077\140\262\214\066\213\355}{chapter*.22}% 43
\BOOKMARK [0][]{chapter*.23}{\376\377\173\054\116\214\123\101\116\214\126\336\000\040\124\054\146\362\145\207\133\235\163\211\140\237\171\205\147\072\000\040\122\066\160\157\214\034\215\076\145\077\140\262\214\066\213\355}{}% 44
\BOOKMARK [1][-]{chapter23.1}{\376\377\173\054\116\214\123\101\116\011\126\336\000\040\211\177\123\242\213\260\131\231\213\315\220\032\142\017\213\355\000\040\162\141\116\071\116\255\202\163\146\362\213\146\202\263\137\303}{chapter*.23}% 45
\BOOKMARK [0][]{chapter*.24}{\376\377\173\054\116\214\123\101\116\011\126\336\000\040\211\177\123\242\213\260\131\231\213\315\220\032\142\017\213\355\000\040\162\141\116\071\116\255\202\163\146\362\213\146\202\263\137\303}{}% 46
\BOOKMARK [1][-]{chapter24.1}{\376\377\173\054\116\214\123\101\126\333\126\336\000\040\221\211\221\321\122\032\217\173\215\042\134\032\116\111\117\240\000\040\165\364\131\163\121\077\220\127\136\025\140\371\166\370\140\035}{chapter*.24}% 47
\BOOKMARK [0][]{chapter*.25}{\376\377\173\054\116\214\123\101\126\333\126\336\000\040\221\211\221\321\122\032\217\173\215\042\134\032\116\111\117\240\000\040\165\364\131\163\121\077\220\127\136\025\140\371\166\370\140\035}{}% 48
\BOOKMARK [1][-]{chapter25.1}{\376\377\173\054\116\214\123\101\116\224\126\336\000\040\233\107\233\124\154\325\123\324\132\302\220\042\116\224\233\074\000\040\220\032\160\165\163\211\204\231\205\075\220\107\123\314\167\037}{chapter*.25}% 49
\BOOKMARK [0][]{chapter*.26}{\376\377\173\054\116\214\123\101\116\224\126\336\000\040\233\107\233\124\154\325\123\324\132\302\220\042\116\224\233\074\000\040\220\032\160\165\163\211\204\231\205\075\220\107\123\314\167\037}{}% 50
\BOOKMARK [1][-]{chapter26.1}{\376\377\173\054\116\214\123\101\121\155\126\336\000\040\207\002\201\160\150\145\213\276\212\000\117\040\137\303\116\213\000\040\157\107\156\130\231\206\146\045\126\360\123\321\136\175\140\305}{chapter*.26}% 51
\BOOKMARK [0][]{chapter*.27}{\376\377\173\054\116\214\123\101\121\155\126\336\000\040\207\002\201\160\150\145\213\276\212\000\117\040\137\303\116\213\000\040\157\107\156\130\231\206\146\045\126\360\123\321\136\175\140\305}{}% 52
\BOOKMARK [1][-]{chapter27.1}{\376\377\173\054\116\214\123\101\116\003\126\336\000\040\156\364\177\340\116\255\147\150\131\203\142\017\137\151\207\166\000\040\127\313\231\231\121\242\230\336\161\325\154\343\153\213\176\242}{chapter*.27}% 53
\BOOKMARK [0][]{chapter*.28}{\376\377\173\054\116\214\123\101\116\003\126\336\000\040\156\364\177\340\116\255\147\150\131\203\142\017\137\151\207\166\000\040\127\313\231\231\121\242\230\336\161\325\154\343\153\213\176\242}{}% 54
\BOOKMARK [1][-]{chapter28.1}{\376\377\173\054\116\214\123\101\121\153\126\336\000\040\204\213\163\211\121\375\140\305\215\140\203\034\231\231\177\127\000\040\205\233\133\235\224\227\177\236\173\074\176\242\236\235\116\062}{chapter*.28}% 55
\BOOKMARK [0][]{chapter*.29}{\376\377\173\054\116\214\123\101\121\153\126\336\000\040\204\213\163\211\121\375\140\305\215\140\203\034\231\231\177\127\000\040\205\233\133\235\224\227\177\236\173\074\176\242\236\235\116\062}{}% 56
\BOOKMARK [1][-]{chapter29.1}{\376\377\173\054\116\214\123\101\116\135\126\336\000\040\116\253\171\217\116\272\171\217\155\361\217\330\171\167\171\217\000\040\131\032\140\305\131\163\140\305\221\315\141\010\145\237\140\305}{chapter*.29}% 57
\BOOKMARK [0][]{chapter*.30}{\376\377\173\054\116\214\123\101\116\135\126\336\000\040\116\253\171\217\116\272\171\217\155\361\217\330\171\167\171\217\000\040\131\032\140\305\131\163\140\305\221\315\141\010\145\237\140\305}{}% 58
\BOOKMARK [1][-]{chapter30.1}{\376\377\173\054\116\011\123\101\126\336\000\040\133\235\224\227\120\037\142\107\147\072\136\046\123\314\145\162\000\040\151\077\237\204\165\073\205\067\165\364\123\312\134\100\131\026}{chapter*.30}% 59
\BOOKMARK [0][]{chapter*.31}{\376\377\173\054\116\011\123\101\126\336\000\040\133\235\224\227\120\037\142\107\147\072\136\046\123\314\145\162\000\040\151\077\237\204\165\073\205\067\165\364\123\312\134\100\131\026}{}% 60
\BOOKMARK [1][-]{chapter31.1}{\376\377\173\054\116\011\123\101\116\000\126\336\000\040\144\225\142\107\133\120\117\134\123\103\221\321\116\000\173\021\000\040\126\340\236\222\236\237\117\017\166\175\231\226\123\314\146\037}{chapter*.31}% 61
\BOOKMARK [0][]{chapter*.32}{\376\377\173\054\116\011\123\101\116\000\126\336\000\040\144\225\142\107\133\120\117\134\123\103\221\321\116\000\173\021\000\040\126\340\236\222\236\237\117\017\166\175\231\226\123\314\146\037}{}% 62
\BOOKMARK [1][-]{chapter32.1}{\376\377\173\054\116\011\123\101\116\214\126\336\000\040\213\311\200\272\201\121\137\303\217\367\155\073\133\235\163\211\000\040\124\053\200\073\217\261\140\305\160\310\153\173\221\321\224\217}{chapter*.32}% 63
\BOOKMARK [0][]{chapter*.33}{\376\377\173\054\116\011\123\101\116\214\126\336\000\040\213\311\200\272\201\121\137\303\217\367\155\073\133\235\163\211\000\040\124\053\200\073\217\261\140\305\160\310\153\173\221\321\224\217}{}% 64
\BOOKMARK [1][-]{chapter33.1}{\376\377\173\054\116\011\123\101\116\011\126\336\000\040\142\113\215\263\200\075\200\075\134\017\122\250\125\007\202\014\000\040\116\015\200\226\171\315\171\315\131\047\123\327\173\036\143\036}{chapter*.33}% 65
\BOOKMARK [0][]{chapter*.34}{\376\377\173\054\116\011\123\101\116\011\126\336\000\040\142\113\215\263\200\075\200\075\134\017\122\250\125\007\202\014\000\040\116\015\200\226\171\315\171\315\131\047\123\327\173\036\143\036}{}% 66
\BOOKMARK [1][-]{chapter34.1}{\376\377\173\054\116\011\123\101\126\333\126\336\000\040\140\305\116\055\140\305\126\340\140\305\141\037\131\271\131\271\000\040\225\031\221\314\225\031\116\345\225\031\122\235\124\345\124\345}{chapter*.34}% 67
\BOOKMARK [0][]{chapter*.35}{\376\377\173\054\116\011\123\101\126\333\126\336\000\040\140\305\116\055\140\305\126\340\140\305\141\037\131\271\131\271\000\040\225\031\221\314\225\031\116\345\225\031\122\235\124\345\124\345}{}% 68
\BOOKMARK [1][-]{chapter35.1}{\376\377\173\054\116\011\123\101\116\224\126\336\000\040\166\175\163\211\224\217\116\262\134\035\203\262\123\366\177\271\000\040\236\304\221\321\203\272\135\347\176\323\150\205\202\261\176\334}{chapter*.35}% 69
\BOOKMARK [0][]{chapter*.36}{\376\377\173\054\116\011\123\101\116\224\126\336\000\040\166\175\163\211\224\217\116\262\134\035\203\262\123\366\177\271\000\040\236\304\221\321\203\272\135\347\176\323\150\205\202\261\176\334}{}% 70
\BOOKMARK [1][-]{chapter36.1}{\376\377\173\054\116\011\123\101\121\155\126\336\000\040\176\343\236\063\236\057\150\246\121\106\176\333\202\270\217\151\000\040\213\306\122\006\133\232\140\305\140\237\150\250\231\231\226\142}{chapter*.36}% 71
\BOOKMARK [0][]{chapter*.37}{\376\377\173\054\116\011\123\101\121\155\126\336\000\040\176\343\236\063\236\057\150\246\121\106\176\333\202\270\217\151\000\040\213\306\122\006\133\232\140\305\140\237\150\250\231\231\226\142}{}% 72
\BOOKMARK [1][-]{chapter37.1}{\376\377\173\054\116\011\123\101\116\003\126\336\000\040\171\313\162\075\145\213\120\166\176\323\155\167\150\340\171\076\000\040\206\005\202\234\226\142\131\034\142\337\203\312\202\261\230\230}{chapter*.37}% 73
\BOOKMARK [0][]{chapter*.38}{\376\377\173\054\116\011\123\101\116\003\126\336\000\040\171\313\162\075\145\213\120\166\176\323\155\167\150\340\171\076\000\040\206\005\202\234\226\142\131\034\142\337\203\312\202\261\230\230}{}% 74
\BOOKMARK [1][-]{chapter38.1}{\376\377\173\054\116\011\123\101\121\153\126\336\000\040\147\227\157\107\156\130\233\101\131\072\203\312\202\261\213\327\000\040\205\233\206\005\202\234\213\275\124\214\207\203\207\371\124\217}{chapter*.38}% 75
\BOOKMARK [0][]{chapter*.39}{\376\377\173\054\116\011\123\101\121\153\126\336\000\040\147\227\157\107\156\130\233\101\131\072\203\312\202\261\213\327\000\040\205\233\206\005\202\234\213\275\124\214\207\203\207\371\124\217}{}% 76
\BOOKMARK [1][-]{chapter39.1}{\376\377\173\054\116\011\123\101\116\135\126\336\000\040\147\121\200\001\200\001\146\057\117\341\123\343\137\000\154\263\000\040\140\305\124\345\124\345\120\117\133\373\150\071\172\166\136\225}{chapter*.39}% 77
\BOOKMARK [0][]{chapter*.40}{\376\377\173\054\116\011\123\101\116\135\126\336\000\040\147\121\200\001\200\001\146\057\117\341\123\343\137\000\154\263\000\040\140\305\124\345\124\345\120\117\133\373\150\071\172\166\136\225}{}% 78
\BOOKMARK [1][-]{chapter40.1}{\376\377\173\054\126\333\123\101\126\336\000\040\123\362\131\052\124\033\116\044\133\264\131\047\211\302\126\355\000\040\221\321\236\063\236\057\116\011\133\243\162\131\162\114\116\344}{chapter*.40}% 79
\BOOKMARK [0][]{chapter*.41}{\376\377\173\054\126\333\123\101\126\336\000\040\123\362\131\052\124\033\116\044\133\264\131\047\211\302\126\355\000\040\221\321\236\063\236\057\116\011\133\243\162\131\162\114\116\344}{}% 80
\BOOKMARK [1][-]{chapter41.1}{\376\377\173\054\126\333\123\101\116\000\126\336\000\040\133\235\124\345\124\345\124\301\203\066\150\012\177\340\136\265\000\040\122\030\200\001\200\001\221\211\123\147\140\041\176\242\226\142}{chapter*.41}% 81
\BOOKMARK [0][]{chapter*.42}{\376\377\173\054\126\333\123\101\116\000\126\336\000\040\133\235\124\345\124\345\124\301\203\066\150\012\177\340\136\265\000\040\122\030\200\001\200\001\221\211\123\147\140\041\176\242\226\142}{}% 82
\BOOKMARK [1][-]{chapter42.1}{\376\377\173\054\126\333\123\101\116\214\126\336\000\040\206\005\202\234\124\033\121\160\212\000\211\343\165\221\166\126\000\040\157\107\156\130\133\120\226\305\214\021\210\145\117\131\227\363}{chapter*.42}% 83
\BOOKMARK [0][]{chapter*.43}{\376\377\173\054\126\333\123\101\116\214\126\336\000\040\206\005\202\234\124\033\121\160\212\000\211\343\165\221\166\126\000\040\157\107\156\130\133\120\226\305\214\021\210\145\117\131\227\363}{}% 84
\BOOKMARK [1][-]{chapter43.1}{\376\377\173\054\126\333\123\101\116\011\126\336\000\040\225\362\123\326\116\120\120\166\145\022\221\321\136\206\133\377\000\040\116\015\116\206\140\305\146\202\144\256\127\037\116\072\231\231}{chapter*.43}% 85
\BOOKMARK [0][]{chapter*.44}{\376\377\173\054\126\333\123\101\116\011\126\336\000\040\225\362\123\326\116\120\120\166\145\022\221\321\136\206\133\377\000\040\116\015\116\206\140\305\146\202\144\256\127\037\116\072\231\231}{}% 86
\BOOKMARK [1][-]{chapter44.1}{\376\377\173\054\126\333\123\101\126\333\126\336\000\040\123\330\165\037\116\015\155\113\121\344\131\320\154\374\221\213\000\040\125\234\121\372\147\033\131\026\136\163\121\077\164\006\131\206}{chapter*.44}% 87
\BOOKMARK [0][]{chapter*.45}{\376\377\173\054\126\333\123\101\126\333\126\336\000\040\123\330\165\037\116\015\155\113\121\344\131\320\154\374\221\213\000\040\125\234\121\372\147\033\131\026\136\163\121\077\164\006\131\206}{}% 88
\BOOKMARK [1][-]{chapter45.1}{\376\377\173\054\126\333\123\101\116\224\126\336\000\040\221\321\121\160\131\121\116\222\122\126\221\321\121\160\213\355\000\040\230\316\226\350\131\025\225\367\122\066\230\316\226\350\213\315}{chapter*.45}% 89
\BOOKMARK [0][]{chapter*.46}{\376\377\173\054\126\333\123\101\116\224\126\336\000\040\221\321\121\160\131\121\116\222\122\126\221\321\121\160\213\355\000\040\230\316\226\350\131\025\225\367\122\066\230\316\226\350\213\315}{}% 90
\BOOKMARK [1][-]{chapter46.1}{\376\377\173\054\126\333\123\101\121\155\126\336\000\040\134\064\134\054\116\272\226\276\121\115\134\064\134\054\116\213\000\040\236\063\236\057\131\163\212\223\176\335\236\063\236\057\120\166}{chapter*.46}% 91
\BOOKMARK [0][]{chapter*.47}{\376\377\173\054\126\333\123\101\121\155\126\336\000\040\134\064\134\054\116\272\226\276\121\115\134\064\134\054\116\213\000\040\236\063\236\057\131\163\212\223\176\335\236\063\236\057\120\166}{}% 92
\BOOKMARK [1][-]{chapter47.1}{\376\377\173\054\126\333\123\101\116\003\126\336\000\040\124\106\227\070\163\213\214\003\140\305\220\155\202\346\142\123\000\040\121\267\220\316\124\033\140\347\171\170\215\160\116\326\116\141}{chapter*.47}% 93
\BOOKMARK [0][]{chapter*.48}{\376\377\173\054\126\333\123\101\116\003\126\336\000\040\124\106\227\070\163\213\214\003\140\305\220\155\202\346\142\123\000\040\121\267\220\316\124\033\140\347\171\170\215\160\116\326\116\141}{}% 94
\BOOKMARK [1][-]{chapter48.1}{\376\377\173\054\126\333\123\101\121\153\126\336\000\040\156\345\140\305\116\272\140\305\213\357\140\035\156\070\202\172\000\040\141\125\226\305\131\163\226\305\226\306\202\346\124\037\213\327}{chapter*.48}% 95
\BOOKMARK [0][]{chapter*.49}{\376\377\173\054\126\333\123\101\121\153\126\336\000\040\156\345\140\305\116\272\140\305\213\357\140\035\156\070\202\172\000\040\141\125\226\305\131\163\226\305\226\306\202\346\124\037\213\327}{}% 96
\BOOKMARK [1][-]{chapter49.1}{\376\377\173\054\126\333\123\101\116\135\126\336\000\040\164\011\164\203\116\026\165\114\166\175\226\352\176\242\150\205\000\040\201\002\174\211\231\231\132\003\122\162\201\145\125\126\201\273}{chapter*.49}% 97
\BOOKMARK [0][]{chapter*.50}{\376\377\173\054\126\333\123\101\116\135\126\336\000\040\164\011\164\203\116\026\165\114\166\175\226\352\176\242\150\205\000\040\201\002\174\211\231\231\132\003\122\162\201\145\125\126\201\273}{}% 98
\BOOKMARK [1][-]{chapter50.1}{\376\377\173\054\116\224\123\101\126\336\000\040\202\246\226\352\136\265\116\211\200\124\123\163\146\157\213\327\000\040\146\226\231\231\127\136\226\305\122\066\146\045\160\157\214\034}{chapter*.50}% 99
\BOOKMARK [0][]{chapter*.51}{\376\377\173\054\116\224\123\101\126\336\000\040\202\246\226\352\136\265\116\211\200\124\123\163\146\157\213\327\000\040\146\226\231\231\127\136\226\305\122\066\146\045\160\157\214\034}{}% 100
\BOOKMARK [1][-]{chapter51.1}{\376\377\173\054\116\224\123\101\116\000\126\336\000\040\205\233\134\017\131\271\145\260\177\026\140\000\123\344\213\327\000\040\200\341\136\270\123\073\116\161\165\050\206\116\162\374\203\157}{chapter*.51}% 101
\BOOKMARK [0][]{chapter*.52}{\376\377\173\054\116\224\123\101\116\000\126\336\000\040\205\233\134\017\131\271\145\260\177\026\140\000\123\344\213\327\000\040\200\341\136\270\123\073\116\161\165\050\206\116\162\374\203\157}{}% 102
\BOOKMARK [1][-]{chapter52.1}{\376\377\173\054\116\224\123\101\116\214\126\336\000\040\117\317\136\163\121\077\140\305\143\251\206\176\230\173\225\157\000\040\122\307\146\164\226\357\165\305\210\145\226\300\221\321\210\330}{chapter*.52}% 103
\BOOKMARK [0][]{chapter*.53}{\376\377\173\054\116\224\123\101\116\214\126\336\000\040\117\317\136\163\121\077\140\305\143\251\206\176\230\173\225\157\000\040\122\307\146\164\226\357\165\305\210\145\226\300\221\321\210\330}{}% 104
\BOOKMARK [1][-]{chapter53.1}{\376\377\173\054\116\224\123\101\116\011\126\336\000\040\133\201\126\375\136\234\226\144\131\025\171\155\133\227\171\140\000\040\203\143\126\375\136\234\121\103\133\265\137\000\131\034\133\264}{chapter*.53}% 105
\BOOKMARK [0][]{chapter*.54}{\376\377\173\054\116\224\123\101\116\011\126\336\000\040\133\201\126\375\136\234\226\144\131\025\171\155\133\227\171\140\000\040\203\143\126\375\136\234\121\103\133\265\137\000\131\034\133\264}{}% 106
\BOOKMARK [1][-]{chapter54.1}{\376\377\173\054\116\224\123\101\126\333\126\336\000\040\123\362\131\052\124\033\170\064\226\110\201\120\145\347\131\127\000\040\163\213\161\231\121\344\145\110\142\017\137\151\145\221\210\143}{chapter*.54}% 107
\BOOKMARK [0][]{chapter*.55}{\376\377\173\054\116\224\123\101\126\333\126\336\000\040\123\362\131\052\124\033\170\064\226\110\201\120\145\347\131\127\000\040\163\213\161\231\121\344\145\110\142\017\137\151\145\221\210\143}{}% 108
\BOOKMARK [1][-]{chapter55.1}{\376\377\173\054\116\224\123\101\116\224\126\336\000\040\217\261\116\262\131\163\141\032\131\276\116\211\225\362\154\024\000\040\153\072\136\174\116\073\122\001\131\164\204\304\226\151\137\303}{chapter*.55}% 109
\BOOKMARK [0][]{chapter*.56}{\376\377\173\054\116\224\123\101\116\224\126\336\000\040\217\261\116\262\131\163\141\032\131\276\116\211\225\362\154\024\000\040\153\072\136\174\116\073\122\001\131\164\204\304\226\151\137\303}{}% 110
\BOOKMARK [1][-]{chapter56.1}{\376\377\173\054\116\224\123\101\121\155\126\336\000\040\145\117\143\242\146\045\121\164\122\051\226\144\133\277\137\012\000\040\215\044\133\235\224\227\134\017\140\340\121\150\131\047\117\123}{chapter*.56}% 111
\BOOKMARK [0][]{chapter*.57}{\376\377\173\054\116\224\123\101\121\155\126\336\000\040\145\117\143\242\146\045\121\164\122\051\226\144\133\277\137\012\000\040\215\044\133\235\224\227\134\017\140\340\121\150\131\047\117\123}{}% 112
\BOOKMARK [1][-]{chapter57.1}{\376\377\173\054\116\224\123\101\116\003\126\336\000\040\141\147\175\053\236\103\140\305\217\236\213\325\203\275\163\211\000\040\141\110\131\350\131\210\162\061\213\355\141\160\165\364\230\246}{chapter*.57}% 113
\BOOKMARK [0][]{chapter*.58}{\376\377\173\054\116\224\123\101\116\003\126\336\000\040\141\147\175\053\236\103\140\305\217\236\213\325\203\275\163\211\000\040\141\110\131\350\131\210\162\061\213\355\141\160\165\364\230\246}{}% 114
\BOOKMARK [1][-]{chapter58.1}{\376\377\173\054\116\224\123\101\121\153\126\336\000\040\147\117\133\120\226\064\120\107\121\344\154\343\206\132\121\360\000\040\203\034\176\261\172\227\167\037\140\305\143\306\165\364\164\006}{chapter*.58}% 115
\BOOKMARK [0][]{chapter*.59}{\376\377\173\054\116\224\123\101\121\153\126\336\000\040\147\117\133\120\226\064\120\107\121\344\154\343\206\132\121\360\000\040\203\034\176\261\172\227\167\037\140\305\143\306\165\364\164\006}{}% 116
\BOOKMARK [1][-]{chapter59.1}{\376\377\173\054\116\224\123\101\116\135\126\336\000\040\147\363\123\366\156\032\217\271\125\324\203\272\123\361\161\325\000\040\176\333\202\270\217\151\221\314\123\354\134\006\230\336\173\046}{chapter*.59}% 117
\BOOKMARK [0][]{chapter*.60}{\376\377\173\054\116\224\123\101\116\135\126\336\000\040\147\363\123\366\156\032\217\271\125\324\203\272\123\361\161\325\000\040\176\333\202\270\217\151\221\314\123\354\134\006\230\336\173\046}{}% 118
\BOOKMARK [1][-]{chapter60.1}{\376\377\173\054\121\155\123\101\126\336\000\040\203\011\203\211\174\211\146\377\123\273\205\067\205\207\170\135\000\040\163\253\164\160\227\062\137\025\121\372\203\057\202\323\227\034}{chapter*.60}% 119
\BOOKMARK [0][]{chapter*.61}{\376\377\173\054\121\155\123\101\126\336\000\040\203\011\203\211\174\211\146\377\123\273\205\067\205\207\170\135\000\040\163\253\164\160\227\062\137\025\121\372\203\057\202\323\227\034}{}% 120
\BOOKMARK [1][-]{chapter61.1}{\376\377\173\054\121\155\123\101\116\000\126\336\000\040\142\225\237\040\137\314\126\150\133\235\163\211\167\222\215\103\000\040\122\044\121\244\121\263\162\361\136\163\121\077\210\114\147\103}{chapter*.61}% 121
\BOOKMARK [0][]{chapter*.62}{\376\377\173\054\121\155\123\101\116\000\126\336\000\040\142\225\237\040\137\314\126\150\133\235\163\211\167\222\215\103\000\040\122\044\121\244\121\263\162\361\136\163\121\077\210\114\147\103}{}% 122
\BOOKMARK [1][-]{chapter62.1}{\376\377\173\054\121\155\123\101\116\214\126\336\000\040\141\250\156\130\116\221\221\211\167\040\202\215\203\157\000\040\124\106\231\231\203\361\140\305\211\343\167\363\151\264\210\331}{chapter*.62}% 123
\BOOKMARK [0][]{chapter*.63}{\376\377\173\054\121\155\123\101\116\214\126\336\000\040\141\250\156\130\116\221\221\211\167\040\202\215\203\157\000\040\124\106\231\231\203\361\140\305\211\343\167\363\151\264\210\331}{}% 124
\BOOKMARK [1][-]{chapter63.1}{\376\377\173\054\121\155\123\101\116\011\126\336\000\040\133\377\140\041\176\242\177\244\202\263\137\000\131\034\133\264\000\040\153\173\221\321\116\071\162\354\202\163\164\006\116\262\116\047}{chapter*.63}% 125
\BOOKMARK [0][]{chapter*.64}{\376\377\173\054\121\155\123\101\116\011\126\336\000\040\133\377\140\041\176\242\177\244\202\263\137\000\131\034\133\264\000\040\153\173\221\321\116\071\162\354\202\163\164\006\116\262\116\047}{}% 126
\BOOKMARK [1][-]{chapter64.1}{\376\377\173\054\121\155\123\101\126\333\126\336\000\040\136\175\155\321\131\163\140\262\230\230\116\224\177\216\124\037\000\040\155\152\203\141\133\120\140\305\220\127\116\135\237\231\163\356}{chapter*.64}% 127
\BOOKMARK [0][]{chapter*.65}{\376\377\173\054\121\155\123\101\126\333\126\336\000\040\136\175\155\321\131\163\140\262\230\230\116\224\177\216\124\037\000\040\155\152\203\141\133\120\140\305\220\127\116\135\237\231\163\356}{}% 128
\BOOKMARK [1][-]{chapter65.1}{\376\377\173\054\121\155\123\101\116\224\126\336\000\040\215\076\116\214\202\015\120\167\132\066\134\044\116\214\131\350\000\040\134\044\116\011\131\320\140\035\132\301\147\363\116\214\220\316}{chapter*.65}% 129
\BOOKMARK [0][]{chapter*.66}{\376\377\173\054\121\155\123\101\116\224\126\336\000\040\215\076\116\214\202\015\120\167\132\066\134\044\116\214\131\350\000\040\134\044\116\011\131\320\140\035\132\301\147\363\116\214\220\316}{}% 130
\BOOKMARK [1][-]{chapter66.1}{\376\377\173\054\121\155\123\101\121\155\126\336\000\040\140\305\134\017\131\271\200\073\140\305\137\122\127\060\136\234\000\040\121\267\116\214\220\316\137\303\121\267\121\145\172\172\225\350}{chapter*.66}% 131
\BOOKMARK [0][]{chapter*.67}{\376\377\173\054\121\155\123\101\121\155\126\336\000\040\140\305\134\017\131\271\200\073\140\305\137\122\127\060\136\234\000\040\121\267\116\214\220\316\137\303\121\267\121\145\172\172\225\350}{}% 132
\BOOKMARK [1][-]{chapter67.1}{\376\377\173\054\121\155\123\101\116\003\126\336\000\040\211\301\127\037\116\352\230\246\123\177\140\035\145\105\221\314\000\040\225\373\171\330\116\213\121\344\131\320\213\257\133\266\172\345}{chapter*.67}% 133
\BOOKMARK [0][]{chapter*.68}{\376\377\173\054\121\155\123\101\116\003\126\336\000\040\211\301\127\037\116\352\230\246\123\177\140\035\145\105\221\314\000\040\225\373\171\330\116\213\121\344\131\320\213\257\133\266\172\345}{}% 134
\BOOKMARK [1][-]{chapter68.1}{\376\377\173\054\121\155\123\101\121\153\126\336\000\040\202\346\134\044\132\030\215\132\121\145\131\047\211\302\126\355\000\040\221\170\121\344\131\320\131\047\225\371\133\201\126\375\136\234}{chapter*.68}% 135
\BOOKMARK [0][]{chapter*.69}{\376\377\173\054\121\155\123\101\121\153\126\336\000\040\202\346\134\044\132\030\215\132\121\145\131\047\211\302\126\355\000\040\221\170\121\344\131\320\131\047\225\371\133\201\126\375\136\234}{}% 136
\BOOKMARK [1][-]{chapter69.1}{\376\377\173\054\121\155\123\101\116\135\126\336\000\040\137\004\134\017\135\347\165\050\120\037\122\121\147\100\116\272\000\040\211\311\131\047\226\120\124\036\165\037\221\321\201\352\220\035}{chapter*.69}% 137
\BOOKMARK [0][]{chapter*.70}{\376\377\173\054\121\155\123\101\116\135\126\336\000\040\137\004\134\017\135\347\165\050\120\037\122\121\147\100\116\272\000\040\211\311\131\047\226\120\124\036\165\037\221\321\201\352\220\035}{}% 138
\BOOKMARK [1][-]{chapter70.1}{\376\377\173\054\116\003\123\101\126\336\000\040\147\227\236\333\163\211\221\315\136\372\150\103\202\261\171\076\000\040\123\362\156\130\116\221\120\166\130\153\147\363\175\156\213\315}{chapter*.70}% 139
\BOOKMARK [0][]{chapter*.71}{\376\377\173\054\116\003\123\101\126\336\000\040\147\227\236\333\163\211\221\315\136\372\150\103\202\261\171\076\000\040\123\362\156\130\116\221\120\166\130\153\147\363\175\156\213\315}{}% 140
\BOOKMARK [1][-]{chapter71.1}{\376\377\173\054\116\003\123\101\116\000\126\336\000\040\132\314\226\231\116\272\147\011\137\303\165\037\132\314\226\231\000\040\236\063\236\057\131\163\145\340\141\017\220\107\236\063\236\057}{chapter*.71}% 141
\BOOKMARK [0][]{chapter*.72}{\376\377\173\054\116\003\123\101\116\000\126\336\000\040\132\314\226\231\116\272\147\011\137\303\165\037\132\314\226\231\000\040\236\063\236\057\131\163\145\340\141\017\220\107\236\063\236\057}{}% 142
\BOOKMARK [1][-]{chapter72.1}{\376\377\173\054\116\003\123\101\116\214\126\336\000\040\163\213\161\231\121\344\140\103\137\072\177\236\213\364\165\305\000\040\147\145\145\372\131\207\120\032\122\277\227\070\142\020\116\262}{chapter*.72}% 143
\BOOKMARK [0][]{chapter*.73}{\376\377\173\054\116\003\123\101\116\214\126\336\000\040\163\213\161\231\121\344\140\103\137\072\177\236\213\364\165\305\000\040\147\145\145\372\131\207\120\032\122\277\227\070\142\020\116\262}{}% 144
\BOOKMARK [1][-]{chapter73.1}{\376\377\173\054\116\003\123\101\116\011\126\336\000\040\165\364\116\053\131\064\213\357\142\376\176\343\146\045\126\312\000\040\141\346\134\017\131\320\116\015\225\356\175\057\221\321\121\344}{chapter*.73}% 145
\BOOKMARK [0][]{chapter*.74}{\376\377\173\054\116\003\123\101\116\011\126\336\000\040\165\364\116\053\131\064\213\357\142\376\176\343\146\045\126\312\000\040\141\346\134\017\131\320\116\015\225\356\175\057\221\321\121\344}{}% 146
\BOOKMARK [1][-]{chapter74.1}{\376\377\173\054\116\003\123\101\126\333\126\336\000\040\140\321\131\170\214\027\142\204\150\300\131\047\211\302\126\355\000\040\220\177\132\314\226\231\147\134\176\335\133\201\126\375\136\234}{chapter*.74}% 147
\BOOKMARK [0][]{chapter*.75}{\376\377\173\054\116\003\123\101\126\333\126\336\000\040\140\321\131\170\214\027\142\204\150\300\131\047\211\302\126\355\000\040\220\177\132\314\226\231\147\134\176\335\133\201\126\375\136\234}{}% 148
\BOOKMARK [1][-]{chapter75.1}{\376\377\173\054\116\003\123\101\116\224\126\336\000\040\137\000\131\034\133\264\137\002\121\106\123\321\140\262\227\363\000\040\215\117\116\055\171\313\145\260\213\315\137\227\117\163\214\066}{chapter*.75}% 149
\BOOKMARK [0][]{chapter*.76}{\376\377\173\054\116\003\123\101\116\224\126\336\000\040\137\000\131\034\133\264\137\002\121\106\123\321\140\262\227\363\000\040\215\117\116\055\171\313\145\260\213\315\137\227\117\163\214\066}{}% 150
\BOOKMARK [1][-]{chapter76.1}{\376\377\173\054\116\003\123\101\121\155\126\336\000\040\121\370\170\247\130\002\124\301\173\033\141\037\121\304\156\005\000\040\121\371\146\166\231\206\200\124\213\327\140\262\133\302\133\336}{chapter*.76}% 151
\BOOKMARK [0][]{chapter*.77}{\376\377\173\054\116\003\123\101\121\155\126\336\000\040\121\370\170\247\130\002\124\301\173\033\141\037\121\304\156\005\000\040\121\371\146\166\231\206\200\124\213\327\140\262\133\302\133\336}{}% 152
\BOOKMARK [1][-]{chapter77.1}{\376\377\173\054\116\003\123\101\116\003\126\336\000\040\117\317\116\053\233\037\142\261\134\110\131\055\230\316\155\101\000\040\177\216\117\030\117\066\145\251\140\305\137\122\154\064\147\010}{chapter*.77}% 153
\BOOKMARK [0][]{chapter*.78}{\376\377\173\054\116\003\123\101\116\003\126\336\000\040\117\317\116\053\233\037\142\261\134\110\131\055\230\316\155\101\000\040\177\216\117\030\117\066\145\251\140\305\137\122\154\064\147\010}{}% 154
\BOOKMARK [1][-]{chapter78.1}{\376\377\173\054\116\003\123\101\121\153\126\336\000\040\200\001\133\146\130\353\225\362\137\201\131\375\132\163\213\315\000\040\165\364\121\154\133\120\147\134\144\260\202\231\204\311\213\324}{chapter*.78}% 155
\BOOKMARK [0][]{chapter*.79}{\376\377\173\054\116\003\123\101\121\153\126\336\000\040\200\001\133\146\130\353\225\362\137\201\131\375\132\163\213\315\000\040\165\364\121\154\133\120\147\134\144\260\202\231\204\311\213\324}{}% 156
\BOOKMARK [1][-]{chapter79.1}{\376\377\173\054\116\003\123\101\116\135\126\336\000\040\205\233\145\207\215\167\140\224\132\066\154\263\116\034\124\074\000\040\215\076\217\316\146\045\213\357\132\301\116\055\134\161\162\374}{chapter*.79}% 157
\BOOKMARK [0][]{chapter*.80}{\376\377\173\054\116\003\123\101\116\135\126\336\000\040\205\233\145\207\215\167\140\224\132\066\154\263\116\034\124\074\000\040\215\076\217\316\146\045\213\357\132\301\116\055\134\161\162\374}{}% 158
\BOOKMARK [1][-]{chapter80.1}{\376\377\173\054\121\153\123\101\126\336\000\040\177\216\231\231\203\361\134\110\123\327\215\052\131\053\150\322\000\040\163\213\220\123\130\353\200\341\213\314\131\222\131\207\145\271}{chapter*.80}% 159
\BOOKMARK [0][]{chapter*.81}{\376\377\173\054\121\153\123\101\126\336\000\040\177\216\231\231\203\361\134\110\123\327\215\052\131\053\150\322\000\040\163\213\220\123\130\353\200\341\213\314\131\222\131\207\145\271}{}% 160
\BOOKMARK [1][-]{chapter81.1}{\376\377\173\054\121\153\123\101\116\000\126\336\000\040\123\140\145\372\166\370\126\333\177\216\224\223\156\070\234\174\000\040\131\111\116\045\213\315\116\044\165\152\121\145\133\266\130\176}{chapter*.81}% 161
\BOOKMARK [0][]{chapter*.82}{\376\377\173\054\121\153\123\101\116\000\126\336\000\040\123\140\145\372\166\370\126\333\177\216\224\223\156\070\234\174\000\040\131\111\116\045\213\315\116\044\165\152\121\145\133\266\130\176}{}% 162
\BOOKMARK [1][-]{chapter82.1}{\376\377\173\054\121\153\123\101\116\214\126\336\000\040\200\001\133\146\172\166\213\262\116\111\213\146\230\175\137\303\000\040\165\305\157\107\156\130\165\364\233\102\140\312\140\166\150\246}{chapter*.82}% 163
\BOOKMARK [0][]{chapter*.83}{\376\377\173\054\121\153\123\101\116\214\126\336\000\040\200\001\133\146\172\166\213\262\116\111\213\146\230\175\137\303\000\040\165\305\157\107\156\130\165\364\233\102\140\312\140\166\150\246}{}% 164
\BOOKMARK [1][-]{chapter83.1}{\376\377\173\054\121\153\123\101\116\011\126\336\000\040\167\001\133\253\225\361\215\076\121\103\131\203\147\323\140\131\000\040\225\371\225\372\226\003\205\233\133\235\224\227\124\036\130\360}{chapter*.83}% 165
\BOOKMARK [0][]{chapter*.84}{\376\377\173\054\121\153\123\101\116\011\126\336\000\040\167\001\133\253\225\361\215\076\121\103\131\203\147\323\140\131\000\040\225\371\225\372\226\003\205\233\133\235\224\227\124\036\130\360}{}% 166
\BOOKMARK [1][-]{chapter84.1}{\376\377\173\054\121\153\123\101\126\333\126\336\000\040\213\325\145\207\133\127\133\235\163\211\131\313\143\320\116\262\000\040\143\242\140\312\230\316\215\076\163\257\221\315\176\323\140\050}{chapter*.84}% 167
\BOOKMARK [0][]{chapter*.85}{\376\377\173\054\121\153\123\101\126\333\126\336\000\040\213\325\145\207\133\127\133\235\163\211\131\313\143\320\116\262\000\040\143\242\140\312\230\316\215\076\163\257\221\315\176\323\140\050}{}% 168
\BOOKMARK [1][-]{chapter85.1}{\376\377\173\054\121\153\123\101\116\224\126\336\000\040\215\076\133\130\124\150\142\245\123\107\220\316\116\055\116\373\000\040\205\233\145\207\215\167\131\015\140\371\145\076\155\101\122\021}{chapter*.85}% 169
\BOOKMARK [0][]{chapter*.86}{\376\377\173\054\121\153\123\101\116\224\126\336\000\040\215\076\133\130\124\150\142\245\123\107\220\316\116\055\116\373\000\040\205\233\145\207\215\167\131\015\140\371\145\076\155\101\122\021}{}% 170
\BOOKMARK [1][-]{chapter86.1}{\376\377\173\054\121\153\123\101\121\155\126\336\000\040\123\327\171\301\215\077\200\001\133\230\177\373\150\110\162\115\000\040\133\304\225\362\140\305\155\321\131\163\211\343\164\064\116\146}{chapter*.86}% 171
\BOOKMARK [0][]{chapter*.87}{\376\377\173\054\121\153\123\101\121\155\126\336\000\040\123\327\171\301\215\077\200\001\133\230\177\373\150\110\162\115\000\040\133\304\225\362\140\305\155\321\131\163\211\343\164\064\116\146}{}% 172
\BOOKMARK [1][-]{chapter87.1}{\376\377\173\054\121\153\123\101\116\003\126\336\000\040\141\037\171\313\130\360\142\232\164\064\140\262\137\200\116\213\000\040\127\120\171\205\133\302\215\160\160\153\121\145\220\252\233\124}{chapter*.87}% 173
\BOOKMARK [0][]{chapter*.88}{\376\377\173\054\121\153\123\101\116\003\126\336\000\040\141\037\171\313\130\360\142\232\164\064\140\262\137\200\116\213\000\040\127\120\171\205\133\302\215\160\160\153\121\145\220\252\233\124}{}% 174
\BOOKMARK [1][-]{chapter88.1}{\376\377\173\054\121\153\123\101\121\153\126\336\000\040\123\132\136\255\153\042\133\235\163\211\215\136\133\144\121\077\000\040\153\143\133\266\154\325\215\076\163\315\227\255\140\215\116\306}{chapter*.88}% 175
\BOOKMARK [0][]{chapter*.89}{\376\377\173\054\121\153\123\101\121\153\126\336\000\040\123\132\136\255\153\042\133\235\163\211\215\136\133\144\121\077\000\040\153\143\133\266\154\325\215\076\163\315\227\255\140\215\116\306}{}% 176
\BOOKMARK [1][-]{chapter89.1}{\376\377\173\054\121\153\123\101\116\135\126\336\000\040\116\272\116\241\162\151\127\050\121\154\133\120\130\153\213\315\000\040\206\307\137\161\147\157\137\023\230\246\123\177\176\335\174\222}{chapter*.89}% 177
\BOOKMARK [0][]{chapter*.90}{\376\377\173\054\121\153\123\101\116\135\126\336\000\040\116\272\116\241\162\151\127\050\121\154\133\120\130\153\213\315\000\040\206\307\137\161\147\157\137\023\230\246\123\177\176\335\174\222}{}% 178
\BOOKMARK [1][-]{chapter90.1}{\376\377\173\054\116\135\123\101\126\336\000\040\131\061\176\365\210\143\215\053\131\163\200\020\125\367\126\010\000\040\220\001\147\234\124\301\134\017\220\316\140\312\123\365\155\113}{chapter*.90}% 179
\BOOKMARK [0][]{chapter*.91}{\376\377\173\054\116\135\123\101\126\336\000\040\131\061\176\365\210\143\215\053\131\163\200\020\125\367\126\010\000\040\220\001\147\234\124\301\134\017\220\316\140\312\123\365\155\113}{}% 180
\BOOKMARK [1][-]{chapter91.1}{\376\377\173\054\116\135\123\101\116\000\126\336\000\040\176\265\155\353\137\303\133\235\207\376\135\345\213\276\213\241\000\040\136\003\165\221\226\065\133\235\163\211\131\204\214\010\171\205}{chapter*.91}% 181
\BOOKMARK [0][]{chapter*.92}{\376\377\173\054\116\135\123\101\116\000\126\336\000\040\176\265\155\353\137\303\133\235\207\376\135\345\213\276\213\241\000\040\136\003\165\221\226\065\133\235\163\211\131\204\214\010\171\205}{}% 182
\BOOKMARK [1][-]{chapter92.1}{\376\377\173\054\116\135\123\101\116\214\126\336\000\040\213\304\131\163\117\040\135\347\131\320\141\125\215\044\202\157\000\040\163\251\153\315\163\340\215\076\145\077\123\302\200\132\145\143}{chapter*.92}% 183
\BOOKMARK [0][]{chapter*.93}{\376\377\173\054\116\135\123\101\116\214\126\336\000\040\213\304\131\163\117\040\135\347\131\320\141\125\215\044\202\157\000\040\163\251\153\315\163\340\215\076\145\077\123\302\200\132\145\143}{}% 184
\BOOKMARK [1][-]{chapter93.1}{\376\377\173\054\116\135\123\101\116\011\126\336\000\040\165\004\133\266\116\306\142\225\227\140\215\076\133\266\225\350\000\040\154\064\147\010\136\265\143\200\177\373\230\316\147\010\150\110}{chapter*.93}% 185
\BOOKMARK [0][]{chapter*.94}{\376\377\173\054\116\135\123\101\116\011\126\336\000\040\165\004\133\266\116\306\142\225\227\140\215\076\133\266\225\350\000\040\154\064\147\010\136\265\143\200\177\373\230\316\147\010\150\110}{}% 186
\BOOKMARK [1][-]{chapter94.1}{\376\377\173\054\116\135\123\101\126\333\126\336\000\040\133\264\155\167\150\340\215\076\153\315\215\117\202\261\131\226\000\040\131\061\133\235\163\211\220\032\160\165\167\345\131\107\171\170}{chapter*.94}% 187
\BOOKMARK [0][]{chapter*.95}{\376\377\173\054\116\135\123\101\126\333\126\336\000\040\133\264\155\167\150\340\215\076\153\315\215\117\202\261\131\226\000\040\131\061\133\235\163\211\220\032\160\165\167\345\131\107\171\170}{}% 188
\BOOKMARK [1][-]{chapter95.1}{\376\377\173\054\116\135\123\101\116\224\126\336\000\040\126\340\213\271\142\020\133\236\121\103\131\203\205\250\220\035\000\040\116\345\120\107\155\367\167\037\133\235\163\211\165\257\166\153}{chapter*.95}% 189
\BOOKMARK [0][]{chapter*.96}{\376\377\173\054\116\135\123\101\116\224\126\336\000\040\126\340\213\271\142\020\133\236\121\103\131\203\205\250\220\035\000\040\116\345\120\107\155\367\167\037\133\235\163\211\165\257\166\153}{}% 190
\BOOKMARK [1][-]{chapter96.1}{\376\377\173\054\116\135\123\101\121\155\126\336\000\040\167\222\155\210\140\157\121\344\131\320\213\276\131\107\214\013\000\040\154\304\147\072\121\163\230\246\121\077\217\367\147\054\140\047}{chapter*.96}% 191
\BOOKMARK [0][]{chapter*.97}{\376\377\173\054\116\135\123\101\121\155\126\336\000\040\167\222\155\210\140\157\121\344\131\320\213\276\131\107\214\013\000\040\154\304\147\072\121\163\230\246\121\077\217\367\147\054\140\047}{}% 192
\BOOKMARK [1][-]{chapter97.1}{\376\377\173\054\116\135\123\101\116\003\126\336\000\040\147\227\236\333\163\211\161\032\172\077\145\255\165\364\140\305\000\040\205\233\133\235\224\227\121\372\225\372\142\020\131\047\171\074}{chapter*.97}% 193
\BOOKMARK [0][]{chapter*.98}{\376\377\173\054\116\135\123\101\116\003\126\336\000\040\147\227\236\333\163\211\161\032\172\077\145\255\165\364\140\305\000\040\205\233\133\235\224\227\121\372\225\372\142\020\131\047\171\074}{}% 194
\BOOKMARK [1][-]{chapter98.1}{\376\377\173\054\116\135\123\101\121\153\126\336\000\040\202\346\176\333\163\340\233\102\137\122\171\273\140\150\131\051\000\040\165\305\171\136\164\133\154\352\155\022\166\370\140\035\127\060}{chapter*.98}% 195
\BOOKMARK [0][]{chapter*.99}{\376\377\173\054\116\135\123\101\121\153\126\336\000\040\202\346\176\333\163\340\233\102\137\122\171\273\140\150\131\051\000\040\165\305\171\136\164\133\154\352\155\022\166\370\140\035\127\060}{}% 196
\BOOKMARK [1][-]{chapter99.1}{\376\377\173\054\116\135\123\101\116\135\126\336\000\040\133\210\133\230\173\264\140\166\131\164\124\014\170\064\117\213\000\040\226\005\220\270\142\245\200\001\202\005\201\352\142\305\140\312}{chapter*.99}% 197
\BOOKMARK [0][]{chapter*.100}{\376\377\173\054\116\135\123\101\116\135\126\336\000\040\133\210\133\230\173\264\140\166\131\164\124\014\170\064\117\213\000\040\226\005\220\270\142\245\200\001\202\005\201\352\142\305\140\312}{}% 198
\BOOKMARK [1][-]{chapter100.1}{\376\377\173\054\116\000\166\176\126\336\000\040\170\064\131\175\116\213\231\231\203\361\176\323\155\361\140\150\000\040\140\262\217\334\132\301\133\235\163\211\141\037\171\273\140\305}{chapter*.100}% 199
\BOOKMARK [0][]{chapter*.101}{\376\377\173\054\116\000\166\176\126\336\000\040\170\064\131\175\116\213\231\231\203\361\176\323\155\361\140\150\000\040\140\262\217\334\132\301\133\235\163\211\141\037\171\273\140\305}{}% 200
\BOOKMARK [1][-]{chapter101.1}{\376\377\173\054\116\000\166\176\116\000\126\336\000\040\131\047\211\302\126\355\147\010\131\034\213\146\136\175\233\102\000\040\145\143\202\261\133\372\171\136\173\176\140\312\137\002\121\106}{chapter*.101}% 201
\BOOKMARK [0][]{chapter*.102}{\376\377\173\054\116\000\166\176\116\000\126\336\000\040\131\047\211\302\126\355\147\010\131\034\213\146\136\175\233\102\000\040\145\143\202\261\133\372\171\136\173\176\140\312\137\002\121\106}{}% 202
\BOOKMARK [1][-]{chapter102.1}{\376\377\173\054\116\000\166\176\116\214\126\336\000\040\133\201\126\375\136\234\232\250\200\211\165\305\160\176\171\162\000\040\131\047\211\302\126\355\173\046\154\064\232\161\131\226\133\175}{chapter*.102}% 203
\BOOKMARK [0][]{chapter*.103}{\376\377\173\054\116\000\166\176\116\214\126\336\000\040\133\201\126\375\136\234\232\250\200\211\165\305\160\176\171\162\000\040\131\047\211\302\126\355\173\046\154\064\232\161\131\226\133\175}{}% 204
\BOOKMARK [1][-]{chapter103.1}{\376\377\173\054\116\000\166\176\116\011\126\336\000\040\145\275\153\322\213\241\221\321\150\102\201\352\161\032\216\253\000\040\146\047\167\037\171\205\226\350\147\121\172\172\220\107\145\347}{chapter*.103}% 205
\BOOKMARK [0][]{chapter*.104}{\376\377\173\054\116\000\166\176\116\011\126\336\000\040\145\275\153\322\213\241\221\321\150\102\201\352\161\032\216\253\000\040\146\047\167\037\171\205\226\350\147\121\172\172\220\107\145\347}{}% 206
\BOOKMARK [1][-]{chapter104.1}{\376\377\173\054\116\000\166\176\126\333\126\336\000\040\221\211\221\321\122\032\134\017\234\305\165\037\131\047\155\152\000\040\165\364\121\154\133\120\117\131\165\333\211\346\122\115\140\305}{chapter*.104}% 207
\BOOKMARK [0][]{chapter*.105}{\376\377\173\054\116\000\166\176\126\333\126\336\000\040\221\211\221\321\122\032\134\017\234\305\165\037\131\047\155\152\000\040\165\364\121\154\133\120\117\131\165\333\211\346\122\115\140\305}{}% 208
\BOOKMARK [1][-]{chapter105.1}{\376\377\173\054\116\000\166\176\116\224\126\336\000\040\225\046\210\143\121\233\147\345\142\204\133\201\126\375\136\234\000\040\232\242\232\154\117\177\137\071\122\276\136\163\133\211\135\336}{chapter*.105}% 209
\BOOKMARK [0][]{chapter*.106}{\376\377\173\054\116\000\166\176\116\224\126\336\000\040\225\046\210\143\121\233\147\345\142\204\133\201\126\375\136\234\000\040\232\242\232\154\117\177\137\071\122\276\136\163\133\211\135\336}{}% 210
\BOOKMARK [1][-]{chapter106.1}{\376\377\173\054\116\000\166\176\121\155\126\336\000\040\163\213\121\344\131\320\201\364\171\170\142\261\177\236\140\355\000\040\215\076\131\052\124\033\171\167\131\051\155\210\171\170\140\243}{chapter*.106}% 211
\BOOKMARK [0][]{chapter*.107}{\376\377\173\054\116\000\166\176\121\155\126\336\000\040\163\213\121\344\131\320\201\364\171\170\142\261\177\236\140\355\000\040\215\076\131\052\124\033\171\167\131\051\155\210\171\170\140\243}{}% 212
\BOOKMARK [1][-]{chapter107.1}{\376\377\173\054\116\000\166\176\116\003\126\336\000\040\145\143\117\131\215\104\215\076\153\315\146\016\131\047\116\111\000\040\131\015\116\026\200\114\145\077\200\001\154\220\131\051\140\151}{chapter*.107}% 213
\BOOKMARK [0][]{chapter*.108}{\376\377\173\054\116\000\166\176\116\003\126\336\000\040\145\143\117\131\215\104\215\076\153\315\146\016\131\047\116\111\000\040\131\015\116\026\200\114\145\077\200\001\154\220\131\051\140\151}{}% 214
\BOOKMARK [1][-]{chapter108.1}{\376\377\173\054\116\000\166\176\121\153\126\336\000\040\137\072\153\042\173\021\206\005\202\234\136\206\165\037\217\260\000\040\153\173\177\040\176\365\157\107\156\130\225\373\233\074\124\355}{chapter*.108}% 215
\BOOKMARK [0][]{chapter*.109}{\376\377\173\054\116\000\166\176\121\153\126\336\000\040\137\072\153\042\173\021\206\005\202\234\136\206\165\037\217\260\000\040\153\173\177\040\176\365\157\107\156\130\225\373\233\074\124\355}{}% 216
\BOOKMARK [1][-]{chapter109.1}{\376\377\173\054\116\000\166\176\116\135\126\336\000\040\120\031\202\263\233\102\116\224\121\077\142\177\225\031\162\061\000\040\217\330\133\175\120\072\217\316\131\163\217\324\167\037\121\103}{chapter*.109}% 217
\BOOKMARK [0][]{chapter*.110}{\376\377\173\054\116\000\166\176\116\135\126\336\000\040\120\031\202\263\233\102\116\224\121\077\142\177\225\031\162\061\000\040\217\330\133\175\120\072\217\316\131\163\217\324\167\037\121\103}{}% 218
\BOOKMARK [1][-]{chapter110.1}{\376\377\173\054\116\000\166\176\123\101\126\336\000\040\123\362\131\052\124\033\133\377\176\310\137\122\127\060\136\234\000\040\163\213\121\344\131\320\122\233\213\316\131\061\116\272\137\303}{chapter*.110}% 219
\BOOKMARK [0][]{chapter*.111}{\376\377\173\054\116\000\166\176\123\101\126\336\000\040\123\362\131\052\124\033\133\377\176\310\137\122\127\060\136\234\000\040\163\213\121\344\131\320\122\233\213\316\131\061\116\272\137\303}{}% 220
\BOOKMARK [1][-]{chapter111.1}{\376\377\173\054\116\000\166\176\123\101\116\000\126\336\000\040\236\063\236\057\131\163\153\211\116\073\166\173\131\052\206\132\000\040\162\327\137\130\131\164\153\072\131\051\142\333\117\031\166\327}{chapter*.111}% 221
\BOOKMARK [0][]{chapter*.112}{\376\377\173\054\116\000\166\176\123\101\116\000\126\336\000\040\236\063\236\057\131\163\153\211\116\073\166\173\131\052\206\132\000\040\162\327\137\130\131\164\153\072\131\051\142\333\117\031\166\327}{}% 222
\BOOKMARK [1][-]{chapter112.1}{\376\377\173\054\116\000\166\176\123\101\116\214\126\336\000\040\155\073\121\244\133\175\131\231\134\074\220\155\131\047\122\253\000\040\153\173\226\340\116\307\215\165\131\276\215\164\121\245\146\371}{chapter*.112}% 223
\BOOKMARK [0][]{chapter*.113}{\376\377\173\054\116\000\166\176\123\101\116\214\126\336\000\040\155\073\121\244\133\175\131\231\134\074\220\155\131\047\122\253\000\040\153\173\226\340\116\307\215\165\131\276\215\164\121\245\146\371}{}% 224
\BOOKMARK [1][-]{chapter113.1}{\376\377\173\054\116\000\166\176\123\101\116\011\126\336\000\040\137\317\133\277\121\244\121\344\131\320\142\130\147\121\131\252\000\040\221\312\145\347\141\276\140\305\132\142\141\037\165\364\220\316}{chapter*.113}% 225
\BOOKMARK [0][]{chapter*.114}{\376\377\173\054\116\000\166\176\123\101\116\011\126\336\000\040\137\317\133\277\121\244\121\344\131\320\142\130\147\121\131\252\000\040\221\312\145\347\141\276\140\305\132\142\141\037\165\364\220\316}{}% 226
\BOOKMARK [1][-]{chapter114.1}{\376\377\173\054\116\000\166\176\123\101\126\333\126\336\000\040\163\213\161\231\121\344\123\206\136\173\217\324\221\321\226\165\000\040\165\004\136\224\126\011\204\231\140\151\217\330\163\211\226\031}{chapter*.114}% 227
\BOOKMARK [0][]{chapter*.115}{\376\377\173\054\116\000\166\176\123\101\126\333\126\336\000\040\163\213\161\231\121\344\123\206\136\173\217\324\221\321\226\165\000\040\165\004\136\224\126\011\204\231\140\151\217\330\163\211\226\031}{}% 228
\BOOKMARK [1][-]{chapter115.1}{\376\377\173\054\116\000\166\176\123\101\116\224\126\336\000\040\140\321\120\117\171\301\140\334\146\045\167\342\175\040\137\327\000\040\213\301\124\014\174\173\133\235\163\211\131\061\166\370\167\345}{chapter*.115}% 229
\BOOKMARK [0][]{chapter*.116}{\376\377\173\054\116\000\166\176\123\101\116\224\126\336\000\040\140\321\120\117\171\301\140\334\146\045\167\342\175\040\137\327\000\040\213\301\124\014\174\173\133\235\163\211\131\061\166\370\167\345}{}% 230
\BOOKMARK [1][-]{chapter116.1}{\376\377\173\054\116\000\166\176\123\101\121\155\126\336\000\040\137\227\220\032\160\165\136\173\130\203\140\237\116\331\177\030\000\040\220\001\141\110\147\351\145\105\116\141\121\150\133\135\220\123}{chapter*.116}% 231
\BOOKMARK [0][]{chapter*.117}{\376\377\173\054\116\000\166\176\123\101\121\155\126\336\000\040\137\227\220\032\160\165\136\173\130\203\140\237\116\331\177\030\000\040\220\001\141\110\147\351\145\105\116\141\121\150\133\135\220\123}{}% 232
\BOOKMARK [1][-]{chapter117.1}{\376\377\173\054\116\000\166\176\123\101\116\003\126\336\000\040\226\073\215\205\121\341\117\163\116\272\123\314\142\244\163\211\000\040\153\043\200\132\121\132\140\166\133\120\162\354\142\177\133\266}{chapter*.117}% 233
\BOOKMARK [0][]{chapter*.118}{\376\377\173\054\116\000\166\176\123\101\116\003\126\336\000\040\226\073\215\205\121\341\117\163\116\272\123\314\142\244\163\211\000\040\153\043\200\132\121\132\140\166\133\120\162\354\142\177\133\266}{}% 234
\BOOKMARK [1][-]{chapter118.1}{\376\377\173\054\116\000\166\176\123\101\121\153\126\336\000\040\213\260\137\256\132\314\202\005\121\104\153\072\137\061\131\163\000\040\140\312\214\034\213\355\131\273\131\276\214\017\165\364\116\272}{chapter*.118}% 235
\BOOKMARK [0][]{chapter*.119}{\376\377\173\054\116\000\166\176\123\101\121\153\126\336\000\040\213\260\137\256\132\314\202\005\121\104\153\072\137\061\131\163\000\040\140\312\214\034\213\355\131\273\131\276\214\017\165\364\116\272}{}% 236
\BOOKMARK [1][-]{chapter119.1}{\376\377\173\054\116\000\166\176\123\101\116\135\126\336\000\040\116\055\116\141\233\101\133\235\163\211\123\164\134\030\177\030\000\040\154\220\166\207\140\151\215\076\133\266\136\366\116\026\154\375}{chapter*.119}% 237
\BOOKMARK [0][]{chapter*.120}{\376\377\173\054\116\000\166\176\123\101\116\135\126\336\000\040\116\055\116\141\233\101\133\235\163\211\123\164\134\030\177\030\000\040\154\220\166\207\140\151\215\076\133\266\136\366\116\026\154\375}{}% 238
\BOOKMARK [1][-]{chapter120.1}{\376\377\173\054\116\000\166\176\116\214\123\101\126\336\000\040\165\004\130\353\226\220\213\346\213\364\131\052\206\132\140\305\000\040\215\076\226\350\147\121\137\122\176\323\176\242\151\174\150\246}{chapter*.120}% 239
\BOOKMARK [0][]{chapter*.121}{\376\377\173\054\116\000\166\176\116\214\123\101\126\336\000\040\165\004\130\353\226\220\213\346\213\364\131\052\206\132\140\305\000\040\215\076\226\350\147\121\137\122\176\323\176\242\151\174\150\246}{}% 240
