This is XeTeX, Version 3.141592653-2.6-0.999993 (TeX Live 2022/dev/Debian) (preloaded format=xelatex 2024.6.17)  22 AUG 2024 10:29
entering extended mode
 restricted \write18 enabled.
 %&-line parsing enabled.
**template01
(./template01.tex
LaTeX2e <2021-11-15> patch level 1
L3 programming layer <2022-01-21>
(/usr/share/texlive/texmf-dist/tex/latex/base/book.cls
Document Class: book 2021/10/04 v1.4n Standard LaTeX document class
(/usr/share/texlive/texmf-dist/tex/latex/base/bk10.clo
File: bk10.clo 2021/10/04 v1.4n Standard LaTeX file (size option)
)
\c@part=\count181
\c@chapter=\count182
\c@section=\count183
\c@subsection=\count184
\c@subsubsection=\count185
\c@paragraph=\count186
\c@subparagraph=\count187
\c@figure=\count188
\c@table=\count189
\abovecaptionskip=\skip47
\belowcaptionskip=\skip48
\bibindent=\dimen138
)
(/usr/share/texlive/texmf-dist/tex/latex/geometry/geometry.sty
Package: geometry 2020/01/02 v5.9 Page Geometry

(/usr/share/texlive/texmf-dist/tex/latex/graphics/keyval.sty
Package: keyval 2014/10/28 v1.15 key=value parser (DPC)
\KV@toks@=\toks16
)
(/usr/share/texlive/texmf-dist/tex/generic/iftex/ifvtex.sty
Package: ifvtex 2019/10/25 v1.7 ifvtex legacy package. Use iftex instead.

(/usr/share/texlive/texmf-dist/tex/generic/iftex/iftex.sty
Package: iftex 2020/03/06 v1.0d TeX engine tests
))
\Gm@cnth=\count190
\Gm@cntv=\count191
\c@Gm@tempcnt=\count192
\Gm@bindingoffset=\dimen139
\Gm@wd@mp=\dimen140
\Gm@odd@mp=\dimen141
\Gm@even@mp=\dimen142
\Gm@layoutwidth=\dimen143
\Gm@layoutheight=\dimen144
\Gm@layouthoffset=\dimen145
\Gm@layoutvoffset=\dimen146
\Gm@dimlist=\toks17
)
(/usr/share/texlive/texmf-dist/tex/xelatex/xecjk/xeCJK.sty
(/usr/share/texlive/texmf-dist/tex/latex/l3kernel/expl3.sty
Package: expl3 2022-01-21 L3 programming layer (loader) 

(/usr/share/texlive/texmf-dist/tex/latex/l3backend/l3backend-xetex.def
File: l3backend-xetex.def 2022-01-12 L3 backend support: XeTeX

(|extractbb --version)
\c__kernel_sys_dvipdfmx_version_int=\count193
\l__color_backend_stack_int=\count194
\g__color_backend_stack_int=\count195
\g__graphics_track_int=\count196
\l__pdf_internal_box=\box50
\g__pdf_backend_object_int=\count197
\g__pdf_backend_annotation_int=\count198
\g__pdf_backend_link_int=\count199
))
Package: xeCJK 2021/12/12 v3.8.8 Typesetting CJK scripts with XeLaTeX

(/usr/share/texlive/texmf-dist/tex/latex/ctex/ctexhook.sty
Package: ctexhook 2021/12/12 v2.5.8 Document and package hooks (CTEX)
)
(/usr/share/texlive/texmf-dist/tex/latex/l3packages/l3keys2e/l3keys2e.sty
Package: l3keys2e 2022-01-12 LaTeX2e option processing using LaTeX3 keys
)
(/usr/share/texlive/texmf-dist/tex/latex/l3packages/xtemplate/xtemplate.sty
Package: xtemplate 2022-01-12 L3 Experimental prototype document functions
\l__xtemplate_tmp_dim=\dimen147
\l__xtemplate_tmp_int=\count266
\l__xtemplate_tmp_muskip=\muskip16
\l__xtemplate_tmp_skip=\skip49
)
(/usr/share/texlive/texmf-dist/tex/latex/l3packages/xparse/xparse.sty
Package: xparse 2022-01-12 L3 Experimental document command parser
)
\l__xeCJK_tmp_int=\count267
\l__xeCJK_tmp_box=\box51
\l__xeCJK_tmp_dim=\dimen148
\l__xeCJK_tmp_skip=\skip50
\g__xeCJK_space_factor_int=\count268
\l__xeCJK_begin_int=\count269
\l__xeCJK_end_int=\count270
\c__xeCJK_CJK_class_int=\XeTeXcharclass1
\c__xeCJK_FullLeft_class_int=\XeTeXcharclass2
\c__xeCJK_FullRight_class_int=\XeTeXcharclass3
\c__xeCJK_HalfLeft_class_int=\XeTeXcharclass4
\c__xeCJK_HalfRight_class_int=\XeTeXcharclass5
\c__xeCJK_NormalSpace_class_int=\XeTeXcharclass6
\c__xeCJK_CM_class_int=\XeTeXcharclass7
\c__xeCJK_HangulJamo_class_int=\XeTeXcharclass8
\l__xeCJK_last_skip=\skip51
\g__xeCJK_node_int=\count271
\c__xeCJK_CJK_node_dim=\dimen149
\c__xeCJK_CJK-space_node_dim=\dimen150
\c__xeCJK_default_node_dim=\dimen151
\c__xeCJK_default-space_node_dim=\dimen152
\c__xeCJK_CJK-widow_node_dim=\dimen153
\c__xeCJK_normalspace_node_dim=\dimen154
\l__xeCJK_ccglue_skip=\skip52
\l__xeCJK_ecglue_skip=\skip53
\l__xeCJK_punct_kern_skip=\skip54
\l__xeCJK_last_penalty_int=\count272
\l__xeCJK_last_bound_dim=\dimen155
\l__xeCJK_last_kern_dim=\dimen156
\l__xeCJK_widow_penalty_int=\count273

Package xtemplate Info: Declaring object type 'xeCJK/punctuation' taking 0
(xtemplate)             argument(s) on line 2337.

\l__xeCJK_fixed_punct_width_dim=\dimen157
\l__xeCJK_mixed_punct_width_dim=\dimen158
\l__xeCJK_middle_punct_width_dim=\dimen159
\l__xeCJK_fixed_margin_width_dim=\dimen160
\l__xeCJK_mixed_margin_width_dim=\dimen161
\l__xeCJK_middle_margin_width_dim=\dimen162
\l__xeCJK_bound_punct_width_dim=\dimen163
\l__xeCJK_bound_margin_width_dim=\dimen164
\l__xeCJK_margin_minimum_dim=\dimen165
\l__xeCJK_kerning_total_width_dim=\dimen166
\l__xeCJK_same_align_margin_dim=\dimen167
\l__xeCJK_different_align_margin_dim=\dimen168
\l__xeCJK_kerning_margin_width_dim=\dimen169
\l__xeCJK_kerning_margin_minimum_dim=\dimen170
\l__xeCJK_bound_dim=\dimen171
\l__xeCJK_reverse_bound_dim=\dimen172
\l__xeCJK_margin_dim=\dimen173
\l__xeCJK_minimum_bound_dim=\dimen174
\l__xeCJK_kerning_margin_dim=\dimen175
\g__xeCJK_family_int=\count274
\l__xeCJK_fam_int=\count275
\g__xeCJK_fam_allocation_int=\count276
\l__xeCJK_verb_case_int=\count277
\l__xeCJK_verb_exspace_skip=\skip55

(/usr/share/texlive/texmf-dist/tex/latex/fontspec/fontspec.sty
Package: fontspec 2022/01/15 v2.8a Font selection for XeLaTeX and LuaLaTeX

(/usr/share/texlive/texmf-dist/tex/latex/fontspec/fontspec-xetex.sty
Package: fontspec-xetex 2022/01/15 v2.8a Font selection for XeLaTeX and LuaLaTe
X
\l__fontspec_script_int=\count278
\l__fontspec_language_int=\count279
\l__fontspec_strnum_int=\count280
\l__fontspec_tmp_int=\count281
\l__fontspec_tmpa_int=\count282
\l__fontspec_tmpb_int=\count283
\l__fontspec_tmpc_int=\count284
\l__fontspec_em_int=\count285
\l__fontspec_emdef_int=\count286
\l__fontspec_strong_int=\count287
\l__fontspec_strongdef_int=\count288
\l__fontspec_tmpa_dim=\dimen176
\l__fontspec_tmpb_dim=\dimen177
\l__fontspec_tmpc_dim=\dimen178

(/usr/share/texlive/texmf-dist/tex/latex/base/fontenc.sty
Package: fontenc 2021/04/29 v2.0v Standard LaTeX package
)
(/usr/share/texlive/texmf-dist/tex/latex/fontspec/fontspec.cfg)))
(/usr/share/texlive/texmf-dist/tex/xelatex/xecjk/xeCJK.cfg
File: xeCJK.cfg 2021/12/12 v3.8.8 Configuration file for xeCJK package
))
(/usr/share/texlive/texmf-dist/tex/latex/setspace/setspace.sty
Package: setspace 2011/12/19 v6.7a set line spacing
)
(/usr/share/texlive/texmf-dist/tex/latex/fancyhdr/fancyhdr.sty
Package: fancyhdr 2021/01/28 v4.0.1 Extensive control of page headers and foote
rs
\f@nch@headwidth=\skip56
\f@nch@O@elh=\skip57
\f@nch@O@erh=\skip58
\f@nch@O@olh=\skip59
\f@nch@O@orh=\skip60
\f@nch@O@elf=\skip61
\f@nch@O@erf=\skip62
\f@nch@O@olf=\skip63
\f@nch@O@orf=\skip64
)
(/usr/share/texlive/texmf-dist/tex/latex/hyperref/hyperref.sty
Package: hyperref 2021-06-07 v7.00m Hypertext links for LaTeX

(/usr/share/texlive/texmf-dist/tex/generic/ltxcmds/ltxcmds.sty
Package: ltxcmds 2020-05-10 v1.25 LaTeX kernel commands for general use (HO)
)
(/usr/share/texlive/texmf-dist/tex/generic/pdftexcmds/pdftexcmds.sty
Package: pdftexcmds 2020-06-27 v0.33 Utility functions of pdfTeX for LuaTeX (HO
)

(/usr/share/texlive/texmf-dist/tex/generic/infwarerr/infwarerr.sty
Package: infwarerr 2019/12/03 v1.5 Providing info/warning/error messages (HO)
)
Package pdftexcmds Info: \pdf@primitive is available.
Package pdftexcmds Info: \pdf@ifprimitive is available.
Package pdftexcmds Info: \pdfdraftmode not found.
)
(/usr/share/texlive/texmf-dist/tex/generic/kvsetkeys/kvsetkeys.sty
Package: kvsetkeys 2019/12/15 v1.18 Key value parser (HO)
)
(/usr/share/texlive/texmf-dist/tex/generic/kvdefinekeys/kvdefinekeys.sty
Package: kvdefinekeys 2019-12-19 v1.6 Define keys (HO)
)
(/usr/share/texlive/texmf-dist/tex/generic/pdfescape/pdfescape.sty
Package: pdfescape 2019/12/09 v1.15 Implements pdfTeX's escape features (HO)
)
(/usr/share/texlive/texmf-dist/tex/latex/hycolor/hycolor.sty
Package: hycolor 2020-01-27 v1.10 Color options for hyperref/bookmark (HO)
)
(/usr/share/texlive/texmf-dist/tex/latex/letltxmacro/letltxmacro.sty
Package: letltxmacro 2019/12/03 v1.6 Let assignment for LaTeX macros (HO)
)
(/usr/share/texlive/texmf-dist/tex/latex/auxhook/auxhook.sty
Package: auxhook 2019-12-17 v1.6 Hooks for auxiliary files (HO)
)
(/usr/share/texlive/texmf-dist/tex/latex/kvoptions/kvoptions.sty
Package: kvoptions 2020-10-07 v3.14 Key value format for package options (HO)
)
\@linkdim=\dimen179
\Hy@linkcounter=\count289
\Hy@pagecounter=\count290

(/usr/share/texlive/texmf-dist/tex/latex/hyperref/pd1enc.def
File: pd1enc.def 2021-06-07 v7.00m Hyperref: PDFDocEncoding definition (HO)
)
(/usr/share/texlive/texmf-dist/tex/latex/hyperref/hyperref-langpatches.def
File: hyperref-langpatches.def 2021-06-07 v7.00m Hyperref: patches for babel la
nguages
)
(/usr/share/texlive/texmf-dist/tex/generic/intcalc/intcalc.sty
Package: intcalc 2019/12/15 v1.3 Expandable calculations with integers (HO)
)
(/usr/share/texlive/texmf-dist/tex/generic/etexcmds/etexcmds.sty
Package: etexcmds 2019/12/15 v1.7 Avoid name clashes with e-TeX commands (HO)
)
\Hy@SavedSpaceFactor=\count291

(/usr/share/texlive/texmf-dist/tex/latex/hyperref/puenc.def
File: puenc.def 2021-06-07 v7.00m Hyperref: PDF Unicode definition (HO)
)
Package hyperref Info: Hyper figures OFF on input line 4192.
Package hyperref Info: Link nesting OFF on input line 4197.
Package hyperref Info: Hyper index ON on input line 4200.
Package hyperref Info: Plain pages OFF on input line 4207.
Package hyperref Info: Backreferencing OFF on input line 4212.
Package hyperref Info: Implicit mode ON; LaTeX internals redefined.
Package hyperref Info: Bookmarks ON on input line 4445.
\c@Hy@tempcnt=\count292

(/usr/share/texlive/texmf-dist/tex/latex/url/url.sty
\Urlmuskip=\muskip17
Package: url 2013/09/16  ver 3.4  Verb mode for urls, etc.
)
LaTeX Info: Redefining \url on input line 4804.
\XeTeXLinkMargin=\dimen180

(/usr/share/texlive/texmf-dist/tex/generic/bitset/bitset.sty
Package: bitset 2019/12/09 v1.3 Handle bit-vector datatype (HO)

(/usr/share/texlive/texmf-dist/tex/generic/bigintcalc/bigintcalc.sty
Package: bigintcalc 2019/12/15 v1.5 Expandable calculations on big integers (HO
)
))
\Fld@menulength=\count293
\Field@Width=\dimen181
\Fld@charsize=\dimen182
Package hyperref Info: Hyper figures OFF on input line 6076.
Package hyperref Info: Link nesting OFF on input line 6081.
Package hyperref Info: Hyper index ON on input line 6084.
Package hyperref Info: backreferencing OFF on input line 6091.
Package hyperref Info: Link coloring OFF on input line 6096.
Package hyperref Info: Link coloring with OCG OFF on input line 6101.
Package hyperref Info: PDF/A mode OFF on input line 6106.
LaTeX Info: Redefining \ref on input line 6146.
LaTeX Info: Redefining \pageref on input line 6150.

(/usr/share/texlive/texmf-dist/tex/latex/base/atbegshi-ltx.sty
Package: atbegshi-ltx 2021/01/10 v1.0c Emulation of the original atbegshi
package with kernel methods
)
\Hy@abspage=\count294
\c@Item=\count295
\c@Hfootnote=\count296
)
Package hyperref Info: Driver (autodetected): hxetex.

(/usr/share/texlive/texmf-dist/tex/latex/hyperref/hxetex.def
File: hxetex.def 2021-06-07 v7.00m Hyperref driver for XeTeX

(/usr/share/texlive/texmf-dist/tex/generic/stringenc/stringenc.sty
Package: stringenc 2019/11/29 v1.12 Convert strings between diff. encodings (HO
)
)
\pdfm@box=\box52
\c@Hy@AnnotLevel=\count297
\HyField@AnnotCount=\count298
\Fld@listcount=\count299
\c@bookmark@seq@number=\count300

(/usr/share/texlive/texmf-dist/tex/latex/rerunfilecheck/rerunfilecheck.sty
Package: rerunfilecheck 2019/12/05 v1.9 Rerun checks for auxiliary files (HO)

(/usr/share/texlive/texmf-dist/tex/latex/base/atveryend-ltx.sty
Package: atveryend-ltx 2020/08/19 v1.0a Emulation of the original atveryend pac
kage
with kernel methods
)
(/usr/share/texlive/texmf-dist/tex/generic/uniquecounter/uniquecounter.sty
Package: uniquecounter 2019/12/15 v1.4 Provide unlimited unique counter (HO)
)
Package uniquecounter Info: New unique counter `rerunfilecheck' on input line 2
86.
)
\Hy@SectionHShift=\skip65
)

Package fontspec Info: Could not resolve font "Noto Serif CJK SC/I" (it
(fontspec)             probably doesn't exist).


Package fontspec Info: Font family 'NotoSerifCJKSC(0)' created for font 'Noto
(fontspec)             Serif CJK SC' with options [Script={CJK}].
(fontspec)              
(fontspec)              This font family consists of the following NFSS
(fontspec)             series/shapes:
(fontspec)              
(fontspec)             - 'normal' (m/n) with NFSS spec.: <->"Noto Serif CJK
(fontspec)             SC/OT:script=hani;language=dflt;"
(fontspec)             - 'small caps'  (m/sc) with NFSS spec.: 
(fontspec)             - 'bold' (b/n) with NFSS spec.: <->"Noto Serif CJK
(fontspec)             SC/B/OT:script=hani;language=dflt;"
(fontspec)             - 'bold small caps'  (b/sc) with NFSS spec.: 
(fontspec)             - 'bold italic' (b/it) with NFSS spec.: <->"Noto Serif
(fontspec)             CJK SC/BI/OT:script=hani;language=dflt;"
(fontspec)             - 'bold italic small caps'  (b/scit) with NFSS spec.: 

Package hyperref Info: Option `colorlinks' set `true' on input line 36.
Package hyperref Info: Option `bookmarksnumbered' set `true' on input line 36.
Package hyperref Info: Option `bookmarksopen' set `true' on input line 36.
Package hyperref Info: Option `hypertexnames' set `false' on input line 36.

(./template01.aux)
\openout1 = `template01.aux'.

LaTeX Font Info:    Checking defaults for OML/cmm/m/it on input line 56.
LaTeX Font Info:    ... okay on input line 56.
LaTeX Font Info:    Checking defaults for OMS/cmsy/m/n on input line 56.
LaTeX Font Info:    ... okay on input line 56.
LaTeX Font Info:    Checking defaults for OT1/cmr/m/n on input line 56.
LaTeX Font Info:    ... okay on input line 56.
LaTeX Font Info:    Checking defaults for T1/cmr/m/n on input line 56.
LaTeX Font Info:    ... okay on input line 56.
LaTeX Font Info:    Checking defaults for TS1/cmr/m/n on input line 56.
LaTeX Font Info:    Trying to load font information for TS1+cmr on input line 5
6.
 (/usr/share/texlive/texmf-dist/tex/latex/base/ts1cmr.fd
File: ts1cmr.fd 2019/12/16 v2.5j Standard LaTeX font definitions
)
LaTeX Font Info:    ... okay on input line 56.
LaTeX Font Info:    Checking defaults for TU/lmr/m/n on input line 56.
LaTeX Font Info:    ... okay on input line 56.
LaTeX Font Info:    Checking defaults for OMX/cmex/m/n on input line 56.
LaTeX Font Info:    ... okay on input line 56.
LaTeX Font Info:    Checking defaults for U/cmr/m/n on input line 56.
LaTeX Font Info:    ... okay on input line 56.
LaTeX Font Info:    Checking defaults for PD1/pdf/m/n on input line 56.
LaTeX Font Info:    ... okay on input line 56.
LaTeX Font Info:    Checking defaults for PU/pdf/m/n on input line 56.
LaTeX Font Info:    ... okay on input line 56.

*geometry* driver: auto-detecting
*geometry* detected driver: xetex
*geometry* verbose mode - [ preamble ] result:
* driver: xetex
* paper: custom
* layout: <same size as paper>
* layoutoffset:(h,v)=(0.0pt,0.0pt)
* modes: twoside 
* h-part:(L,W,R)=(56.9055pt, 386.95749pt, 56.9055pt)
* v-part:(T,H,B)=(71.13188pt, 569.05513pt, 71.13188pt)
* \paperwidth=500.7685pt
* \paperheight=711.3189pt
* \textwidth=386.95749pt
* \textheight=569.05513pt
* \oddsidemargin=-15.36449pt
* \evensidemargin=-15.36449pt
* \topmargin=-31.2056pt
* \headheight=14.0pt
* \headsep=18.06749pt
* \topskip=10.0pt
* \footskip=25.29494pt
* \marginparwidth=125.0pt
* \marginparsep=7.0pt
* \columnsep=10.0pt
* \skip\footins=9.0pt plus 4.0pt minus 2.0pt
* \hoffset=0.0pt
* \voffset=0.0pt
* \mag=1000
* \@twocolumnfalse
* \@twosidetrue
* \@mparswitchtrue
* \@reversemarginfalse
* (1in=72.27pt=25.4mm, 1cm=28.453pt)


Package fontspec Info: Adjusting the maths setup (use [no-math] to avoid
(fontspec)             this).

\symlegacymaths=\mathgroup4
LaTeX Font Info:    Overwriting symbol font `legacymaths' in version `bold'
(Font)                  OT1/cmr/m/n --> OT1/cmr/bx/n on input line 56.
LaTeX Font Info:    Redeclaring math accent \acute on input line 56.
LaTeX Font Info:    Redeclaring math accent \grave on input line 56.
LaTeX Font Info:    Redeclaring math accent \ddot on input line 56.
LaTeX Font Info:    Redeclaring math accent \tilde on input line 56.
LaTeX Font Info:    Redeclaring math accent \bar on input line 56.
LaTeX Font Info:    Redeclaring math accent \breve on input line 56.
LaTeX Font Info:    Redeclaring math accent \check on input line 56.
LaTeX Font Info:    Redeclaring math accent \hat on input line 56.
LaTeX Font Info:    Redeclaring math accent \dot on input line 56.
LaTeX Font Info:    Redeclaring math accent \mathring on input line 56.
LaTeX Font Info:    Redeclaring math symbol \colon on input line 56.
LaTeX Font Info:    Redeclaring math symbol \Gamma on input line 56.
LaTeX Font Info:    Redeclaring math symbol \Delta on input line 56.
LaTeX Font Info:    Redeclaring math symbol \Theta on input line 56.
LaTeX Font Info:    Redeclaring math symbol \Lambda on input line 56.
LaTeX Font Info:    Redeclaring math symbol \Xi on input line 56.
LaTeX Font Info:    Redeclaring math symbol \Pi on input line 56.
LaTeX Font Info:    Redeclaring math symbol \Sigma on input line 56.
LaTeX Font Info:    Redeclaring math symbol \Upsilon on input line 56.
LaTeX Font Info:    Redeclaring math symbol \Phi on input line 56.
LaTeX Font Info:    Redeclaring math symbol \Psi on input line 56.
LaTeX Font Info:    Redeclaring math symbol \Omega on input line 56.
LaTeX Font Info:    Redeclaring math symbol \mathdollar on input line 56.
LaTeX Font Info:    Redeclaring symbol font `operators' on input line 56.
LaTeX Font Info:    Encoding `OT1' has changed to `TU' for symbol font
(Font)              `operators' in the math version `normal' on input line 56.
LaTeX Font Info:    Overwriting symbol font `operators' in version `normal'
(Font)                  OT1/cmr/m/n --> TU/lmr/m/n on input line 56.
LaTeX Font Info:    Encoding `OT1' has changed to `TU' for symbol font
(Font)              `operators' in the math version `bold' on input line 56.
LaTeX Font Info:    Overwriting symbol font `operators' in version `bold'
(Font)                  OT1/cmr/bx/n --> TU/lmr/m/n on input line 56.
LaTeX Font Info:    Overwriting symbol font `operators' in version `normal'
(Font)                  TU/lmr/m/n --> TU/lmr/m/n on input line 56.
LaTeX Font Info:    Overwriting math alphabet `\mathit' in version `normal'
(Font)                  OT1/cmr/m/it --> TU/lmr/m/it on input line 56.
LaTeX Font Info:    Overwriting math alphabet `\mathbf' in version `normal'
(Font)                  OT1/cmr/bx/n --> TU/lmr/b/n on input line 56.
LaTeX Font Info:    Overwriting math alphabet `\mathsf' in version `normal'
(Font)                  OT1/cmss/m/n --> TU/lmss/m/n on input line 56.
LaTeX Font Info:    Overwriting math alphabet `\mathtt' in version `normal'
(Font)                  OT1/cmtt/m/n --> TU/lmtt/m/n on input line 56.
LaTeX Font Info:    Overwriting symbol font `operators' in version `bold'
(Font)                  TU/lmr/m/n --> TU/lmr/b/n on input line 56.
LaTeX Font Info:    Overwriting math alphabet `\mathit' in version `bold'
(Font)                  OT1/cmr/bx/it --> TU/lmr/b/it on input line 56.
LaTeX Font Info:    Overwriting math alphabet `\mathsf' in version `bold'
(Font)                  OT1/cmss/bx/n --> TU/lmss/b/n on input line 56.
LaTeX Font Info:    Overwriting math alphabet `\mathtt' in version `bold'
(Font)                  OT1/cmtt/m/n --> TU/lmtt/b/n on input line 56.
(/usr/share/texlive/texmf-dist/tex/latex/graphics/color.sty
Package: color 2021/12/07 v1.3c Standard LaTeX Color (DPC)

(/usr/share/texlive/texmf-dist/tex/latex/graphics-cfg/color.cfg
File: color.cfg 2016/01/02 v1.6 sample color configuration
)
Package color Info: Driver file: xetex.def on input line 149.

(/usr/share/texlive/texmf-dist/tex/latex/graphics-def/xetex.def
File: xetex.def 2021/03/18 v5.0k Graphics/color driver for xetex
))
Package hyperref Info: Link coloring ON on input line 56.

(/usr/share/texlive/texmf-dist/tex/latex/hyperref/nameref.sty
Package: nameref 2021-04-02 v2.47 Cross-referencing by name of section

(/usr/share/texlive/texmf-dist/tex/latex/refcount/refcount.sty
Package: refcount 2019/12/15 v3.6 Data extraction from label references (HO)
)
(/usr/share/texlive/texmf-dist/tex/generic/gettitlestring/gettitlestring.sty
Package: gettitlestring 2019/12/15 v1.6 Cleanup title references (HO)
)
\c@section@level=\count301
)
LaTeX Info: Redefining \ref on input line 56.
LaTeX Info: Redefining \pageref on input line 56.
LaTeX Info: Redefining \nameref on input line 56.

(./template01.out) (./template01.out)
\@outlinefile=\write3
\openout3 = `template01.out'.

 [1



] (./template01.toc
Underfull \vbox (badness 1888) has occurred while \output is active []

 [2

]
[3] [4] [5] [6] [7] [8])
\tf@toc=\write4
\openout4 = `template01.toc'.

 [9] [10

]

! LaTeX Error: File `content.txt' not found.

Type X to quit or <RETURN> to proceed,
or enter new name. (Default extension: txt)

Enter file name: 《三国演义》-3
(./《三国演义》-3.txt
Underfull \hbox (badness 10000) in paragraph at lines 4--143

 []


Underfull \vbox (badness 10000) has occurred while \output is active []

 [1

]
Underfull \vbox (badness 10000) has occurred while \output is active []

 [2]
Underfull \vbox (badness 10000) has occurred while \output is active []

 [3]
Underfull \vbox (badness 10000) has occurred while \output is active []

 [4]
[5]
Underfull \hbox (badness 10000) in paragraph at lines 147--319

 []


Underfull \vbox (badness 10000) has occurred while \output is active []

 [6

]
Underfull \vbox (badness 10000) has occurred while \output is active []

 [7]
Underfull \vbox (badness 10000) has occurred while \output is active []

 [8]
Underfull \vbox (badness 10000) has occurred while \output is active []

 [9]
Underfull \vbox (badness 10000) has occurred while \output is active []

 [10]
[11]
Underfull \hbox (badness 10000) in paragraph at lines 323--473

 []


Underfull \vbox (badness 10000) has occurred while \output is active []

 [12

]
Underfull \vbox (badness 10000) has occurred while \output is active []

 [13]
Underfull \vbox (badness 10000) has occurred while \output is active []

 [14]
Underfull \vbox (badness 10000) has occurred while \output is active []

 [15]
[16]
Underfull \hbox (badness 10000) in paragraph at lines 477--609

 []


Underfull \vbox (badness 10000) has occurred while \output is active []

 [17

]
Underfull \vbox (badness 10000) has occurred while \output is active []

 [18]
Underfull \vbox (badness 10000) has occurred while \output is active []

 [19]
Underfull \vbox (badness 10000) has occurred while \output is active []

 [20]
[21]
Underfull \hbox (badness 10000) in paragraph at lines 613--798

 []


Underfull \vbox (badness 10000) has occurred while \output is active []

 [22

]
Underfull \vbox (badness 10000) has occurred while \output is active []

 [23]
Underfull \vbox (badness 10000) has occurred while \output is active []

 [24]
Underfull \vbox (badness 10000) has occurred while \output is active []

 [25]
Underfull \vbox (badness 10000) has occurred while \output is active []

 [26]
Underfull \vbox (badness 10000) has occurred while \output is active []

 [27]
[28]
Underfull \hbox (badness 10000) in paragraph at lines 802--924

 []


Underfull \vbox (badness 10000) has occurred while \output is active []

 [29

]
Underfull \vbox (badness 10000) has occurred while \output is active []

 [30]
Underfull \vbox (badness 10000) has occurred while \output is active []

 [31]
Underfull \vbox (badness 10000) has occurred while \output is active []

 [32]
[33]
Underfull \hbox (badness 10000) in paragraph at lines 928--1066

 []


Underfull \vbox (badness 10000) has occurred while \output is active []

 [34

]
Underfull \vbox (badness 10000) has occurred while \output is active []

 [35]
Underfull \vbox (badness 10000) has occurred while \output is active []

 [36]
Underfull \vbox (badness 10000) has occurred while \output is active []

 [37]
[38]
Underfull \hbox (badness 10000) in paragraph at lines 1070--1199

 []


Underfull \vbox (badness 10000) has occurred while \output is active []

 [39

]
Underfull \vbox (badness 10000) has occurred while \output is active []

 [40]
Underfull \vbox (badness 10000) has occurred while \output is active []

 [41]
Underfull \vbox (badness 10000) has occurred while \output is active []

 [42]
[43]
Underfull \hbox (badness 10000) in paragraph at lines 1203--1367

 []


Underfull \vbox (badness 10000) has occurred while \output is active []

 [44

]
Underfull \vbox (badness 10000) has occurred while \output is active []

 [45]
Underfull \vbox (badness 10000) has occurred while \output is active []

 [46]
Underfull \vbox (badness 10000) has occurred while \output is active []

 [47]
Underfull \vbox (badness 10000) has occurred while \output is active []

 [48]
[49]
Underfull \hbox (badness 10000) in paragraph at lines 1371--1499

 []


Underfull \vbox (badness 10000) has occurred while \output is active []

 [50

]
Underfull \vbox (badness 10000) has occurred while \output is active []

 [51]
Underfull \vbox (badness 10000) has occurred while \output is active []

 [52]
Underfull \vbox (badness 10000) has occurred while \output is active []

 [53]
[54]
Underfull \hbox (badness 10000) in paragraph at lines 1503--1677

 []


Underfull \vbox (badness 10000) has occurred while \output is active []

 [55

]
Underfull \vbox (badness 10000) has occurred while \output is active []

 [56]
Underfull \vbox (badness 10000) has occurred while \output is active []

 [57]
Underfull \vbox (badness 10000) has occurred while \output is active []

 [58]
Underfull \vbox (badness 10000) has occurred while \output is active []

 [59]
[60]
Underfull \hbox (badness 10000) in paragraph at lines 1681--1816

 []


Underfull \vbox (badness 10000) has occurred while \output is active []

 [61

]
Underfull \vbox (badness 10000) has occurred while \output is active []

 [62]
Underfull \vbox (badness 10000) has occurred while \output is active []

 [63]
Underfull \vbox (badness 10000) has occurred while \output is active []

 [64]
[65]
Underfull \hbox (badness 10000) in paragraph at lines 1820--2001

 []


Underfull \vbox (badness 10000) has occurred while \output is active []

 [66

]
Underfull \vbox (badness 10000) has occurred while \output is active []

 [67]
Underfull \vbox (badness 10000) has occurred while \output is active []

 [68]
Underfull \vbox (badness 10000) has occurred while \output is active []

 [69]
Underfull \vbox (badness 10000) has occurred while \output is active []

 [70]
[71]
Underfull \hbox (badness 10000) in paragraph at lines 2005--2193

 []


Underfull \vbox (badness 10000) has occurred while \output is active []

 [72

]
Underfull \vbox (badness 10000) has occurred while \output is active []

 [73]
Underfull \vbox (badness 10000) has occurred while \output is active []

 [74]
Underfull \vbox (badness 10000) has occurred while \output is active []

 [75]
Underfull \vbox (badness 10000) has occurred while \output is active []

 [76]
Underfull \vbox (badness 10000) has occurred while \output is active []

 [77]
[78]
Underfull \hbox (badness 10000) in paragraph at lines 2197--2414

 []


Underfull \vbox (badness 10000) has occurred while \output is active []

 [79

]
Underfull \vbox (badness 10000) has occurred while \output is active []

 [80]
Underfull \vbox (badness 10000) has occurred while \output is active []

 [81]
Underfull \vbox (badness 10000) has occurred while \output is active []

 [82]
Underfull \vbox (badness 10000) has occurred while \output is active []

 [83]
Underfull \vbox (badness 10000) has occurred while \output is active []

 [84]
Underfull \vbox (badness 10000) has occurred while \output is active []

 [85]
[86]
Underfull \hbox (badness 10000) in paragraph at lines 2418--2620

 []


Underfull \vbox (badness 10000) has occurred while \output is active []

 [87

]
Underfull \vbox (badness 10000) has occurred while \output is active []

 [88]
Underfull \vbox (badness 10000) has occurred while \output is active []

 [89]
Underfull \vbox (badness 10000) has occurred while \output is active []

 [90]
Underfull \vbox (badness 10000) has occurred while \output is active []

 [91]
Underfull \vbox (badness 10000) has occurred while \output is active []

 [92]
[93]
Underfull \hbox (badness 10000) in paragraph at lines 2624--2757

 []


Underfull \vbox (badness 10000) has occurred while \output is active []

 [94

]
Underfull \vbox (badness 10000) has occurred while \output is active []

 [95]
Underfull \vbox (badness 10000) has occurred while \output is active []

 [96]
Underfull \vbox (badness 10000) has occurred while \output is active []

 [97]
[98]
Underfull \hbox (badness 10000) in paragraph at lines 2761--2873

 []


Underfull \vbox (badness 10000) has occurred while \output is active []

 [99

]
Underfull \vbox (badness 10000) has occurred while \output is active []

 [100]
Underfull \vbox (badness 10000) has occurred while \output is active []

 [101]
[102]
Underfull \hbox (badness 10000) in paragraph at lines 2877--3074

 []


Underfull \vbox (badness 10000) has occurred while \output is active []

 [103

]
Underfull \vbox (badness 10000) has occurred while \output is active []

 [104]
Underfull \vbox (badness 10000) has occurred while \output is active []

 [105]
Underfull \vbox (badness 10000) has occurred while \output is active []

 [106]
Underfull \vbox (badness 10000) has occurred while \output is active []

 [107]
Underfull \vbox (badness 10000) has occurred while \output is active []

 [108]
[109]
Underfull \hbox (badness 10000) in paragraph at lines 3078--3214

 []


Underfull \vbox (badness 10000) has occurred while \output is active []

 [110

]
Underfull \vbox (badness 10000) has occurred while \output is active []

 [111]
Underfull \vbox (badness 10000) has occurred while \output is active []

 [112]
Underfull \vbox (badness 10000) has occurred while \output is active []

 [113]
[114]
Underfull \hbox (badness 10000) in paragraph at lines 3218--3362

 []


Underfull \vbox (badness 10000) has occurred while \output is active []

 [115

]
Underfull \vbox (badness 10000) has occurred while \output is active []

 [116]
Underfull \vbox (badness 10000) has occurred while \output is active []

 [117]
Underfull \vbox (badness 10000) has occurred while \output is active []

 [118]
[119]
Underfull \hbox (badness 10000) in paragraph at lines 3366--3538

 []


Underfull \vbox (badness 10000) has occurred while \output is active []

 [120

]
Underfull \vbox (badness 10000) has occurred while \output is active []

 [121]
Underfull \vbox (badness 10000) has occurred while \output is active []

 [122]
Underfull \vbox (badness 10000) has occurred while \output is active []

 [123]
Underfull \vbox (badness 10000) has occurred while \output is active []

 [124]
[125]
Underfull \hbox (badness 10000) in paragraph at lines 3542--3716

 []


Underfull \vbox (badness 10000) has occurred while \output is active []

 [126

]
Underfull \vbox (badness 10000) has occurred while \output is active []

 [127]
Underfull \vbox (badness 10000) has occurred while \output is active []

 [128]
Underfull \vbox (badness 10000) has occurred while \output is active []

 [129]
Underfull \vbox (badness 10000) has occurred while \output is active []

 [130]
[131]
Underfull \hbox (badness 10000) in paragraph at lines 3720--3808

 []


Underfull \vbox (badness 10000) has occurred while \output is active []

 [132

]
Underfull \vbox (badness 10000) has occurred while \output is active []

 [133]
Underfull \vbox (badness 10000) has occurred while \output is active []

 [134]
[135]
Underfull \hbox (badness 10000) in paragraph at lines 3812--3963

 []


Underfull \vbox (badness 10000) has occurred while \output is active []

 [136

]
Underfull \vbox (badness 10000) has occurred while \output is active []

 [137]
Underfull \vbox (badness 10000) has occurred while \output is active []

 [138]
Underfull \vbox (badness 10000) has occurred while \output is active []

 [139]
[140]
Underfull \hbox (badness 10000) in paragraph at lines 3967--4093

 []


Underfull \vbox (badness 10000) has occurred while \output is active []

 [141

]
Underfull \vbox (badness 10000) has occurred while \output is active []

 [142]
Underfull \vbox (badness 10000) has occurred while \output is active []

 [143]
Underfull \vbox (badness 10000) has occurred while \output is active []

 [144]
[145]
Underfull \hbox (badness 10000) in paragraph at lines 4097--4248

 []


Underfull \vbox (badness 10000) has occurred while \output is active []

 [146

]
Underfull \vbox (badness 10000) has occurred while \output is active []

 [147]
Underfull \vbox (badness 10000) has occurred while \output is active []

 [148]
Underfull \vbox (badness 10000) has occurred while \output is active []

 [149]
[150]
Underfull \hbox (badness 10000) in paragraph at lines 4252--4435

 []


Underfull \vbox (badness 10000) has occurred while \output is active []

 [151

]
Underfull \vbox (badness 10000) has occurred while \output is active []

 [152]
Underfull \vbox (badness 10000) has occurred while \output is active []

 [153]
Underfull \vbox (badness 10000) has occurred while \output is active []

 [154]
Underfull \vbox (badness 10000) has occurred while \output is active []

 [155]
[156]
Underfull \hbox (badness 10000) in paragraph at lines 4439--4591

 []


Underfull \vbox (badness 10000) has occurred while \output is active []

 [157

]
Underfull \vbox (badness 10000) has occurred while \output is active []

 [158]
Underfull \vbox (badness 10000) has occurred while \output is active []

 [159]
Underfull \vbox (badness 10000) has occurred while \output is active []

 [160]
Underfull \vbox (badness 10000) has occurred while \output is active []

 [161]
[162]
Underfull \hbox (badness 10000) in paragraph at lines 4595--4774

 []


Underfull \vbox (badness 10000) has occurred while \output is active []

 [163

]
Underfull \vbox (badness 10000) has occurred while \output is active []

 [164]
Underfull \vbox (badness 10000) has occurred while \output is active []

 [165]
Underfull \vbox (badness 10000) has occurred while \output is active []

 [166]
Underfull \vbox (badness 10000) has occurred while \output is active []

 [167]
[168]
Underfull \hbox (badness 10000) in paragraph at lines 4778--4924

 []


Underfull \vbox (badness 10000) has occurred while \output is active []

 [169

]
Underfull \vbox (badness 10000) has occurred while \output is active []

 [170]
Underfull \vbox (badness 10000) has occurred while \output is active []

 [171]
Underfull \vbox (badness 10000) has occurred while \output is active []

 [172]
[173]
Underfull \hbox (badness 10000) in paragraph at lines 4928--5096

 []


Underfull \vbox (badness 10000) has occurred while \output is active []

 [174

]
Underfull \vbox (badness 10000) has occurred while \output is active []

 [175]
Underfull \vbox (badness 10000) has occurred while \output is active []

 [176]
Underfull \vbox (badness 10000) has occurred while \output is active []

 [177]
Underfull \vbox (badness 10000) has occurred while \output is active []

 [178]
[179]
Underfull \hbox (badness 10000) in paragraph at lines 5100--5260

 []


Underfull \vbox (badness 10000) has occurred while \output is active []

 [180

]
Underfull \vbox (badness 10000) has occurred while \output is active []

 [181]
Underfull \vbox (badness 10000) has occurred while \output is active []

 [182]
Underfull \vbox (badness 10000) has occurred while \output is active []

 [183]
Underfull \vbox (badness 10000) has occurred while \output is active []

 [184]
[185]
Underfull \hbox (badness 10000) in paragraph at lines 5264--5398

 []


Underfull \vbox (badness 10000) has occurred while \output is active []

 [186

]
Underfull \vbox (badness 10000) has occurred while \output is active []

 [187]
Underfull \vbox (badness 10000) has occurred while \output is active []

 [188]
Underfull \vbox (badness 10000) has occurred while \output is active []

 [189]
[190]
Underfull \hbox (badness 10000) in paragraph at lines 5402--5517

 []


Underfull \vbox (badness 10000) has occurred while \output is active []

 [191

]
Underfull \vbox (badness 10000) has occurred while \output is active []

 [192]
Underfull \vbox (badness 10000) has occurred while \output is active []

 [193]
[194]
Underfull \hbox (badness 10000) in paragraph at lines 5521--5648

 []


Underfull \vbox (badness 10000) has occurred while \output is active []

 [195

]
Underfull \vbox (badness 10000) has occurred while \output is active []

 [196]
Underfull \vbox (badness 10000) has occurred while \output is active []

 [197]
Underfull \vbox (badness 10000) has occurred while \output is active []

 [198]
[199]
Underfull \hbox (badness 10000) in paragraph at lines 5652--5809

 []


Underfull \vbox (badness 10000) has occurred while \output is active []

 [200

]
Underfull \vbox (badness 10000) has occurred while \output is active []

 [201]
Underfull \vbox (badness 10000) has occurred while \output is active []

 [202]
Underfull \vbox (badness 10000) has occurred while \output is active []

 [203]
Underfull \vbox (badness 10000) has occurred while \output is active []

 [204]
[205]
Underfull \hbox (badness 10000) in paragraph at lines 5813--5971

 []


Underfull \vbox (badness 10000) has occurred while \output is active []

 [206

]
Underfull \vbox (badness 10000) has occurred while \output is active []

 [207]
Underfull \vbox (badness 10000) has occurred while \output is active []

 [208]
Underfull \vbox (badness 10000) has occurred while \output is active []

 [209]
Underfull \vbox (badness 10000) has occurred while \output is active []

 [210]
[211]
Underfull \hbox (badness 10000) in paragraph at lines 5975--6119

 []


Underfull \vbox (badness 10000) has occurred while \output is active []

 [212

]
Underfull \vbox (badness 10000) has occurred while \output is active []

 [213]
Underfull \vbox (badness 10000) has occurred while \output is active []

 [214]
Underfull \vbox (badness 10000) has occurred while \output is active []

 [215]
[216]
Underfull \hbox (badness 10000) in paragraph at lines 6123--6259

 []


Underfull \vbox (badness 10000) has occurred while \output is active []

 [217

]
Underfull \vbox (badness 10000) has occurred while \output is active []

 [218]
Underfull \vbox (badness 10000) has occurred while \output is active []

 [219]
Underfull \vbox (badness 10000) has occurred while \output is active []

 [220]
[221]
Underfull \hbox (badness 10000) in paragraph at lines 6263--6452

 []


Underfull \vbox (badness 10000) has occurred while \output is active []

 [222

]
Underfull \vbox (badness 10000) has occurred while \output is active []

 [223]
Underfull \vbox (badness 10000) has occurred while \output is active []

 [224]
Underfull \vbox (badness 10000) has occurred while \output is active []

 [225]
Underfull \vbox (badness 10000) has occurred while \output is active []

 [226]
Underfull \vbox (badness 10000) has occurred while \output is active []

 [227]
[228]
Underfull \hbox (badness 10000) in paragraph at lines 6456--6571

 []


Underfull \vbox (badness 10000) has occurred while \output is active []

 [229

]
Underfull \vbox (badness 10000) has occurred while \output is active []

 [230]
Underfull \vbox (badness 10000) has occurred while \output is active []

 [231]
[232]
Underfull \hbox (badness 10000) in paragraph at lines 6575--6735

 []


Underfull \vbox (badness 10000) has occurred while \output is active []

 [233

]
Underfull \vbox (badness 10000) has occurred while \output is active []

 [234]
Underfull \vbox (badness 10000) has occurred while \output is active []

 [235]
Underfull \vbox (badness 10000) has occurred while \output is active []

 [236]
Underfull \vbox (badness 10000) has occurred while \output is active []

 [237]
[238]
Underfull \hbox (badness 10000) in paragraph at lines 6739--6880

 []


Underfull \vbox (badness 10000) has occurred while \output is active []

 [239

]
Underfull \vbox (badness 10000) has occurred while \output is active []

 [240]
Underfull \vbox (badness 10000) has occurred while \output is active []

 [241]
Underfull \vbox (badness 10000) has occurred while \output is active []

 [242]
[243]
Underfull \hbox (badness 10000) in paragraph at lines 6884--7052

 []


Underfull \vbox (badness 10000) has occurred while \output is active []

 [244

]
Underfull \vbox (badness 10000) has occurred while \output is active []

 [245]
Underfull \vbox (badness 10000) has occurred while \output is active []

 [246]
Underfull \vbox (badness 10000) has occurred while \output is active []

 [247]
Underfull \vbox (badness 10000) has occurred while \output is active []

 [248]
[249]
Underfull \hbox (badness 10000) in paragraph at lines 7056--7201

 []


Underfull \vbox (badness 10000) has occurred while \output is active []

 [250

]
Underfull \vbox (badness 10000) has occurred while \output is active []

 [251]
Underfull \vbox (badness 10000) has occurred while \output is active []

 [252]
Underfull \vbox (badness 10000) has occurred while \output is active []

 [253]
[254]
Underfull \hbox (badness 10000) in paragraph at lines 7205--7327

 []


Underfull \vbox (badness 10000) has occurred while \output is active []

 [255

]
Underfull \vbox (badness 10000) has occurred while \output is active []

 [256]
Underfull \vbox (badness 10000) has occurred while \output is active []

 [257]
Underfull \vbox (badness 10000) has occurred while \output is active []

 [258]
[259]
Underfull \hbox (badness 10000) in paragraph at lines 7331--7441

 []


Underfull \vbox (badness 10000) has occurred while \output is active []

 [260

]
Underfull \vbox (badness 10000) has occurred while \output is active []

 [261]
Underfull \vbox (badness 10000) has occurred while \output is active []

 [262]
[263]
Underfull \hbox (badness 10000) in paragraph at lines 7445--7608

 []


Underfull \vbox (badness 10000) has occurred while \output is active []

 [264

]
Underfull \vbox (badness 10000) has occurred while \output is active []

 [265]
Underfull \vbox (badness 10000) has occurred while \output is active []

 [266]
Underfull \vbox (badness 10000) has occurred while \output is active []

 [267]
Underfull \vbox (badness 10000) has occurred while \output is active []

 [268]
[269]
Underfull \hbox (badness 10000) in paragraph at lines 7612--7733

 []


Underfull \vbox (badness 10000) has occurred while \output is active []

 [270

]
Underfull \vbox (badness 10000) has occurred while \output is active []

 [271]
Underfull \vbox (badness 10000) has occurred while \output is active []

 [272]
Underfull \vbox (badness 10000) has occurred while \output is active []

 [273]
[274]
Underfull \hbox (badness 10000) in paragraph at lines 7737--7869

 []


Underfull \vbox (badness 10000) has occurred while \output is active []

 [275

]
Underfull \vbox (badness 10000) has occurred while \output is active []

 [276]
Underfull \vbox (badness 10000) has occurred while \output is active []

 [277]
Underfull \vbox (badness 10000) has occurred while \output is active []

 [278]
[279]
Underfull \hbox (badness 10000) in paragraph at lines 7873--8011

 []


Underfull \vbox (badness 10000) has occurred while \output is active []

 [280

]
Underfull \vbox (badness 10000) has occurred while \output is active []

 [281]
Underfull \vbox (badness 10000) has occurred while \output is active []

 [282]
Underfull \vbox (badness 10000) has occurred while \output is active []

 [283]
[284]
Underfull \hbox (badness 10000) in paragraph at lines 8015--8160

 []


Underfull \vbox (badness 10000) has occurred while \output is active []

 [285

]
Underfull \vbox (badness 10000) has occurred while \output is active []

 [286]
Underfull \vbox (badness 10000) has occurred while \output is active []

 [287]
Underfull \vbox (badness 10000) has occurred while \output is active []

 [288]
[289]
Underfull \hbox (badness 10000) in paragraph at lines 8164--8322

 []


Underfull \vbox (badness 10000) has occurred while \output is active []

 [290

]
Underfull \vbox (badness 10000) has occurred while \output is active []

 [291]
Underfull \vbox (badness 10000) has occurred while \output is active []

 [292]
Underfull \vbox (badness 10000) has occurred while \output is active []

 [293]
Underfull \vbox (badness 10000) has occurred while \output is active []

 [294]
[295]
Underfull \hbox (badness 10000) in paragraph at lines 8326--8458

 []


Underfull \vbox (badness 10000) has occurred while \output is active []

 [296

]
Underfull \vbox (badness 10000) has occurred while \output is active []

 [297]
Underfull \vbox (badness 10000) has occurred while \output is active []

 [298]
Underfull \vbox (badness 10000) has occurred while \output is active []

 [299]
[300]
Underfull \hbox (badness 10000) in paragraph at lines 8462--8609

 []


Underfull \vbox (badness 10000) has occurred while \output is active []

 [301

]
Underfull \vbox (badness 10000) has occurred while \output is active []

 [302]
Underfull \vbox (badness 10000) has occurred while \output is active []

 [303]
Underfull \vbox (badness 10000) has occurred while \output is active []

 [304]
[305]
Underfull \hbox (badness 10000) in paragraph at lines 8613--8793

 []


Underfull \vbox (badness 10000) has occurred while \output is active []

 [306

]
Underfull \vbox (badness 10000) has occurred while \output is active []

 [307]
Underfull \vbox (badness 10000) has occurred while \output is active []

 [308]
Underfull \vbox (badness 10000) has occurred while \output is active []

 [309]
Underfull \vbox (badness 10000) has occurred while \output is active []

 [310]
[311]
Underfull \hbox (badness 10000) in paragraph at lines 8797--8956

 []


Underfull \vbox (badness 10000) has occurred while \output is active []

 [312

]
Underfull \vbox (badness 10000) has occurred while \output is active []

 [313]
Underfull \vbox (badness 10000) has occurred while \output is active []

 [314]
Underfull \vbox (badness 10000) has occurred while \output is active []

 [315]
Underfull \vbox (badness 10000) has occurred while \output is active []

 [316]
[317]
Underfull \hbox (badness 10000) in paragraph at lines 8960--9120

 []


Underfull \vbox (badness 10000) has occurred while \output is active []

 [318

]
Underfull \vbox (badness 10000) has occurred while \output is active []

 [319]
Underfull \vbox (badness 10000) has occurred while \output is active []

 [320]
Underfull \vbox (badness 10000) has occurred while \output is active []

 [321]
Underfull \vbox (badness 10000) has occurred while \output is active []

 [322]
[323]
Underfull \hbox (badness 10000) in paragraph at lines 9124--9351

 []


Underfull \vbox (badness 10000) has occurred while \output is active []

 [324

]
Underfull \vbox (badness 10000) has occurred while \output is active []

 [325]
Underfull \vbox (badness 10000) has occurred while \output is active []

 [326]
Underfull \vbox (badness 10000) has occurred while \output is active []

 [327]
Underfull \vbox (badness 10000) has occurred while \output is active []

 [328]
Underfull \vbox (badness 10000) has occurred while \output is active []

 [329]
Underfull \vbox (badness 10000) has occurred while \output is active []

 [330]
[331]
Underfull \hbox (badness 10000) in paragraph at lines 9355--9506

 []


Underfull \vbox (badness 10000) has occurred while \output is active []

 [332

]
Underfull \vbox (badness 10000) has occurred while \output is active []

 [333]
Underfull \vbox (badness 10000) has occurred while \output is active []

 [334]
Underfull \vbox (badness 10000) has occurred while \output is active []

 [335]
[336]
Underfull \hbox (badness 10000) in paragraph at lines 9510--9681

 []


Underfull \vbox (badness 10000) has occurred while \output is active []

 [337

]
Underfull \vbox (badness 10000) has occurred while \output is active []

 [338]
Underfull \vbox (badness 10000) has occurred while \output is active []

 [339]
Underfull \vbox (badness 10000) has occurred while \output is active []

 [340]
Underfull \vbox (badness 10000) has occurred while \output is active []

 [341]
[342]
Underfull \hbox (badness 10000) in paragraph at lines 9685--9851

 []


Underfull \vbox (badness 10000) has occurred while \output is active []

 [343

]
Underfull \vbox (badness 10000) has occurred while \output is active []

 [344]
Underfull \vbox (badness 10000) has occurred while \output is active []

 [345]
Underfull \vbox (badness 10000) has occurred while \output is active []

 [346]
Underfull \vbox (badness 10000) has occurred while \output is active []

 [347]
[348]
Underfull \hbox (badness 10000) in paragraph at lines 9855--10015

 []


Underfull \vbox (badness 10000) has occurred while \output is active []

 [349

]
Underfull \vbox (badness 10000) has occurred while \output is active []

 [350]
Underfull \vbox (badness 10000) has occurred while \output is active []

 [351]
Underfull \vbox (badness 10000) has occurred while \output is active []

 [352]
Underfull \vbox (badness 10000) has occurred while \output is active []

 [353]
[354]
Underfull \hbox (badness 10000) in paragraph at lines 10019--10199

 []


Underfull \vbox (badness 10000) has occurred while \output is active []

 [355

]
Underfull \vbox (badness 10000) has occurred while \output is active []

 [356]
Underfull \vbox (badness 10000) has occurred while \output is active []

 [357]
Underfull \vbox (badness 10000) has occurred while \output is active []

 [358]
Underfull \vbox (badness 10000) has occurred while \output is active []

 [359]
[360]
Underfull \hbox (badness 10000) in paragraph at lines 10203--10366

 []


Underfull \vbox (badness 10000) has occurred while \output is active []

 [361

]
Underfull \vbox (badness 10000) has occurred while \output is active []

 [362]
Underfull \vbox (badness 10000) has occurred while \output is active []

 [363]
Underfull \vbox (badness 10000) has occurred while \output is active []

 [364]
Underfull \vbox (badness 10000) has occurred while \output is active []

 [365]
[366]
Underfull \hbox (badness 10000) in paragraph at lines 10370--10537

 []


Underfull \vbox (badness 10000) has occurred while \output is active []

 [367

]
Underfull \vbox (badness 10000) has occurred while \output is active []

 [368]
Underfull \vbox (badness 10000) has occurred while \output is active []

 [369]
Underfull \vbox (badness 10000) has occurred while \output is active []

 [370]
Underfull \vbox (badness 10000) has occurred while \output is active []

 [371]
[372]
Underfull \hbox (badness 10000) in paragraph at lines 10541--10693

 []


Underfull \vbox (badness 10000) has occurred while \output is active []

 [373

]
Underfull \vbox (badness 10000) has occurred while \output is active []

 [374]
Underfull \vbox (badness 10000) has occurred while \output is active []

 [375]
Underfull \vbox (badness 10000) has occurred while \output is active []

 [376]
Underfull \vbox (badness 10000) has occurred while \output is active []

 [377]
[378]
Underfull \hbox (badness 10000) in paragraph at lines 10697--10846

 []


Underfull \vbox (badness 10000) has occurred while \output is active []

 [379

]
Underfull \vbox (badness 10000) has occurred while \output is active []

 [380]
Underfull \vbox (badness 10000) has occurred while \output is active []

 [381]
Underfull \vbox (badness 10000) has occurred while \output is active []

 [382]
[383]
Underfull \hbox (badness 10000) in paragraph at lines 10850--11002

 []


Underfull \vbox (badness 10000) has occurred while \output is active []

 [384

]
Underfull \vbox (badness 10000) has occurred while \output is active []

 [385]
Underfull \vbox (badness 10000) has occurred while \output is active []

 [386]
Underfull \vbox (badness 10000) has occurred while \output is active []

 [387]
Underfull \vbox (badness 10000) has occurred while \output is active []

 [388]
[389]
Underfull \hbox (badness 10000) in paragraph at lines 11006--11174

 []


Underfull \vbox (badness 10000) has occurred while \output is active []

 [390

]
Underfull \vbox (badness 10000) has occurred while \output is active []

 [391]
Underfull \vbox (badness 10000) has occurred while \output is active []

 [392]
Underfull \vbox (badness 10000) has occurred while \output is active []

 [393]
Underfull \vbox (badness 10000) has occurred while \output is active []

 [394]
[395]
Underfull \hbox (badness 10000) in paragraph at lines 11178--11305

 []


Underfull \vbox (badness 10000) has occurred while \output is active []

 [396

]
Underfull \vbox (badness 10000) has occurred while \output is active []

 [397]
Underfull \vbox (badness 10000) has occurred while \output is active []

 [398]
Underfull \vbox (badness 10000) has occurred while \output is active []

 [399]
[400]
Underfull \hbox (badness 10000) in paragraph at lines 11309--11459

 []


Underfull \vbox (badness 10000) has occurred while \output is active []

 [401

]
Underfull \vbox (badness 10000) has occurred while \output is active []

 [402]
Underfull \vbox (badness 10000) has occurred while \output is active []

 [403]
Underfull \vbox (badness 10000) has occurred while \output is active []

 [404]
[405]
Underfull \hbox (badness 10000) in paragraph at lines 11463--11597

 []


Underfull \vbox (badness 10000) has occurred while \output is active []

 [406

]
Underfull \vbox (badness 10000) has occurred while \output is active []

 [407]
Underfull \vbox (badness 10000) has occurred while \output is active []

 [408]
Underfull \vbox (badness 10000) has occurred while \output is active []

 [409]
[410]
Underfull \hbox (badness 10000) in paragraph at lines 11601--11722

 []


Underfull \vbox (badness 10000) has occurred while \output is active []

 [411

]
Underfull \vbox (badness 10000) has occurred while \output is active []

 [412]
Underfull \vbox (badness 10000) has occurred while \output is active []

 [413]
Underfull \vbox (badness 10000) has occurred while \output is active []

 [414]
[415]
Underfull \hbox (badness 10000) in paragraph at lines 11726--11871

 []


Underfull \vbox (badness 10000) has occurred while \output is active []

 [416

]
Underfull \vbox (badness 10000) has occurred while \output is active []

 [417]
Underfull \vbox (badness 10000) has occurred while \output is active []

 [418]
Underfull \vbox (badness 10000) has occurred while \output is active []

 [419]
[420]
Underfull \hbox (badness 10000) in paragraph at lines 11875--12011

 []


Underfull \vbox (badness 10000) has occurred while \output is active []

 [421

]
Underfull \vbox (badness 10000) has occurred while \output is active []

 [422]
Underfull \vbox (badness 10000) has occurred while \output is active []

 [423]
Underfull \vbox (badness 10000) has occurred while \output is active []

 [424]
[425]
Underfull \hbox (badness 10000) in paragraph at lines 12015--12142

 []


Underfull \vbox (badness 10000) has occurred while \output is active []

 [426

]
Underfull \vbox (badness 10000) has occurred while \output is active []

 [427]
Underfull \vbox (badness 10000) has occurred while \output is active []

 [428]
Underfull \vbox (badness 10000) has occurred while \output is active []

 [429]
[430]
Underfull \hbox (badness 10000) in paragraph at lines 12146--12267

 []


Underfull \vbox (badness 10000) has occurred while \output is active []

 [431

]
Underfull \vbox (badness 10000) has occurred while \output is active []

 [432]
Underfull \vbox (badness 10000) has occurred while \output is active []

 [433]
Underfull \vbox (badness 10000) has occurred while \output is active []

 [434]
[435]
Underfull \hbox (badness 10000) in paragraph at lines 12271--12410

 []


Underfull \vbox (badness 10000) has occurred while \output is active []

 [436

]
Underfull \vbox (badness 10000) has occurred while \output is active []

 [437]
Underfull \vbox (badness 10000) has occurred while \output is active []

 [438]
Underfull \vbox (badness 10000) has occurred while \output is active []

 [439]
[440]
Underfull \hbox (badness 10000) in paragraph at lines 12414--12535

 []


Underfull \vbox (badness 10000) has occurred while \output is active []

 [441

]
Underfull \vbox (badness 10000) has occurred while \output is active []

 [442]
Underfull \vbox (badness 10000) has occurred while \output is active []

 [443]
Underfull \vbox (badness 10000) has occurred while \output is active []

 [444]
[445]
Underfull \hbox (badness 10000) in paragraph at lines 12539--12672

 []


Underfull \vbox (badness 10000) has occurred while \output is active []

 [446

]
Underfull \vbox (badness 10000) has occurred while \output is active []

 [447]
Underfull \vbox (badness 10000) has occurred while \output is active []

 [448]
Underfull \vbox (badness 10000) has occurred while \output is active []

 [449]
[450]
Underfull \hbox (badness 10000) in paragraph at lines 12676--12851

 []


Underfull \vbox (badness 10000) has occurred while \output is active []

 [451

]
Underfull \vbox (badness 10000) has occurred while \output is active []

 [452]
Underfull \vbox (badness 10000) has occurred while \output is active []

 [453]
Underfull \vbox (badness 10000) has occurred while \output is active []

 [454]
Underfull \vbox (badness 10000) has occurred while \output is active []

 [455]
[456]
Underfull \hbox (badness 10000) in paragraph at lines 12855--13009

 []


Underfull \vbox (badness 10000) has occurred while \output is active []

 [457

]
Underfull \vbox (badness 10000) has occurred while \output is active []

 [458]
Underfull \vbox (badness 10000) has occurred while \output is active []

 [459]
Underfull \vbox (badness 10000) has occurred while \output is active []

 [460]
Underfull \vbox (badness 10000) has occurred while \output is active []

 [461]
[462]
Underfull \hbox (badness 10000) in paragraph at lines 13013--13178

 []


Underfull \vbox (badness 10000) has occurred while \output is active []

 [463

]
Underfull \vbox (badness 10000) has occurred while \output is active []

 [464]
Underfull \vbox (badness 10000) has occurred while \output is active []

 [465]
Underfull \vbox (badness 10000) has occurred while \output is active []

 [466]
Underfull \vbox (badness 10000) has occurred while \output is active []

 [467]
[468]
Underfull \hbox (badness 10000) in paragraph at lines 13182--13339

 []


Underfull \vbox (badness 10000) has occurred while \output is active []

 [469

]
Underfull \vbox (badness 10000) has occurred while \output is active []

 [470]
Underfull \vbox (badness 10000) has occurred while \output is active []

 [471]
Underfull \vbox (badness 10000) has occurred while \output is active []

 [472]
Underfull \vbox (badness 10000) has occurred while \output is active []

 [473]
[474]
Underfull \hbox (badness 10000) in paragraph at lines 13343--13516

 []


Underfull \vbox (badness 10000) has occurred while \output is active []

 [475

]
Underfull \vbox (badness 10000) has occurred while \output is active []

 [476]
Underfull \vbox (badness 10000) has occurred while \output is active []

 [477]
Underfull \vbox (badness 10000) has occurred while \output is active []

 [478]
Underfull \vbox (badness 10000) has occurred while \output is active []

 [479]
[480]
Underfull \hbox (badness 10000) in paragraph at lines 13520--13669

 []


Underfull \vbox (badness 10000) has occurred while \output is active []

 [481

]
Underfull \vbox (badness 10000) has occurred while \output is active []

 [482]
Underfull \vbox (badness 10000) has occurred while \output is active []

 [483]
Underfull \vbox (badness 10000) has occurred while \output is active []

 [484]
[485]
Underfull \hbox (badness 10000) in paragraph at lines 13673--13841

 []


Underfull \vbox (badness 10000) has occurred while \output is active []

 [486

]
Underfull \vbox (badness 10000) has occurred while \output is active []

 [487]
Underfull \vbox (badness 10000) has occurred while \output is active []

 [488]
Underfull \vbox (badness 10000) has occurred while \output is active []

 [489]
Underfull \vbox (badness 10000) has occurred while \output is active []

 [490]
[491]
Underfull \hbox (badness 10000) in paragraph at lines 13845--14052

 []


Underfull \vbox (badness 10000) has occurred while \output is active []

 [492

]
Underfull \vbox (badness 10000) has occurred while \output is active []

 [493]
Underfull \vbox (badness 10000) has occurred while \output is active []

 [494]
Underfull \vbox (badness 10000) has occurred while \output is active []

 [495]
Underfull \vbox (badness 10000) has occurred while \output is active []

 [496]
Underfull \vbox (badness 10000) has occurred while \output is active []

 [497]
[498]
Underfull \hbox (badness 10000) in paragraph at lines 14056--14225

 []


Underfull \vbox (badness 10000) has occurred while \output is active []

 [499

]
Underfull \vbox (badness 10000) has occurred while \output is active []

 [500]
Underfull \vbox (badness 10000) has occurred while \output is active []

 [501]
Underfull \vbox (badness 10000) has occurred while \output is active []

 [502]
Underfull \vbox (badness 10000) has occurred while \output is active []

 [503]
[504]
Underfull \hbox (badness 10000) in paragraph at lines 14229--14378

 []


Underfull \vbox (badness 10000) has occurred while \output is active []

 [505

]
Underfull \vbox (badness 10000) has occurred while \output is active []

 [506]
Underfull \vbox (badness 10000) has occurred while \output is active []

 [507]
Underfull \vbox (badness 10000) has occurred while \output is active []

 [508]
[509]
Underfull \hbox (badness 10000) in paragraph at lines 14382--14548

 []


Underfull \vbox (badness 10000) has occurred while \output is active []

 [510

]
Underfull \vbox (badness 10000) has occurred while \output is active []

 [511]
Underfull \vbox (badness 10000) has occurred while \output is active []

 [512]
Underfull \vbox (badness 10000) has occurred while \output is active []

 [513]
Underfull \vbox (badness 10000) has occurred while \output is active []

 [514]
[515]
Underfull \hbox (badness 10000) in paragraph at lines 14552--14717

 []


Underfull \vbox (badness 10000) has occurred while \output is active []

 [516

]
Underfull \vbox (badness 10000) has occurred while \output is active []

 [517]
Underfull \vbox (badness 10000) has occurred while \output is active []

 [518]
Underfull \vbox (badness 10000) has occurred while \output is active []

 [519]
Underfull \vbox (badness 10000) has occurred while \output is active []

 [520]
[521]
Underfull \hbox (badness 10000) in paragraph at lines 14721--14902

 []


Underfull \vbox (badness 10000) has occurred while \output is active []

 [522

]
Underfull \vbox (badness 10000) has occurred while \output is active []

 [523]
Underfull \vbox (badness 10000) has occurred while \output is active []

 [524]
Underfull \vbox (badness 10000) has occurred while \output is active []

 [525]
Underfull \vbox (badness 10000) has occurred while \output is active []

 [526]
[527]
Underfull \hbox (badness 10000) in paragraph at lines 14906--15045

 []


Underfull \vbox (badness 10000) has occurred while \output is active []

 [528

]
Underfull \vbox (badness 10000) has occurred while \output is active []

 [529]
Underfull \vbox (badness 10000) has occurred while \output is active []

 [530]
Underfull \vbox (badness 10000) has occurred while \output is active []

 [531]
[532]
Underfull \hbox (badness 10000) in paragraph at lines 15049--15199

 []


Underfull \vbox (badness 10000) has occurred while \output is active []

 [533

]
Underfull \vbox (badness 10000) has occurred while \output is active []

 [534]
Underfull \vbox (badness 10000) has occurred while \output is active []

 [535]
Underfull \vbox (badness 10000) has occurred while \output is active []

 [536]
[537]
Underfull \hbox (badness 10000) in paragraph at lines 15203--15360

 []


Underfull \vbox (badness 10000) has occurred while \output is active []

 [538

]
Underfull \vbox (badness 10000) has occurred while \output is active []

 [539]
Underfull \vbox (badness 10000) has occurred while \output is active []

 [540]
Underfull \vbox (badness 10000) has occurred while \output is active []

 [541]
Underfull \vbox (badness 10000) has occurred while \output is active []

 [542]
[543]
Underfull \hbox (badness 10000) in paragraph at lines 15364--15535

 []


Underfull \vbox (badness 10000) has occurred while \output is active []

 [544

]
Underfull \vbox (badness 10000) has occurred while \output is active []

 [545]
Underfull \vbox (badness 10000) has occurred while \output is active []

 [546]
Underfull \vbox (badness 10000) has occurred while \output is active []

 [547]
Underfull \vbox (badness 10000) has occurred while \output is active []

 [548]
[549]
Underfull \hbox (badness 10000) in paragraph at lines 15539--15700

 []


Underfull \vbox (badness 10000) has occurred while \output is active []

 [550

]
Underfull \vbox (badness 10000) has occurred while \output is active []

 [551]
Underfull \vbox (badness 10000) has occurred while \output is active []

 [552]
Underfull \vbox (badness 10000) has occurred while \output is active []

 [553]
Underfull \vbox (badness 10000) has occurred while \output is active []

 [554]
[555]
Underfull \hbox (badness 10000) in paragraph at lines 15704--15879

 []


Underfull \vbox (badness 10000) has occurred while \output is active []

 [556

]
Underfull \vbox (badness 10000) has occurred while \output is active []

 [557]
Underfull \vbox (badness 10000) has occurred while \output is active []

 [558]
Underfull \vbox (badness 10000) has occurred while \output is active []

 [559]
Underfull \vbox (badness 10000) has occurred while \output is active []

 [560]
[561]
Underfull \hbox (badness 10000) in paragraph at lines 15883--16083

 []


Underfull \vbox (badness 10000) has occurred while \output is active []

 [562

]
Underfull \vbox (badness 10000) has occurred while \output is active []

 [563]
Underfull \vbox (badness 10000) has occurred while \output is active []

 [564]
Underfull \vbox (badness 10000) has occurred while \output is active []

 [565]
Underfull \vbox (badness 10000) has occurred while \output is active []

 [566]
Underfull \vbox (badness 10000) has occurred while \output is active []

 [567]
[568]
Underfull \hbox (badness 10000) in paragraph at lines 16087--16265

 []


Underfull \vbox (badness 10000) has occurred while \output is active []

 [569

]
Underfull \vbox (badness 10000) has occurred while \output is active []

 [570]
Underfull \vbox (badness 10000) has occurred while \output is active []

 [571]
Underfull \vbox (badness 10000) has occurred while \output is active []

 [572]
Underfull \vbox (badness 10000) has occurred while \output is active []

 [573]
[574]
Underfull \hbox (badness 10000) in paragraph at lines 16269--16390

 []


Underfull \vbox (badness 10000) has occurred while \output is active []

 [575

]
Underfull \vbox (badness 10000) has occurred while \output is active []

 [576]
Underfull \vbox (badness 10000) has occurred while \output is active []

 [577]
Underfull \vbox (badness 10000) has occurred while \output is active []

 [578]
[579]
Underfull \hbox (badness 10000) in paragraph at lines 16394--16570

 []


Underfull \vbox (badness 10000) has occurred while \output is active []

 [580

]
Underfull \vbox (badness 10000) has occurred while \output is active []

 [581]
Underfull \vbox (badness 10000) has occurred while \output is active []

 [582]
Underfull \vbox (badness 10000) has occurred while \output is active []

 [583]
Underfull \vbox (badness 10000) has occurred while \output is active []

 [584]
[585]
Underfull \hbox (badness 10000) in paragraph at lines 16574--16729

 []


Underfull \vbox (badness 10000) has occurred while \output is active []

 [586

]
Underfull \vbox (badness 10000) has occurred while \output is active []

 [587]
Underfull \vbox (badness 10000) has occurred while \output is active []

 [588]
Underfull \vbox (badness 10000) has occurred while \output is active []

 [589]
Underfull \vbox (badness 10000) has occurred while \output is active []

 [590]
[591]
Underfull \hbox (badness 10000) in paragraph at lines 16733--16901

 []


Underfull \vbox (badness 10000) has occurred while \output is active []

 [592

]
Underfull \vbox (badness 10000) has occurred while \output is active []

 [593]
Underfull \vbox (badness 10000) has occurred while \output is active []

 [594]
Underfull \vbox (badness 10000) has occurred while \output is active []

 [595]
Underfull \vbox (badness 10000) has occurred while \output is active []

 [596]
[597]
Underfull \hbox (badness 10000) in paragraph at lines 16905--17034

 []


Underfull \vbox (badness 10000) has occurred while \output is active []

 [598

]
Underfull \vbox (badness 10000) has occurred while \output is active []

 [599]
Underfull \vbox (badness 10000) has occurred while \output is active []

 [600]
Underfull \vbox (badness 10000) has occurred while \output is active []

 [601]
[602]
Underfull \hbox (badness 10000) in paragraph at lines 17038--17175

 []


Underfull \vbox (badness 10000) has occurred while \output is active []

 [603

]
Underfull \vbox (badness 10000) has occurred while \output is active []

 [604]
Underfull \vbox (badness 10000) has occurred while \output is active []

 [605]
Underfull \vbox (badness 10000) has occurred while \output is active []

 [606]
[607]
Underfull \hbox (badness 10000) in paragraph at lines 17179--17329

 []


Underfull \vbox (badness 10000) has occurred while \output is active []

 [608

]
Underfull \vbox (badness 10000) has occurred while \output is active []

 [609]
Underfull \vbox (badness 10000) has occurred while \output is active []

 [610]
Underfull \vbox (badness 10000) has occurred while \output is active []

 [611]
[612]
Underfull \hbox (badness 10000) in paragraph at lines 17333--17448

 []


Underfull \vbox (badness 10000) has occurred while \output is active []

 [613

]
Underfull \vbox (badness 10000) has occurred while \output is active []

 [614]
Underfull \vbox (badness 10000) has occurred while \output is active []

 [615]
[616]
Underfull \hbox (badness 10000) in paragraph at lines 17452--17575

 []


Underfull \vbox (badness 10000) has occurred while \output is active []

 [617

]
Underfull \vbox (badness 10000) has occurred while \output is active []

 [618]
Underfull \vbox (badness 10000) has occurred while \output is active []

 [619]
Underfull \vbox (badness 10000) has occurred while \output is active []

 [620]
[621]
Underfull \hbox (badness 10000) in paragraph at lines 17579--17712

 []


Underfull \vbox (badness 10000) has occurred while \output is active []

 [622

]
Underfull \vbox (badness 10000) has occurred while \output is active []

 [623]
Underfull \vbox (badness 10000) has occurred while \output is active []

 [624]
Underfull \vbox (badness 10000) has occurred while \output is active []

 [625]
[626]
Underfull \hbox (badness 10000) in paragraph at lines 17716--17836

 []


Underfull \vbox (badness 10000) has occurred while \output is active []

 [627

]
Underfull \vbox (badness 10000) has occurred while \output is active []

 [628]
Underfull \vbox (badness 10000) has occurred while \output is active []

 [629]
Underfull \vbox (badness 10000) has occurred while \output is active []

 [630]
[631]
Underfull \hbox (badness 10000) in paragraph at lines 17840--17965

 []


Underfull \vbox (badness 10000) has occurred while \output is active []

 [632

]
Underfull \vbox (badness 10000) has occurred while \output is active []

 [633]
Underfull \vbox (badness 10000) has occurred while \output is active []

 [634]
Underfull \vbox (badness 10000) has occurred while \output is active []

 [635]
[636]
Underfull \hbox (badness 10000) in paragraph at lines 17969--18101

 []


Underfull \vbox (badness 10000) has occurred while \output is active []

 [637

]
Underfull \vbox (badness 10000) has occurred while \output is active []

 [638]
Underfull \vbox (badness 10000) has occurred while \output is active []

 [639]
Underfull \vbox (badness 10000) has occurred while \output is active []

 [640]
[641]
Underfull \hbox (badness 10000) in paragraph at lines 18105--18247

 []


Underfull \vbox (badness 10000) has occurred while \output is active []

 [642

]
Underfull \vbox (badness 10000) has occurred while \output is active []

 [643]
Underfull \vbox (badness 10000) has occurred while \output is active []

 [644]
Underfull \vbox (badness 10000) has occurred while \output is active []

 [645]
[646]
Underfull \hbox (badness 10000) in paragraph at lines 18251--18364

 []


Underfull \vbox (badness 10000) has occurred while \output is active []

 [647

]
Underfull \vbox (badness 10000) has occurred while \output is active []

 [648]
Underfull \vbox (badness 10000) has occurred while \output is active []

 [649]
[650]
Underfull \hbox (badness 10000) in paragraph at lines 18368--18522

 []


Underfull \vbox (badness 10000) has occurred while \output is active []

 [651

]
Underfull \vbox (badness 10000) has occurred while \output is active []

 [652]
Underfull \vbox (badness 10000) has occurred while \output is active []

 [653]
Underfull \vbox (badness 10000) has occurred while \output is active []

 [654]
Underfull \vbox (badness 10000) has occurred while \output is active []

 [655]
[656])
Underfull \hbox (badness 10000) in paragraph at lines 18526--78

 []


Underfull \vbox (badness 10000) has occurred while \output is active []

 [657

]
Underfull \vbox (badness 10000) has occurred while \output is active []

 [658]
Underfull \vbox (badness 10000) has occurred while \output is active []

 [659]
Underfull \vbox (badness 10000) has occurred while \output is active []

 [660]
Underfull \vbox (badness 10000) has occurred while \output is active []

 [661]
Underfull \vbox (badness 10000) has occurred while \output is active []

 [662]
[663] (./template01.aux)

Package rerunfilecheck Warning: File `template01.out' has changed.
(rerunfilecheck)                Rerun to get outlines right
(rerunfilecheck)                or use package `bookmark'.

Package rerunfilecheck Info: Checksums for `template01.out':
(rerunfilecheck)             Before: 1DB248D80871E311D4362CD0E54CE399;53368
(rerunfilecheck)             After:  0F524D19CD049762AFC69AF2D2BA2A39;53248.
 ) 
Here is how much of TeX's memory you used:
 13158 strings out of 477756
 308836 string characters out of 5843518
 797204 words of memory out of 5000000
 33666 multiletter control sequences out of 15000+600000
 470297 words of font info for 46 fonts, out of 8000000 for 9000
 264 hyphenation exceptions out of 8191
 70i,11n,81p,296b,386s stack positions out of 5000i,500n,10000p,200000b,80000s

Output written on template01.pdf (673 pages).
