\BOOKMARK [1][-]{chapter1.1}{\376\377\173\054\116\000\126\336\000\040\133\264\150\103\126\355\214\152\147\160\116\011\176\323\116\111\000\040\145\251\236\304\135\376\202\361\226\304\231\226\172\313\122\237}{}% 1
\BOOKMARK [0][]{chapter*.2}{\376\377\173\054\116\000\126\336\000\040\133\264\150\103\126\355\214\152\147\160\116\011\176\323\116\111\000\040\145\251\236\304\135\376\202\361\226\304\231\226\172\313\122\237}{}% 2
\BOOKMARK [1][-]{chapter2.1}{\376\377\173\054\116\214\126\336\000\040\137\040\177\374\137\267\140\022\227\255\167\143\220\256\000\040\117\125\126\375\202\005\214\013\213\333\133\246\172\326}{chapter*.2}% 3
\BOOKMARK [0][]{chapter*.3}{\376\377\173\054\116\214\126\336\000\040\137\040\177\374\137\267\140\022\227\255\167\143\220\256\000\040\117\125\126\375\202\005\214\013\213\333\133\246\172\326}{}% 4
\BOOKMARK [1][-]{chapter3.1}{\376\377\173\054\116\011\126\336\000\040\213\256\156\051\146\016\204\143\123\123\123\361\116\001\123\237\000\040\231\210\221\321\163\340\147\116\200\203\213\364\124\025\136\003}{chapter*.3}% 5
\BOOKMARK [0][]{chapter*.4}{\376\377\173\054\116\011\126\336\000\040\213\256\156\051\146\016\204\143\123\123\123\361\116\001\123\237\000\040\231\210\221\321\163\340\147\116\200\203\213\364\124\025\136\003}{}% 6
\BOOKMARK [1][-]{chapter4.1}{\376\377\173\054\126\333\126\336\000\040\136\237\154\111\136\035\226\110\165\131\215\365\117\115\000\040\214\013\204\143\215\074\133\137\137\267\163\056\122\000}{chapter*.4}% 7
\BOOKMARK [0][]{chapter*.5}{\376\377\173\054\126\333\126\336\000\040\136\237\154\111\136\035\226\110\165\131\215\365\117\115\000\040\214\013\204\143\215\074\133\137\137\267\163\056\122\000}{}% 8
\BOOKMARK [1][-]{chapter5.1}{\376\377\173\054\116\224\126\336\000\040\123\321\167\353\213\317\213\370\225\107\136\224\146\371\121\154\000\040\170\064\121\163\121\165\116\011\202\361\142\030\124\025\136\003}{chapter*.5}% 9
\BOOKMARK [0][]{chapter*.6}{\376\377\173\054\116\224\126\336\000\040\123\321\167\353\213\317\213\370\225\107\136\224\146\371\121\154\000\040\170\064\121\163\121\165\116\011\202\361\142\030\124\025\136\003}{}% 10
\BOOKMARK [1][-]{chapter6.1}{\376\377\173\054\121\155\126\336\000\040\161\032\221\321\226\031\204\143\123\123\210\114\121\366\000\040\123\077\163\211\163\272\133\131\127\132\200\314\176\246}{chapter*.6}% 11
\BOOKMARK [0][]{chapter*.7}{\376\377\173\054\121\155\126\336\000\040\161\032\221\321\226\031\204\143\123\123\210\114\121\366\000\040\123\077\163\211\163\272\133\131\127\132\200\314\176\246}{}% 12
\BOOKMARK [1][-]{chapter7.1}{\376\377\173\054\116\003\126\336\000\040\210\201\176\315\170\320\154\263\142\030\121\154\133\131\000\040\133\131\127\132\215\350\154\137\121\373\122\030\210\150}{chapter*.7}% 13
\BOOKMARK [0][]{chapter*.8}{\376\377\173\054\116\003\126\336\000\040\210\201\176\315\170\320\154\263\142\030\121\154\133\131\000\040\133\131\127\132\215\350\154\137\121\373\122\030\210\150}{}% 14
\BOOKMARK [1][-]{chapter8.1}{\376\377\173\054\121\153\126\336\000\040\163\213\123\370\137\222\135\347\117\177\217\336\163\257\213\241\000\040\204\143\131\052\136\010\131\047\225\371\121\344\116\352\116\255}{chapter*.8}% 15
\BOOKMARK [0][]{chapter*.9}{\376\377\173\054\121\153\126\336\000\040\163\213\123\370\137\222\135\347\117\177\217\336\163\257\213\241\000\040\204\143\131\052\136\010\131\047\225\371\121\344\116\352\116\255}{}% 16
\BOOKMARK [1][-]{chapter9.1}{\376\377\173\054\116\135\126\336\000\040\226\144\121\366\146\264\124\025\136\003\122\251\123\370\137\222\000\040\162\257\225\177\133\211\147\116\120\225\124\054\215\076\213\351}{chapter*.9}% 17
\BOOKMARK [0][]{chapter*.10}{\376\377\173\054\116\135\126\336\000\040\226\144\121\366\146\264\124\025\136\003\122\251\123\370\137\222\000\040\162\257\225\177\133\211\147\116\120\225\124\054\215\076\213\351}{}% 18
\BOOKMARK [1][-]{chapter10.1}{\376\377\173\054\123\101\126\336\000\040\122\344\163\213\133\244\232\154\201\176\116\076\116\111\000\040\142\245\162\066\116\307\146\371\144\315\121\164\136\010}{chapter*.10}% 19
\BOOKMARK [0][]{chapter*.11}{\376\377\173\054\123\101\126\336\000\040\122\344\163\213\133\244\232\154\201\176\116\076\116\111\000\040\142\245\162\066\116\307\146\371\144\315\121\164\136\010}{}% 20
\BOOKMARK [1][-]{chapter11.1}{\376\377\173\054\123\101\116\000\126\336\000\040\122\030\166\207\123\324\123\027\155\167\145\121\133\124\207\215\000\040\124\025\156\051\117\257\157\356\226\063\170\064\146\371\144\315}{chapter*.11}% 21
\BOOKMARK [0][]{chapter*.12}{\376\377\173\054\123\101\116\000\126\336\000\040\122\030\166\207\123\324\123\027\155\167\145\121\133\124\207\215\000\040\124\025\156\051\117\257\157\356\226\063\170\064\146\371\144\315}{}% 22
\BOOKMARK [1][-]{chapter12.1}{\376\377\173\054\123\101\116\214\126\336\000\040\226\166\140\155\171\126\116\011\213\251\137\220\135\336\000\040\146\371\133\137\137\267\131\047\142\030\124\025\136\003}{chapter*.12}% 23
\BOOKMARK [0][]{chapter*.13}{\376\377\173\054\123\101\116\214\126\336\000\040\226\166\140\155\171\126\116\011\213\251\137\220\135\336\000\040\146\371\133\137\137\267\131\047\142\030\124\025\136\003}{}% 24
\BOOKMARK [1][-]{chapter13.1}{\376\377\173\054\123\101\116\011\126\336\000\040\147\116\120\225\220\355\154\134\131\047\116\244\121\165\000\040\147\150\131\111\204\143\142\177\123\314\145\121\232\176}{chapter*.13}% 25
\BOOKMARK [0][]{chapter*.14}{\376\377\173\054\123\101\116\011\126\336\000\040\147\116\120\225\220\355\154\134\131\047\116\244\121\165\000\040\147\150\131\111\204\143\142\177\123\314\145\121\232\176}{}% 26
\BOOKMARK [1][-]{chapter14.1}{\376\377\173\054\123\101\126\333\126\336\000\040\146\371\133\137\137\267\171\373\232\176\136\170\213\270\220\375\000\040\124\025\131\111\121\110\116\130\131\034\210\255\137\220\220\341}{chapter*.14}% 27
\BOOKMARK [0][]{chapter*.15}{\376\377\173\054\123\101\126\333\126\336\000\040\146\371\133\137\137\267\171\373\232\176\136\170\213\270\220\375\000\040\124\025\131\111\121\110\116\130\131\034\210\255\137\220\220\341}{}% 28
\BOOKMARK [1][-]{chapter15.1}{\376\377\173\054\123\101\116\224\126\336\000\040\131\052\123\362\141\110\221\143\145\227\134\017\227\070\163\213\000\040\133\131\117\057\173\046\131\047\142\030\116\045\166\175\206\116}{chapter*.15}% 29
\BOOKMARK [0][]{chapter*.16}{\376\377\173\054\123\101\116\224\126\336\000\040\131\052\123\362\141\110\221\143\145\227\134\017\227\070\163\213\000\040\133\131\117\057\173\046\131\047\142\030\116\045\166\175\206\116}{}% 30
\BOOKMARK [1][-]{chapter16.1}{\376\377\173\054\123\101\121\155\126\336\000\040\124\025\131\111\121\110\134\004\142\037\217\225\225\350\000\040\146\371\133\137\137\267\215\045\136\010\155\357\154\064}{chapter*.16}% 31
\BOOKMARK [0][]{chapter*.17}{\376\377\173\054\123\101\121\155\126\336\000\040\124\025\131\111\121\110\134\004\142\037\217\225\225\350\000\040\146\371\133\137\137\267\215\045\136\010\155\357\154\064}{}% 32
\BOOKMARK [1][-]{chapter17.1}{\376\377\173\054\123\101\116\003\126\336\000\040\210\201\121\154\215\357\131\047\215\167\116\003\121\233\000\040\146\371\133\137\137\267\117\032\124\010\116\011\134\006}{chapter*.17}% 33
\BOOKMARK [0][]{chapter*.18}{\376\377\173\054\123\101\116\003\126\336\000\040\210\201\121\154\215\357\131\047\215\167\116\003\121\233\000\040\146\371\133\137\137\267\117\032\124\010\116\011\134\006}{}% 34
\BOOKMARK [1][-]{chapter18.1}{\376\377\173\054\123\101\121\153\126\336\000\040\215\076\145\207\124\214\145\231\145\114\121\263\200\334\000\040\131\017\117\257\140\307\142\324\167\342\125\126\167\133}{chapter*.18}% 35
\BOOKMARK [0][]{chapter*.19}{\376\377\173\054\123\101\121\153\126\336\000\040\215\076\145\207\124\214\145\231\145\114\121\263\200\334\000\040\131\017\117\257\140\307\142\324\167\342\125\126\167\133}{}% 36
\BOOKMARK [1][-]{chapter19.1}{\376\377\173\054\123\101\116\135\126\336\000\040\116\013\220\263\127\316\146\371\144\315\223\326\121\165\000\040\166\175\225\350\151\174\124\025\136\003\153\222\124\175}{chapter*.19}% 37
\BOOKMARK [0][]{chapter*.20}{\376\377\173\054\123\101\116\135\126\336\000\040\116\013\220\263\127\316\146\371\144\315\223\326\121\165\000\040\166\175\225\350\151\174\124\025\136\003\153\222\124\175}{}% 38
\BOOKMARK [1][-]{chapter20.1}{\376\377\173\054\116\214\123\101\126\336\000\040\146\371\226\077\167\222\213\270\165\060\142\123\126\364\000\040\204\143\126\375\202\005\121\205\226\001\123\327\213\317}{chapter*.20}% 39
\BOOKMARK [0][]{chapter*.21}{\376\377\173\054\116\214\123\101\126\336\000\040\146\371\226\077\167\222\213\270\165\060\142\123\126\364\000\040\204\143\126\375\202\005\121\205\226\001\123\327\213\317}{}% 40
\BOOKMARK [1][-]{chapter21.1}{\376\377\173\054\116\214\123\101\116\000\126\336\000\040\146\371\144\315\161\156\221\122\213\272\202\361\226\304\000\040\121\163\121\154\215\132\127\316\145\251\217\146\200\304}{chapter*.21}% 41
\BOOKMARK [0][]{chapter*.22}{\376\377\173\054\116\214\123\101\116\000\126\336\000\040\146\371\144\315\161\156\221\122\213\272\202\361\226\304\000\040\121\163\121\154\215\132\127\316\145\251\217\146\200\304}{}% 42
\BOOKMARK [1][-]{chapter22.1}{\376\377\173\054\116\214\123\101\116\214\126\336\000\040\210\201\146\371\124\004\215\167\232\154\153\145\116\011\121\233\000\040\121\163\137\040\121\161\144\322\163\213\122\030\116\214\134\006}{chapter*.22}% 43
\BOOKMARK [0][]{chapter*.23}{\376\377\173\054\116\214\123\101\116\214\126\336\000\040\210\201\146\371\124\004\215\167\232\154\153\145\116\011\121\233\000\040\121\163\137\040\121\161\144\322\163\213\122\030\116\214\134\006}{}% 44
\BOOKMARK [1][-]{chapter23.1}{\376\377\173\054\116\214\123\101\116\011\126\336\000\040\171\142\153\143\136\163\210\370\210\143\232\202\215\074\000\040\124\011\131\052\123\073\116\013\153\322\220\155\122\021}{chapter*.23}% 45
\BOOKMARK [0][]{chapter*.24}{\376\377\173\054\116\214\123\101\116\011\126\336\000\040\171\142\153\143\136\163\210\370\210\143\232\202\215\074\000\040\124\011\131\052\123\073\116\013\153\322\220\155\122\021}{}% 46
\BOOKMARK [1][-]{chapter24.1}{\376\377\173\054\116\214\123\101\126\333\126\336\000\040\126\375\215\074\210\114\121\366\147\100\215\065\131\203\000\040\166\207\123\324\215\045\215\160\142\225\210\201\176\315}{chapter*.24}% 47
\BOOKMARK [0][]{chapter*.25}{\376\377\173\054\116\214\123\101\126\333\126\336\000\040\126\375\215\074\210\114\121\366\147\100\215\065\131\203\000\040\166\207\123\324\215\045\215\160\142\225\210\201\176\315}{}% 48
\BOOKMARK [1][-]{chapter25.1}{\376\377\173\054\116\214\123\101\116\224\126\336\000\040\134\157\127\037\134\161\121\163\121\154\176\246\116\011\116\213\000\040\145\121\166\175\232\154\146\371\144\315\211\343\221\315\126\364}{chapter*.25}% 49
\BOOKMARK [0][]{chapter*.26}{\376\377\173\054\116\214\123\101\116\224\126\336\000\040\134\157\127\037\134\161\121\163\121\154\176\246\116\011\116\213\000\040\145\121\166\175\232\154\146\371\144\315\211\343\221\315\126\364}{}% 50
\BOOKMARK [1][-]{chapter26.1}{\376\377\173\054\116\214\123\101\121\155\126\336\000\040\210\201\147\054\122\035\215\045\121\165\142\230\134\006\000\040\121\163\116\221\225\177\143\002\123\160\134\001\221\321}{chapter*.26}% 51
\BOOKMARK [0][]{chapter*.27}{\376\377\173\054\116\214\123\101\121\155\126\336\000\040\210\201\147\054\122\035\215\045\121\165\142\230\134\006\000\040\121\163\116\221\225\177\143\002\123\160\134\001\221\321}{}% 52
\BOOKMARK [1][-]{chapter27.1}{\376\377\173\054\116\214\123\101\116\003\126\336\000\040\177\216\232\357\121\154\123\103\221\314\215\160\123\125\232\221\000\040\154\111\133\377\117\257\116\224\121\163\145\251\121\155\134\006}{chapter*.27}% 53
\BOOKMARK [0][]{chapter*.28}{\376\377\173\054\116\214\123\101\116\003\126\336\000\040\177\216\232\357\121\154\123\103\221\314\215\160\123\125\232\221\000\040\154\111\133\377\117\257\116\224\121\163\145\251\121\155\134\006}{}% 54
\BOOKMARK [1][-]{chapter28.1}{\376\377\173\054\116\214\123\101\121\153\126\336\000\040\145\251\205\041\226\063\121\104\137\037\221\312\165\221\000\040\117\032\123\344\127\316\116\073\201\343\200\132\116\111}{chapter*.28}% 55
\BOOKMARK [0][]{chapter*.29}{\376\377\173\054\116\214\123\101\121\153\126\336\000\040\145\251\205\041\226\063\121\104\137\037\221\312\165\221\000\040\117\032\123\344\127\316\116\073\201\343\200\132\116\111}{}% 56
\BOOKMARK [1][-]{chapter29.1}{\376\377\173\054\116\214\123\101\116\135\126\336\000\040\134\017\227\070\163\213\140\022\145\251\116\216\124\011\000\040\170\247\167\074\121\077\127\120\230\206\154\137\116\034}{chapter*.29}% 57
\BOOKMARK [0][]{chapter*.30}{\376\377\173\054\116\214\123\101\116\135\126\336\000\040\134\017\227\070\163\213\140\022\145\251\116\216\124\011\000\040\170\247\167\074\121\077\127\120\230\206\154\137\116\034}{}% 58
\BOOKMARK [1][-]{chapter30.1}{\376\377\173\054\116\011\123\101\126\336\000\040\142\030\133\230\156\041\147\054\122\035\215\045\176\351\000\040\122\253\116\114\135\342\133\137\137\267\160\347\174\256}{chapter*.30}% 59
\BOOKMARK [0][]{chapter*.31}{\376\377\173\054\116\011\123\101\126\336\000\040\142\030\133\230\156\041\147\054\122\035\215\045\176\351\000\040\122\253\116\114\135\342\133\137\137\267\160\347\174\256}{}% 60
\BOOKMARK [1][-]{chapter31.1}{\376\377\173\054\116\011\123\101\116\000\126\336\000\040\146\371\144\315\116\323\116\255\170\064\147\054\122\035\000\040\163\204\137\267\203\106\135\336\117\235\122\030\210\150}{chapter*.31}% 61
\BOOKMARK [0][]{chapter*.32}{\376\377\173\054\116\011\123\101\116\000\126\336\000\040\146\371\144\315\116\323\116\255\170\064\147\054\122\035\000\040\163\204\137\267\203\106\135\336\117\235\122\030\210\150}{}% 62
\BOOKMARK [1][-]{chapter32.1}{\376\377\173\054\116\011\123\101\116\214\126\336\000\040\131\072\121\200\135\336\210\201\134\032\116\211\225\013\000\040\121\263\157\063\154\263\213\270\145\070\163\056\213\241}{chapter*.32}% 63
\BOOKMARK [0][]{chapter*.33}{\376\377\173\054\116\011\123\101\116\214\126\336\000\040\131\072\121\200\135\336\210\201\134\032\116\211\225\013\000\040\121\263\157\063\154\263\213\270\145\070\163\056\213\241}{}% 64
\BOOKMARK [1][-]{chapter33.1}{\376\377\173\054\116\011\123\101\116\011\126\336\000\040\146\371\116\025\116\130\116\161\176\263\165\004\154\017\000\040\220\355\126\011\220\127\213\241\133\232\217\275\116\034}{chapter*.33}% 65
\BOOKMARK [0][]{chapter*.34}{\376\377\173\054\116\011\123\101\116\011\126\336\000\040\146\371\116\025\116\130\116\161\176\263\165\004\154\017\000\040\220\355\126\011\220\127\213\241\133\232\217\275\116\034}{}% 66
\BOOKMARK [1][-]{chapter34.1}{\376\377\173\054\116\011\123\101\126\333\126\336\000\040\205\041\131\053\116\272\226\224\134\117\124\054\133\306\213\355\000\040\122\030\166\207\123\324\215\303\232\154\217\307\152\200\156\252}{chapter*.34}% 67
\BOOKMARK [0][]{chapter*.35}{\376\377\173\054\116\011\123\101\126\333\126\336\000\040\205\041\131\053\116\272\226\224\134\117\124\054\133\306\213\355\000\040\122\030\166\207\123\324\215\303\232\154\217\307\152\200\156\252}{}% 68
\BOOKMARK [1][-]{chapter35.1}{\376\377\173\054\116\011\123\101\116\224\126\336\000\040\163\204\137\267\123\127\157\063\220\042\226\220\154\246\000\040\123\125\171\217\145\260\221\316\220\107\202\361\116\073}{chapter*.35}% 69
\BOOKMARK [0][]{chapter*.36}{\376\377\173\054\116\011\123\101\116\224\126\336\000\040\163\204\137\267\123\127\157\063\220\042\226\220\154\246\000\040\123\125\171\217\145\260\221\316\220\107\202\361\116\073}{}% 70
\BOOKMARK [1][-]{chapter36.1}{\376\377\173\054\116\011\123\101\121\155\126\336\000\040\163\204\137\267\165\050\213\241\210\255\152\012\127\316\000\040\121\103\166\364\215\160\232\154\203\120\213\370\204\133}{chapter*.36}% 71
\BOOKMARK [0][]{chapter*.37}{\376\377\173\054\116\011\123\101\121\155\126\336\000\040\163\204\137\267\165\050\213\241\210\255\152\012\127\316\000\040\121\103\166\364\215\160\232\154\203\120\213\370\204\133}{}% 72
\BOOKMARK [1][-]{chapter37.1}{\376\377\173\054\116\011\123\101\116\003\126\336\000\040\123\370\232\154\137\275\121\215\203\120\124\015\130\353\000\040\122\030\163\204\137\267\116\011\230\176\203\111\136\220}{chapter*.37}% 73
\BOOKMARK [0][]{chapter*.38}{\376\377\173\054\116\011\123\101\116\003\126\336\000\040\123\370\232\154\137\275\121\215\203\120\124\015\130\353\000\040\122\030\163\204\137\267\116\011\230\176\203\111\136\220}{}% 74
\BOOKMARK [1][-]{chapter38.1}{\376\377\173\054\116\011\123\101\121\153\126\336\000\040\133\232\116\011\122\006\226\206\116\055\121\263\173\126\000\040\142\030\225\177\154\137\133\131\154\017\142\245\116\307}{chapter*.38}% 75
\BOOKMARK [0][]{chapter*.39}{\376\377\173\054\116\011\123\101\121\153\126\336\000\040\133\232\116\011\122\006\226\206\116\055\121\263\173\126\000\040\142\030\225\177\154\137\133\131\154\017\142\245\116\307}{}% 76
\BOOKMARK [1][-]{chapter39.1}{\376\377\173\054\116\011\123\101\116\135\126\336\000\040\203\106\135\336\127\316\121\154\133\120\116\011\154\102\213\241\000\040\123\132\147\033\127\141\121\233\136\010\122\035\165\050\121\165}{chapter*.39}% 77
\BOOKMARK [0][]{chapter*.40}{\376\377\173\054\116\011\123\101\116\135\126\336\000\040\203\106\135\336\127\316\121\154\133\120\116\011\154\102\213\241\000\040\123\132\147\033\127\141\121\233\136\010\122\035\165\050\121\165}{}% 78
\BOOKMARK [1][-]{chapter40.1}{\376\377\173\054\126\333\123\101\126\336\000\040\205\041\131\053\116\272\213\256\163\056\203\106\135\336\000\040\213\370\204\133\116\256\160\153\160\347\145\260\221\316}{chapter*.40}% 79
\BOOKMARK [0][]{chapter*.41}{\376\377\173\054\126\333\123\101\126\336\000\040\205\041\131\053\116\272\213\256\163\056\203\106\135\336\000\040\213\370\204\133\116\256\160\153\160\347\145\260\221\316}{}% 80
\BOOKMARK [1][-]{chapter41.1}{\376\377\173\054\126\333\123\101\116\000\126\336\000\040\122\030\163\204\137\267\144\072\154\021\156\041\154\137\000\040\215\165\133\120\237\231\123\125\232\221\145\121\116\073}{chapter*.41}% 81
\BOOKMARK [0][]{chapter*.42}{\376\377\173\054\126\333\123\101\116\000\126\336\000\040\122\030\163\204\137\267\144\072\154\021\156\041\154\137\000\040\215\165\133\120\237\231\123\125\232\221\145\121\116\073}{}% 82
\BOOKMARK [1][-]{chapter42.1}{\376\377\173\054\126\333\123\101\116\214\126\336\000\040\137\040\177\374\137\267\131\047\225\371\225\177\127\102\150\145\000\040\122\030\214\153\135\336\215\045\215\160\154\111\155\045\123\343}{chapter*.42}% 83
\BOOKMARK [0][]{chapter*.43}{\376\377\173\054\126\333\123\101\116\214\126\336\000\040\137\040\177\374\137\267\131\047\225\371\225\177\127\102\150\145\000\040\122\030\214\153\135\336\215\045\215\160\154\111\155\045\123\343}{}% 84
\BOOKMARK [1][-]{chapter43.1}{\376\377\173\054\126\333\123\101\116\011\126\336\000\040\213\370\204\133\116\256\202\014\142\030\177\244\121\022\000\040\234\201\133\120\145\154\122\233\143\222\117\027\213\256}{chapter*.43}% 85
\BOOKMARK [0][]{chapter*.44}{\376\377\173\054\126\333\123\101\116\011\126\336\000\040\213\370\204\133\116\256\202\014\142\030\177\244\121\022\000\040\234\201\133\120\145\154\122\233\143\222\117\027\213\256}{}% 86
\BOOKMARK [1][-]{chapter44.1}{\376\377\173\054\126\333\123\101\126\333\126\336\000\040\133\124\146\016\165\050\146\172\157\300\124\150\164\134\000\040\133\131\147\103\121\263\213\241\170\064\146\371\144\315}{chapter*.44}% 87
\BOOKMARK [0][]{chapter*.45}{\376\377\173\054\126\333\123\101\126\333\126\336\000\040\133\124\146\016\165\050\146\172\157\300\124\150\164\134\000\040\133\131\147\103\121\263\213\241\170\064\146\371\144\315}{}% 88
\BOOKMARK [1][-]{chapter45.1}{\376\377\173\054\126\333\123\101\116\224\126\336\000\040\116\011\154\137\123\343\146\371\144\315\142\230\121\165\000\040\177\244\202\361\117\032\204\213\136\162\116\055\213\241}{chapter*.45}% 89
\BOOKMARK [0][]{chapter*.46}{\376\377\173\054\126\333\123\101\116\224\126\336\000\040\116\011\154\137\123\343\146\371\144\315\142\230\121\165\000\040\177\244\202\361\117\032\204\213\136\162\116\055\213\241}{}% 90
\BOOKMARK [1][-]{chapter46.1}{\376\377\173\054\126\333\123\101\121\155\126\336\000\040\165\050\131\107\214\013\133\124\146\016\120\037\173\255\000\040\163\056\133\306\213\241\236\304\166\326\123\327\122\021}{chapter*.46}% 91
\BOOKMARK [0][]{chapter*.47}{\376\377\173\054\126\333\123\101\121\155\126\336\000\040\165\050\131\107\214\013\133\124\146\016\120\037\173\255\000\040\163\056\133\306\213\241\236\304\166\326\123\327\122\021}{}% 92
\BOOKMARK [1][-]{chapter47.1}{\376\377\173\054\126\333\123\101\116\003\126\336\000\040\226\032\154\375\133\306\163\056\213\310\226\115\116\146\000\040\136\236\176\337\135\347\143\210\217\336\163\257\213\241}{chapter*.47}% 93
\BOOKMARK [0][]{chapter*.48}{\376\377\173\054\126\333\123\101\116\003\126\336\000\040\226\032\154\375\133\306\163\056\213\310\226\115\116\146\000\040\136\236\176\337\135\347\143\210\217\336\163\257\213\241}{}% 94
\BOOKMARK [1][-]{chapter48.1}{\376\377\173\054\126\333\123\101\121\153\126\336\000\040\133\264\225\177\154\137\146\371\144\315\215\113\213\327\000\040\225\001\142\030\202\071\123\027\121\233\165\050\153\146}{chapter*.48}% 95
\BOOKMARK [0][]{chapter*.49}{\376\377\173\054\126\333\123\101\121\153\126\336\000\040\133\264\225\177\154\137\146\371\144\315\215\113\213\327\000\040\225\001\142\030\202\071\123\027\121\233\165\050\153\146}{}% 96
\BOOKMARK [1][-]{chapter49.1}{\376\377\173\054\126\333\123\101\116\135\126\336\000\040\116\003\146\037\127\133\213\370\204\133\171\155\230\316\000\040\116\011\154\137\123\343\124\150\164\134\176\265\160\153}{chapter*.49}% 97
\BOOKMARK [0][]{chapter*.50}{\376\377\173\054\126\333\123\101\116\135\126\336\000\040\116\003\146\037\127\133\213\370\204\133\171\155\230\316\000\040\116\011\154\137\123\343\124\150\164\134\176\265\160\153}{}% 98
\BOOKMARK [1][-]{chapter50.1}{\376\377\173\054\116\224\123\101\126\336\000\040\213\370\204\133\116\256\146\172\173\227\123\116\133\271\000\040\121\163\116\221\225\177\116\111\221\312\146\371\144\315}{chapter*.50}% 99
\BOOKMARK [0][]{chapter*.51}{\376\377\173\054\116\224\123\101\126\336\000\040\213\370\204\133\116\256\146\172\173\227\123\116\133\271\000\040\121\163\116\221\225\177\116\111\221\312\146\371\144\315}{}% 100
\BOOKMARK [1][-]{chapter51.1}{\376\377\173\054\116\224\123\101\116\000\126\336\000\040\146\371\116\301\131\047\142\030\116\034\124\064\121\165\000\040\133\124\146\016\116\000\154\024\124\150\121\154\164\176}{chapter*.51}% 101
\BOOKMARK [0][]{chapter*.52}{\376\377\173\054\116\224\123\101\116\000\126\336\000\040\146\371\116\301\131\047\142\030\116\034\124\064\121\165\000\040\133\124\146\016\116\000\154\024\124\150\121\154\164\176}{}% 102
\BOOKMARK [1][-]{chapter52.1}{\376\377\173\054\116\224\123\101\116\214\126\336\000\040\213\370\204\133\116\256\146\172\217\236\234\201\200\203\000\040\215\165\133\120\237\231\213\241\123\326\150\102\226\063}{chapter*.52}% 103
\BOOKMARK [0][]{chapter*.53}{\376\377\173\054\116\224\123\101\116\214\126\336\000\040\213\370\204\133\116\256\146\172\217\236\234\201\200\203\000\040\215\165\133\120\237\231\213\241\123\326\150\102\226\063}{}% 104
\BOOKMARK [1][-]{chapter53.1}{\376\377\173\054\116\224\123\101\116\011\126\336\000\040\121\163\116\221\225\177\116\111\221\312\236\304\154\111\123\107\000\040\133\131\116\362\214\013\131\047\142\030\137\040\145\207\217\334}{chapter*.53}% 105
\BOOKMARK [0][]{chapter*.54}{\376\377\173\054\116\224\123\101\116\011\126\336\000\040\121\163\116\221\225\177\116\111\221\312\236\304\154\111\123\107\000\040\133\131\116\362\214\013\131\047\142\030\137\040\145\207\217\334}{}% 106
\BOOKMARK [1][-]{chapter54.1}{\376\377\173\054\116\224\123\101\126\333\126\336\000\040\124\064\126\375\131\052\117\133\133\372\167\013\145\260\220\316\000\040\122\030\166\207\123\324\155\036\142\077\176\355\117\163\120\166}{chapter*.54}% 107
\BOOKMARK [0][]{chapter*.55}{\376\377\173\054\116\224\123\101\126\333\126\336\000\040\124\064\126\375\131\052\117\133\133\372\167\013\145\260\220\316\000\040\122\030\166\207\123\324\155\036\142\077\176\355\117\163\120\166}{}% 108
\BOOKMARK [1][-]{chapter55.1}{\376\377\173\054\116\224\123\101\116\224\126\336\000\040\163\204\137\267\146\172\157\300\133\131\131\053\116\272\000\040\133\124\146\016\116\214\154\024\124\150\121\154\164\176}{chapter*.55}% 109
\BOOKMARK [0][]{chapter*.56}{\376\377\173\054\116\224\123\101\116\224\126\336\000\040\163\204\137\267\146\172\157\300\133\131\131\053\116\272\000\040\133\124\146\016\116\214\154\024\124\150\121\154\164\176}{}% 110
\BOOKMARK [1][-]{chapter56.1}{\376\377\173\054\116\224\123\101\121\155\126\336\000\040\146\371\144\315\131\047\133\264\224\334\226\300\123\360\000\040\133\124\146\016\116\011\154\024\124\150\121\154\164\176}{chapter*.56}% 111
\BOOKMARK [0][]{chapter*.57}{\376\377\173\054\116\224\123\101\121\155\126\336\000\040\146\371\144\315\131\047\133\264\224\334\226\300\123\360\000\040\133\124\146\016\116\011\154\024\124\150\121\154\164\176}{}% 112
\BOOKMARK [1][-]{chapter57.1}{\376\377\173\054\116\224\123\101\116\003\126\336\000\040\147\364\150\121\123\343\123\147\237\231\124\012\116\047\000\040\200\022\226\063\123\277\121\344\226\317\164\006\116\213}{chapter*.57}% 113
\BOOKMARK [0][]{chapter*.58}{\376\377\173\054\116\224\123\101\116\003\126\336\000\040\147\364\150\121\123\343\123\147\237\231\124\012\116\047\000\040\200\022\226\063\123\277\121\344\226\317\164\006\116\213}{}% 114
\BOOKMARK [1][-]{chapter58.1}{\376\377\173\054\116\224\123\101\121\153\126\336\000\040\232\154\133\137\215\167\121\164\121\165\226\352\140\150\000\040\146\371\226\077\167\222\122\162\230\173\137\003\210\215}{chapter*.58}% 115
\BOOKMARK [0][]{chapter*.59}{\376\377\173\054\116\224\123\101\121\153\126\336\000\040\232\154\133\137\215\167\121\164\121\165\226\352\140\150\000\040\146\371\226\077\167\222\122\162\230\173\137\003\210\215}{}% 116
\BOOKMARK [1][-]{chapter59.1}{\376\377\173\054\116\224\123\101\116\135\126\336\000\040\213\270\211\032\210\370\210\143\145\227\232\154\215\205\000\040\146\371\144\315\142\271\116\146\225\364\227\351\220\102}{chapter*.59}% 117
\BOOKMARK [0][]{chapter*.60}{\376\377\173\054\116\224\123\101\116\135\126\336\000\040\213\270\211\032\210\370\210\143\145\227\232\154\215\205\000\040\146\371\144\315\142\271\116\146\225\364\227\351\220\102}{}% 118
\BOOKMARK [1][-]{chapter60.1}{\376\377\173\054\121\155\123\101\126\336\000\040\137\040\154\070\136\164\123\315\226\276\147\150\117\356\000\040\136\236\130\353\121\103\213\256\123\326\211\177\135\335}{chapter*.60}% 119
\BOOKMARK [0][]{chapter*.61}{\376\377\173\054\121\155\123\101\126\336\000\040\137\040\154\070\136\164\123\315\226\276\147\150\117\356\000\040\136\236\130\353\121\103\213\256\123\326\211\177\135\335}{}% 120
\BOOKMARK [1][-]{chapter61.1}{\376\377\173\054\121\155\123\101\116\000\126\336\000\040\215\165\116\221\142\052\154\137\131\072\226\077\145\227\000\040\133\131\147\103\220\127\116\146\220\000\200\001\167\222}{chapter*.61}% 121
\BOOKMARK [0][]{chapter*.62}{\376\377\173\054\121\155\123\101\116\000\126\336\000\040\215\165\116\221\142\052\154\137\131\072\226\077\145\227\000\040\133\131\147\103\220\127\116\146\220\000\200\001\167\222}{}% 122
\BOOKMARK [1][-]{chapter62.1}{\376\377\173\054\121\155\123\101\116\214\126\336\000\040\123\326\155\252\121\163\147\150\232\330\143\210\231\226\000\040\145\073\226\322\127\316\236\304\233\117\116\211\122\237}{chapter*.62}% 123
\BOOKMARK [0][]{chapter*.63}{\376\377\173\054\121\155\123\101\116\214\126\336\000\040\123\326\155\252\121\163\147\150\232\330\143\210\231\226\000\040\145\073\226\322\127\316\236\304\233\117\116\211\122\237}{}% 124
\BOOKMARK [1][-]{chapter63.1}{\376\377\173\054\121\155\123\101\116\011\126\336\000\040\213\370\204\133\116\256\165\333\124\355\136\236\176\337\000\040\137\040\177\374\137\267\116\111\221\312\116\045\230\234}{chapter*.63}% 125
\BOOKMARK [0][]{chapter*.64}{\376\377\173\054\121\155\123\101\116\011\126\336\000\040\213\370\204\133\116\256\165\333\124\355\136\236\176\337\000\040\137\040\177\374\137\267\116\111\221\312\116\045\230\234}{}% 126
\BOOKMARK [1][-]{chapter64.1}{\376\377\173\054\121\155\123\101\126\333\126\336\000\040\133\124\146\016\133\232\213\241\143\111\137\040\116\373\000\040\147\150\226\034\120\037\121\165\170\064\232\154\215\205}{chapter*.64}% 127
\BOOKMARK [0][]{chapter*.65}{\376\377\173\054\121\155\123\101\126\333\126\336\000\040\133\124\146\016\133\232\213\241\143\111\137\040\116\373\000\040\147\150\226\034\120\037\121\165\170\064\232\154\215\205}{}% 128
\BOOKMARK [1][-]{chapter65.1}{\376\377\173\054\121\155\123\101\116\224\126\336\000\040\232\154\215\205\131\047\142\030\204\155\204\014\121\163\000\040\122\030\131\007\201\352\230\206\166\312\135\336\162\147}{chapter*.65}% 129
\BOOKMARK [0][]{chapter*.66}{\376\377\173\054\121\155\123\101\116\224\126\336\000\040\232\154\215\205\131\047\142\030\204\155\204\014\121\163\000\040\122\030\131\007\201\352\230\206\166\312\135\336\162\147}{}% 130
\BOOKMARK [1][-]{chapter66.1}{\376\377\173\054\121\155\123\101\121\155\126\336\000\040\121\163\116\221\225\177\123\125\122\000\215\164\117\032\000\040\117\017\166\207\124\016\116\072\126\375\143\120\165\037}{chapter*.66}% 131
\BOOKMARK [0][]{chapter*.67}{\376\377\173\054\121\155\123\101\121\155\126\336\000\040\121\163\116\221\225\177\123\125\122\000\215\164\117\032\000\040\117\017\166\207\124\016\116\072\126\375\143\120\165\037}{}% 132
\BOOKMARK [1][-]{chapter67.1}{\376\377\173\054\121\155\123\101\116\003\126\336\000\040\146\371\144\315\136\163\133\232\154\111\116\055\127\060\000\040\137\040\217\275\132\001\227\007\220\015\220\145\155\045}{chapter*.67}% 133
\BOOKMARK [0][]{chapter*.68}{\376\377\173\054\121\155\123\101\116\003\126\336\000\040\146\371\144\315\136\163\133\232\154\111\116\055\127\060\000\040\137\040\217\275\132\001\227\007\220\015\220\145\155\045}{}% 134
\BOOKMARK [1][-]{chapter68.1}{\376\377\173\054\121\155\123\101\121\153\126\336\000\040\165\030\133\201\166\176\232\221\122\253\233\117\204\045\000\040\135\346\141\110\143\267\147\157\142\017\146\371\144\315}{chapter*.68}% 135
\BOOKMARK [0][]{chapter*.69}{\376\377\173\054\121\155\123\101\121\153\126\336\000\040\165\030\133\201\166\176\232\221\122\253\233\117\204\045\000\040\135\346\141\110\143\267\147\157\142\017\146\371\144\315}{}% 136
\BOOKMARK [1][-]{chapter69.1}{\376\377\173\054\121\155\123\101\116\135\126\336\000\040\123\134\124\150\146\023\173\241\217\202\167\345\147\072\000\040\213\250\154\111\215\074\116\224\201\343\153\173\202\202}{chapter*.69}% 137
\BOOKMARK [0][]{chapter*.70}{\376\377\173\054\121\155\123\101\116\135\126\336\000\040\123\134\124\150\146\023\173\241\217\202\167\345\147\072\000\040\213\250\154\111\215\074\116\224\201\343\153\173\202\202}{}% 138
\BOOKMARK [1][-]{chapter70.1}{\376\377\173\054\116\003\123\101\126\336\000\040\163\033\137\040\230\336\146\172\123\326\164\346\123\343\226\230\000\040\200\001\236\304\137\340\213\241\131\072\131\051\203\141\134\161}{chapter*.70}% 139
\BOOKMARK [0][]{chapter*.71}{\376\377\173\054\116\003\123\101\126\336\000\040\163\033\137\040\230\336\146\172\123\326\164\346\123\343\226\230\000\040\200\001\236\304\137\340\213\241\131\072\131\051\203\141\134\161}{}% 140
\BOOKMARK [1][-]{chapter71.1}{\376\377\173\054\116\003\123\101\116\000\126\336\000\040\123\140\133\371\134\161\236\304\137\340\220\070\137\205\122\263\000\040\143\156\154\111\154\064\215\165\116\221\133\341\200\334\117\027}{chapter*.71}% 141
\BOOKMARK [0][]{chapter*.72}{\376\377\173\054\116\003\123\101\116\000\126\336\000\040\123\140\133\371\134\161\236\304\137\340\220\070\137\205\122\263\000\040\143\156\154\111\154\064\215\165\116\221\133\341\200\334\117\027}{}% 142
\BOOKMARK [1][-]{chapter72.1}{\376\377\173\054\116\003\123\101\116\214\126\336\000\040\213\370\204\133\116\256\146\172\123\326\154\111\116\055\000\040\146\371\226\077\167\222\121\165\220\000\145\234\214\067}{chapter*.72}% 143
\BOOKMARK [0][]{chapter*.73}{\376\377\173\054\116\003\123\101\116\214\126\336\000\040\213\370\204\133\116\256\146\172\123\326\154\111\116\055\000\040\146\371\226\077\167\222\121\165\220\000\145\234\214\067}{}% 144
\BOOKMARK [1][-]{chapter73.1}{\376\377\173\054\116\003\123\101\116\011\126\336\000\040\163\204\137\267\217\333\117\115\154\111\116\055\163\213\000\040\116\221\225\177\145\073\142\324\211\104\226\063\220\341}{chapter*.73}% 145
\BOOKMARK [0][]{chapter*.74}{\376\377\173\054\116\003\123\101\116\011\126\336\000\040\163\204\137\267\217\333\117\115\154\111\116\055\163\213\000\040\116\221\225\177\145\073\142\324\211\104\226\063\220\341}{}% 146
\BOOKMARK [1][-]{chapter74.1}{\376\377\173\054\116\003\123\101\126\333\126\336\000\040\136\236\116\344\124\015\142\254\151\207\121\263\153\173\142\030\000\040\121\163\116\221\225\177\145\076\154\064\155\371\116\003\121\233}{chapter*.74}% 147
\BOOKMARK [0][]{chapter*.75}{\376\377\173\054\116\003\123\101\126\333\126\336\000\040\136\236\116\344\124\015\142\254\151\207\121\263\153\173\142\030\000\040\121\163\116\221\225\177\145\076\154\064\155\371\116\003\121\233}{}% 148
\BOOKMARK [1][-]{chapter75.1}{\376\377\173\054\116\003\123\101\116\224\126\336\000\040\121\163\116\221\225\177\122\056\232\250\165\227\153\322\000\040\124\025\133\120\146\016\166\175\210\143\156\041\154\137}{chapter*.75}% 149
\BOOKMARK [0][]{chapter*.76}{\376\377\173\054\116\003\123\101\116\224\126\336\000\040\121\163\116\221\225\177\122\056\232\250\165\227\153\322\000\040\124\025\133\120\146\016\166\175\210\143\156\041\154\137}{}% 150
\BOOKMARK [1][-]{chapter76.1}{\376\377\173\054\116\003\123\101\121\155\126\336\000\040\137\220\121\154\146\016\131\047\142\030\154\224\154\064\000\040\121\163\116\221\225\177\215\045\215\160\236\246\127\316}{chapter*.76}% 151
\BOOKMARK [0][]{chapter*.77}{\376\377\173\054\116\003\123\101\121\155\126\336\000\040\137\220\121\154\146\016\131\047\142\030\154\224\154\064\000\040\121\163\116\221\225\177\215\045\215\160\236\246\127\316}{}% 152
\BOOKMARK [1][-]{chapter77.1}{\376\377\173\054\116\003\123\101\116\003\126\336\000\040\163\211\154\311\134\161\121\163\121\154\146\076\127\043\000\040\155\033\226\063\127\316\146\371\144\315\141\037\171\136}{chapter*.77}% 153
\BOOKMARK [0][]{chapter*.78}{\376\377\173\054\116\003\123\101\116\003\126\336\000\040\163\211\154\311\134\161\121\163\121\154\146\076\127\043\000\040\155\033\226\063\127\316\146\371\144\315\141\037\171\136}{}% 154
\BOOKMARK [1][-]{chapter78.1}{\376\377\173\054\116\003\123\101\121\153\126\336\000\040\154\273\230\316\165\276\171\136\123\073\216\253\153\173\000\040\117\040\220\127\124\175\131\170\226\304\145\160\176\310}{chapter*.78}% 155
\BOOKMARK [0][]{chapter*.79}{\376\377\173\054\116\003\123\101\121\153\126\336\000\040\154\273\230\316\165\276\171\136\123\073\216\253\153\173\000\040\117\040\220\127\124\175\131\170\226\304\145\160\176\310}{}% 156
\BOOKMARK [1][-]{chapter79.1}{\376\377\173\054\116\003\123\101\116\135\126\336\000\040\121\104\220\074\137\037\146\371\151\015\215\113\213\327\000\040\117\204\226\167\123\324\122\030\134\001\117\017\154\325}{chapter*.79}% 157
\BOOKMARK [0][]{chapter*.80}{\376\377\173\054\116\003\123\101\116\135\126\336\000\040\121\104\220\074\137\037\146\371\151\015\215\113\213\327\000\040\117\204\226\167\123\324\122\030\134\001\117\017\154\325}{}% 158
\BOOKMARK [1][-]{chapter80.1}{\376\377\173\054\121\153\123\101\126\336\000\040\146\371\116\025\136\237\136\035\173\341\160\216\122\030\000\040\154\111\163\213\153\143\117\115\176\355\131\047\176\337}{chapter*.80}% 159
\BOOKMARK [0][]{chapter*.81}{\376\377\173\054\121\153\123\101\126\336\000\040\146\371\116\025\136\237\136\035\173\341\160\216\122\030\000\040\154\111\163\213\153\143\117\115\176\355\131\047\176\337}{}% 160
\BOOKMARK [1][-]{chapter81.1}{\376\377\173\054\121\153\123\101\116\000\126\336\000\040\140\045\121\104\116\307\137\040\230\336\220\107\133\263\000\040\226\352\137\037\140\150\121\110\116\073\121\164\121\165}{chapter*.81}% 161
\BOOKMARK [0][]{chapter*.82}{\376\377\173\054\121\153\123\101\116\000\126\336\000\040\140\045\121\104\116\307\137\040\230\336\220\107\133\263\000\040\226\352\137\037\140\150\121\110\116\073\121\164\121\165}{}% 162
\BOOKMARK [1][-]{chapter82.1}{\376\377\173\054\121\153\123\101\116\214\126\336\000\040\133\131\147\103\226\115\233\117\123\327\116\135\225\041\000\040\121\110\116\073\137\201\124\064\215\117\121\155\121\233}{chapter*.82}% 163
\BOOKMARK [0][]{chapter*.83}{\376\377\173\054\121\153\123\101\116\214\126\336\000\040\133\131\147\103\226\115\233\117\123\327\116\135\225\041\000\040\121\110\116\073\137\201\124\064\215\117\121\155\121\233}{}% 164
\BOOKMARK [1][-]{chapter83.1}{\376\377\173\054\121\153\123\101\116\011\126\336\000\040\142\030\163\007\116\255\121\110\116\073\137\227\116\307\116\272\000\040\133\210\154\137\123\343\116\146\165\037\142\334\131\047\134\006}{chapter*.83}% 165
\BOOKMARK [0][]{chapter*.84}{\376\377\173\054\121\153\123\101\116\011\126\336\000\040\142\030\163\007\116\255\121\110\116\073\137\227\116\307\116\272\000\040\133\210\154\137\123\343\116\146\165\037\142\334\131\047\134\006}{}% 166
\BOOKMARK [1][-]{chapter84.1}{\376\377\173\054\121\153\123\101\126\333\126\336\000\040\226\106\220\012\204\045\160\347\116\003\166\176\221\314\000\040\133\124\146\016\135\347\136\003\121\153\226\065\126\376}{chapter*.84}% 167
\BOOKMARK [0][]{chapter*.85}{\376\377\173\054\121\153\123\101\126\333\126\336\000\040\226\106\220\012\204\045\160\347\116\003\166\176\221\314\000\040\133\124\146\016\135\347\136\003\121\153\226\065\126\376}{}% 168
\BOOKMARK [1][-]{chapter85.1}{\376\377\173\054\121\153\123\101\116\224\126\336\000\040\122\030\121\110\116\073\220\127\213\317\142\130\133\144\121\077\000\040\213\370\204\133\116\256\133\211\134\105\136\163\116\224\215\357}{chapter*.85}% 169
\BOOKMARK [0][]{chapter*.86}{\376\377\173\054\121\153\123\101\116\224\126\336\000\040\122\030\121\110\116\073\220\127\213\317\142\130\133\144\121\077\000\040\213\370\204\133\116\256\133\211\134\105\136\163\116\224\215\357}{}% 170
\BOOKMARK [1][-]{chapter86.1}{\376\377\173\054\121\153\123\101\121\155\126\336\000\040\226\276\137\040\156\051\171\346\133\223\220\036\131\051\217\250\000\040\170\064\146\371\116\025\137\220\166\333\165\050\160\153\145\073}{chapter*.86}% 171
\BOOKMARK [0][]{chapter*.87}{\376\377\173\054\121\153\123\101\121\155\126\336\000\040\226\276\137\040\156\051\171\346\133\223\220\036\131\051\217\250\000\040\170\064\146\371\116\025\137\220\166\333\165\050\160\153\145\073}{}% 172
\BOOKMARK [1][-]{chapter87.1}{\376\377\173\054\121\153\123\101\116\003\126\336\000\040\137\201\123\127\133\307\116\036\166\370\131\047\121\164\136\010\000\040\142\227\131\051\121\165\206\356\163\213\122\035\123\327\142\147}{chapter*.87}% 173
\BOOKMARK [0][]{chapter*.88}{\376\377\173\054\121\153\123\101\116\003\126\336\000\040\137\201\123\127\133\307\116\036\166\370\131\047\121\164\136\010\000\040\142\227\131\051\121\165\206\356\163\213\122\035\123\327\142\147}{}% 174
\BOOKMARK [1][-]{chapter88.1}{\376\377\173\054\121\153\123\101\121\153\126\336\000\040\156\041\154\370\154\064\121\215\177\032\165\152\163\213\000\040\213\306\213\310\226\115\116\011\144\322\133\137\203\267}{chapter*.88}% 175
\BOOKMARK [0][]{chapter*.89}{\376\377\173\054\121\153\123\101\121\153\126\336\000\040\156\041\154\370\154\064\121\215\177\032\165\152\163\213\000\040\213\306\213\310\226\115\116\011\144\322\133\137\203\267}{}% 176
\BOOKMARK [1][-]{chapter89.1}{\376\377\173\054\121\153\123\101\116\135\126\336\000\040\153\146\116\141\117\257\126\333\165\152\165\050\213\241\000\040\123\127\206\356\163\213\116\224\153\041\220\155\144\322}{chapter*.89}% 177
\BOOKMARK [0][]{chapter*.90}{\376\377\173\054\121\153\123\101\116\135\126\336\000\040\153\146\116\141\117\257\126\333\165\152\165\050\213\241\000\040\123\127\206\356\163\213\116\224\153\041\220\155\144\322}{}% 178
\BOOKMARK [1][-]{chapter90.1}{\376\377\173\054\116\135\123\101\126\336\000\040\232\161\135\350\121\175\121\155\170\064\206\356\121\165\000\040\160\347\205\344\165\062\116\003\144\322\133\137\203\267}{chapter*.90}% 179
\BOOKMARK [0][]{chapter*.91}{\376\377\173\054\116\135\123\101\126\336\000\040\232\161\135\350\121\175\121\155\170\064\206\356\121\165\000\040\160\347\205\344\165\062\116\003\144\322\133\137\203\267}{}% 180
\BOOKMARK [1][-]{chapter91.1}{\376\377\173\054\116\135\123\101\116\000\126\336\000\040\171\155\154\370\154\064\154\111\166\370\163\355\136\010\000\040\117\020\116\055\123\237\153\146\117\257\116\012\210\150}{chapter*.91}% 181
\BOOKMARK [0][]{chapter*.92}{\376\377\173\054\116\135\123\101\116\000\126\336\000\040\171\155\154\370\154\064\154\111\166\370\163\355\136\010\000\040\117\020\116\055\123\237\153\146\117\257\116\012\210\150}{}% 182
\BOOKMARK [1][-]{chapter92.1}{\376\377\173\054\116\135\123\101\116\214\126\336\000\040\215\165\133\120\237\231\122\233\145\251\116\224\134\006\000\040\213\370\204\133\116\256\146\172\123\326\116\011\127\316}{chapter*.92}% 183
\BOOKMARK [0][]{chapter*.93}{\376\377\173\054\116\135\123\101\116\214\126\336\000\040\215\165\133\120\237\231\122\233\145\251\116\224\134\006\000\040\213\370\204\133\116\256\146\172\123\326\116\011\127\316}{}% 184
\BOOKMARK [1][-]{chapter93.1}{\376\377\173\054\116\135\123\101\116\011\126\336\000\040\131\334\117\057\176\246\137\122\226\115\133\124\146\016\000\040\153\146\116\141\117\257\232\202\153\173\163\213\147\027}{chapter*.93}% 185
\BOOKMARK [0][]{chapter*.94}{\376\377\173\054\116\135\123\101\116\011\126\336\000\040\131\334\117\057\176\246\137\122\226\115\133\124\146\016\000\040\153\146\116\141\117\257\232\202\153\173\163\213\147\027}{}% 186
\BOOKMARK [1][-]{chapter94.1}{\376\377\173\054\116\135\123\101\126\333\126\336\000\040\213\370\204\133\116\256\116\130\226\352\170\064\177\214\121\165\000\040\123\370\232\154\141\377\121\113\145\345\144\322\133\137\217\276}{chapter*.94}% 187
\BOOKMARK [0][]{chapter*.95}{\376\377\173\054\116\135\123\101\126\333\126\336\000\040\213\370\204\133\116\256\116\130\226\352\170\064\177\214\121\165\000\040\123\370\232\154\141\377\121\113\145\345\144\322\133\137\217\276}{}% 188
\BOOKMARK [1][-]{chapter95.1}{\376\377\173\054\116\135\123\101\116\224\126\336\000\040\232\154\214\041\142\322\214\017\131\061\210\127\116\255\000\040\153\146\117\257\137\071\164\064\220\000\116\362\217\276}{chapter*.95}% 189
\BOOKMARK [0][]{chapter*.96}{\376\377\173\054\116\135\123\101\116\224\126\336\000\040\232\154\214\041\142\322\214\017\131\061\210\127\116\255\000\040\153\146\117\257\137\071\164\064\220\000\116\362\217\276}{}% 190
\BOOKMARK [1][-]{chapter96.1}{\376\377\173\054\116\135\123\101\121\155\126\336\000\040\133\124\146\016\143\045\154\352\145\251\232\154\214\041\000\040\124\150\234\202\145\255\123\321\215\132\146\371\117\021}{chapter*.96}% 191
\BOOKMARK [0][]{chapter*.97}{\376\377\173\054\116\135\123\101\121\155\126\336\000\040\133\124\146\016\143\045\154\352\145\251\232\154\214\041\000\040\124\150\234\202\145\255\123\321\215\132\146\371\117\021}{}% 192
\BOOKMARK [1][-]{chapter97.1}{\376\377\173\054\116\135\123\101\116\003\126\336\000\040\213\250\233\117\126\375\153\146\117\257\121\215\116\012\210\150\000\040\170\064\146\371\121\165\131\334\176\364\213\310\163\056\116\146}{chapter*.97}% 193
\BOOKMARK [0][]{chapter*.98}{\376\377\173\054\116\135\123\101\116\003\126\336\000\040\213\250\233\117\126\375\153\146\117\257\121\215\116\012\210\150\000\040\170\064\146\371\121\165\131\334\176\364\213\310\163\056\116\146}{}% 194
\BOOKMARK [1][-]{chapter98.1}{\376\377\173\054\116\135\123\101\121\153\126\336\000\040\217\375\154\111\121\233\163\213\123\314\123\327\213\333\000\040\210\255\226\110\116\323\153\146\117\257\123\326\200\334}{chapter*.98}% 195
\BOOKMARK [0][]{chapter*.99}{\376\377\173\054\116\135\123\101\121\153\126\336\000\040\217\375\154\111\121\233\163\213\123\314\123\327\213\333\000\040\210\255\226\110\116\323\153\146\117\257\123\326\200\334}{}% 196
\BOOKMARK [1][-]{chapter99.1}{\376\377\173\054\116\135\123\101\116\135\126\336\000\040\213\370\204\133\116\256\131\047\170\064\233\117\121\165\000\040\123\370\232\154\141\377\121\145\133\307\211\177\207\000}{chapter*.99}% 197
\BOOKMARK [0][]{chapter*.100}{\376\377\173\054\116\135\123\101\116\135\126\336\000\040\213\370\204\133\116\256\131\047\170\064\233\117\121\165\000\040\123\370\232\154\141\377\121\145\133\307\211\177\207\000}{}% 198
\BOOKMARK [1][-]{chapter100.1}{\376\377\173\054\116\000\166\176\126\336\000\040\154\111\121\165\122\253\133\350\170\064\146\371\167\037\000\040\153\146\117\257\145\227\226\065\217\261\116\362\217\276}{chapter*.100}% 199
\BOOKMARK [0][]{chapter*.101}{\376\377\173\054\116\000\166\176\126\336\000\040\154\111\121\165\122\253\133\350\170\064\146\371\167\037\000\040\153\146\117\257\145\227\226\065\217\261\116\362\217\276}{}% 200
\BOOKMARK [1][-]{chapter101.1}{\376\377\173\054\116\000\166\176\116\000\126\336\000\040\121\372\226\107\116\012\213\370\204\133\131\206\171\136\000\040\131\124\122\121\226\001\137\040\220\303\116\055\213\241}{chapter*.101}% 201
\BOOKMARK [0][]{chapter*.102}{\376\377\173\054\116\000\166\176\116\000\126\336\000\040\121\372\226\107\116\012\213\370\204\133\131\206\171\136\000\040\131\124\122\121\226\001\137\040\220\303\116\055\213\241}{}% 202
\BOOKMARK [1][-]{chapter102.1}{\376\377\173\054\116\000\166\176\116\214\126\336\000\040\123\370\232\154\141\377\123\140\123\027\123\237\156\055\150\145\000\040\213\370\204\133\116\256\220\040\147\050\162\133\155\101\232\154}{chapter*.102}% 203
\BOOKMARK [0][]{chapter*.103}{\376\377\173\054\116\000\166\176\116\214\126\336\000\040\123\370\232\154\141\377\123\140\123\027\123\237\156\055\150\145\000\040\213\370\204\133\116\256\220\040\147\050\162\133\155\101\232\154}{}% 204
\BOOKMARK [1][-]{chapter103.1}{\376\377\173\054\116\000\166\176\116\011\126\336\000\040\116\012\145\271\214\067\123\370\232\154\123\327\126\360\000\040\116\224\116\010\123\237\213\370\204\133\171\263\146\037}{chapter*.103}% 205
\BOOKMARK [0][]{chapter*.104}{\376\377\173\054\116\000\166\176\116\011\126\336\000\040\116\012\145\271\214\067\123\370\232\154\123\327\126\360\000\040\116\224\116\010\123\237\213\370\204\133\171\263\146\037}{}% 206
\BOOKMARK [1][-]{chapter104.1}{\376\377\173\054\116\000\166\176\126\333\126\336\000\040\226\150\131\047\146\037\154\111\116\036\166\370\137\122\131\051\000\040\211\301\147\050\120\317\233\117\220\375\167\143\116\047\200\306}{chapter*.104}% 207
\BOOKMARK [0][]{chapter*.105}{\376\377\173\054\116\000\166\176\126\333\126\336\000\040\226\150\131\047\146\037\154\111\116\036\166\370\137\122\131\051\000\040\211\301\147\050\120\317\233\117\220\375\167\143\116\047\200\306}{}% 208
\BOOKMARK [1][-]{chapter105.1}{\376\377\173\054\116\000\166\176\116\224\126\336\000\040\153\146\117\257\230\204\117\017\225\046\126\312\213\241\000\040\233\117\116\073\142\306\123\326\142\177\227\062\166\330}{chapter*.105}% 209
\BOOKMARK [0][]{chapter*.106}{\376\377\173\054\116\000\166\176\116\224\126\336\000\040\153\146\117\257\230\204\117\017\225\046\126\312\213\241\000\040\233\117\116\073\142\306\123\326\142\177\227\062\166\330}{}% 210
\BOOKMARK [1][-]{chapter106.1}{\376\377\173\054\116\000\166\176\121\155\126\336\000\040\121\154\133\131\156\012\121\165\215\045\153\173\211\104\136\163\000\040\123\370\232\154\141\377\213\310\165\305\215\132\146\371\162\075}{chapter*.106}% 211
\BOOKMARK [0][]{chapter*.107}{\376\377\173\054\116\000\166\176\121\155\126\336\000\040\121\154\133\131\156\012\121\165\215\045\153\173\211\104\136\163\000\040\123\370\232\154\141\377\213\310\165\305\215\132\146\371\162\075}{}% 212
\BOOKMARK [1][-]{chapter107.1}{\376\377\173\054\116\000\166\176\116\003\126\336\000\040\233\117\116\073\145\077\137\122\123\370\232\154\154\017\000\040\131\334\176\364\121\165\215\045\162\133\131\064\134\161}{chapter*.107}% 213
\BOOKMARK [0][]{chapter*.108}{\376\377\173\054\116\000\166\176\116\003\126\336\000\040\233\117\116\073\145\077\137\122\123\370\232\154\154\017\000\040\131\334\176\364\121\165\215\045\162\133\131\064\134\161}{}% 214
\BOOKMARK [1][-]{chapter108.1}{\376\377\173\054\116\000\166\176\121\153\126\336\000\040\116\001\131\111\226\352\116\055\131\113\167\355\121\165\000\040\133\131\134\373\136\055\225\364\145\275\133\306\213\241}{chapter*.108}% 215
\BOOKMARK [0][]{chapter*.109}{\376\377\173\054\116\000\166\176\121\153\126\336\000\040\116\001\131\111\226\352\116\055\131\113\167\355\121\165\000\040\133\131\134\373\136\055\225\364\145\275\133\306\213\241}{}% 216
\BOOKMARK [1][-]{chapter109.1}{\376\377\173\054\116\000\166\176\116\135\126\336\000\040\126\360\123\370\232\154\154\111\134\006\131\107\214\013\000\040\136\237\146\371\202\263\233\117\133\266\147\234\142\245}{chapter*.109}% 217
\BOOKMARK [0][]{chapter*.110}{\376\377\173\054\116\000\166\176\116\135\126\336\000\040\126\360\123\370\232\154\154\111\134\006\131\107\214\013\000\040\136\237\146\371\202\263\233\117\133\266\147\234\142\245}{}% 218
\BOOKMARK [1][-]{chapter110.1}{\376\377\173\054\116\000\166\176\123\101\126\336\000\040\145\207\236\057\123\125\232\221\220\000\226\304\121\165\000\040\131\334\176\364\200\314\154\064\170\064\131\047\145\114}{chapter*.110}% 219
\BOOKMARK [0][]{chapter*.111}{\376\377\173\054\116\000\166\176\123\101\126\336\000\040\145\207\236\057\123\125\232\221\220\000\226\304\121\165\000\040\131\334\176\364\200\314\154\064\170\064\131\047\145\114}{}% 220
\BOOKMARK [1][-]{chapter111.1}{\376\377\173\054\116\000\166\176\123\101\116\000\126\336\000\040\220\223\130\353\217\175\146\172\215\045\131\334\117\057\176\246\000\040\213\370\204\133\213\336\116\111\213\250\123\370\232\154\146\055}{chapter*.111}% 221
\BOOKMARK [0][]{chapter*.112}{\376\377\173\054\116\000\166\176\123\101\116\000\126\336\000\040\220\223\130\353\217\175\146\172\215\045\131\334\117\057\176\246\000\040\213\370\204\133\213\336\116\111\213\250\123\370\232\154\146\055}{}% 222
\BOOKMARK [1][-]{chapter112.1}{\376\377\173\054\116\000\166\176\123\101\116\214\126\336\000\040\145\121\133\377\146\045\116\216\213\340\153\173\202\202\000\040\123\326\225\177\127\316\117\057\176\246\223\326\121\165}{chapter*.112}% 223
\BOOKMARK [0][]{chapter*.113}{\376\377\173\054\116\000\166\176\123\101\116\214\126\336\000\040\145\121\133\377\146\045\116\216\213\340\153\173\202\202\000\040\123\326\225\177\127\316\117\057\176\246\223\326\121\165}{}% 224
\BOOKMARK [1][-]{chapter113.1}{\376\377\173\054\116\000\166\176\123\101\116\011\126\336\000\040\116\001\131\111\133\232\213\241\145\251\133\131\000\040\131\334\176\364\145\227\226\065\170\064\220\223\202\176}{chapter*.113}% 225
\BOOKMARK [0][]{chapter*.114}{\376\377\173\054\116\000\166\176\123\101\116\011\126\336\000\040\116\001\131\111\133\232\213\241\145\251\133\131\000\040\131\334\176\364\145\227\226\065\170\064\220\223\202\176}{}% 226
\BOOKMARK [1][-]{chapter114.1}{\376\377\173\054\116\000\166\176\123\101\126\333\126\336\000\040\146\371\232\346\232\161\217\146\153\173\123\127\226\031\000\040\131\334\176\364\137\003\174\256\200\334\233\117\121\165}{chapter*.114}% 227
\BOOKMARK [0][]{chapter*.115}{\376\377\173\054\116\000\166\176\123\101\126\333\126\336\000\040\146\371\232\346\232\161\217\146\153\173\123\127\226\031\000\040\131\334\176\364\137\003\174\256\200\334\233\117\121\165}{}% 228
\BOOKMARK [1][-]{chapter115.1}{\376\377\173\054\116\000\166\176\123\101\116\224\126\336\000\040\213\317\163\355\136\010\124\016\116\073\117\341\214\027\000\040\142\130\134\157\165\060\131\334\176\364\220\177\171\170}{chapter*.115}% 229
\BOOKMARK [0][]{chapter*.116}{\376\377\173\054\116\000\166\176\123\101\116\224\126\336\000\040\213\317\163\355\136\010\124\016\116\073\117\341\214\027\000\040\142\130\134\157\165\060\131\334\176\364\220\177\171\170}{}% 230
\BOOKMARK [1][-]{chapter116.1}{\376\377\173\054\116\000\166\176\123\101\121\155\126\336\000\040\224\237\117\032\122\006\121\165\154\111\116\055\220\123\000\040\153\146\117\257\146\076\127\043\133\232\121\233\134\161}{chapter*.116}% 231
\BOOKMARK [0][]{chapter*.117}{\376\377\173\054\116\000\166\176\123\101\121\155\126\336\000\040\224\237\117\032\122\006\121\165\154\111\116\055\220\123\000\040\153\146\117\257\146\076\127\043\133\232\121\233\134\161}{}% 232
\BOOKMARK [1][-]{chapter117.1}{\376\377\173\054\116\000\166\176\123\101\116\003\126\336\000\040\220\223\130\353\217\175\120\167\136\246\226\064\136\163\000\040\213\370\204\133\167\273\142\030\153\173\176\365\172\371}{chapter*.117}% 233
\BOOKMARK [0][]{chapter*.118}{\376\377\173\054\116\000\166\176\123\101\116\003\126\336\000\040\220\223\130\353\217\175\120\167\136\246\226\064\136\163\000\040\213\370\204\133\167\273\142\030\153\173\176\365\172\371}{}% 234
\BOOKMARK [1][-]{chapter118.1}{\376\377\173\054\116\000\166\176\123\101\121\153\126\336\000\040\124\355\171\126\136\231\116\000\163\213\153\173\133\135\000\040\121\145\211\177\135\335\116\214\130\353\116\211\122\237}{chapter*.118}% 235
\BOOKMARK [0][]{chapter*.119}{\376\377\173\054\116\000\166\176\123\101\121\153\126\336\000\040\124\355\171\126\136\231\116\000\163\213\153\173\133\135\000\040\121\145\211\177\135\335\116\214\130\353\116\211\122\237}{}% 236
\BOOKMARK [1][-]{chapter119.1}{\376\377\173\054\116\000\166\176\123\101\116\135\126\336\000\040\120\107\142\225\226\115\135\347\213\241\142\020\206\132\213\335\000\040\121\215\123\327\171\205\117\235\150\067\165\073\204\153\202\246}{chapter*.119}% 237
\BOOKMARK [0][]{chapter*.120}{\376\377\173\054\116\000\166\176\123\101\116\135\126\336\000\040\120\107\142\225\226\115\135\347\213\241\142\020\206\132\213\335\000\040\121\215\123\327\171\205\117\235\150\067\165\073\204\153\202\246}{}% 238
\BOOKMARK [1][-]{chapter120.1}{\376\377\173\054\116\000\166\176\116\214\123\101\126\336\000\040\203\120\147\134\230\204\200\001\134\006\163\056\145\260\214\013\000\040\226\115\133\131\166\223\116\011\122\006\137\122\116\000\176\337}{chapter*.120}% 239
\BOOKMARK [0][]{chapter*.121}{\376\377\173\054\116\000\166\176\116\214\123\101\126\336\000\040\203\120\147\134\230\204\200\001\134\006\163\056\145\260\214\013\000\040\226\115\133\131\166\223\116\011\122\006\137\122\116\000\176\337}{}% 240
