This is XeTeX, Version 3.141592653-2.6-0.999993 (TeX Live 2022/dev/Debian) (preloaded format=xelatex 2024.6.17)  23 JUN 2024 07:33
entering extended mode
 restricted \write18 enabled.
 %&-line parsing enabled.
**57278-001
(./57278-001.tex
LaTeX2e <2021-11-15> patch level 1
L3 programming layer <2022-01-21>
(/usr/share/texlive/texmf-dist/tex/latex/ctex/ctexbook.cls
(/usr/share/texlive/texmf-dist/tex/latex/ctex/config/ctexbackend.cfg
File: ctexbackend.cfg 2021/12/12 v2.5.8 Backend configuration file (CTEX)
)
(/usr/share/texlive/texmf-dist/tex/latex/l3kernel/expl3.sty
Package: expl3 2022-01-21 L3 programming layer (loader) 

(/usr/share/texlive/texmf-dist/tex/latex/l3backend/l3backend-xetex.def
File: l3backend-xetex.def 2022-01-12 L3 backend support: XeTeX

(|extractbb --version)
\c__kernel_sys_dvipdfmx_version_int=\count181
\l__color_backend_stack_int=\count182
\g__color_backend_stack_int=\count183
\g__graphics_track_int=\count184
\l__pdf_internal_box=\box50
\g__pdf_backend_object_int=\count185
\g__pdf_backend_annotation_int=\count186
\g__pdf_backend_link_int=\count187
))
Document Class: ctexbook 2021/12/12 v2.5.8 Chinese adapter for class book (CTEX
)
(/usr/share/texlive/texmf-dist/tex/latex/l3packages/xparse/xparse.sty
Package: xparse 2022-01-12 L3 Experimental document command parser
)
(/usr/share/texlive/texmf-dist/tex/latex/l3packages/l3keys2e/l3keys2e.sty
Package: l3keys2e 2022-01-12 LaTeX2e option processing using LaTeX3 keys
)
(/usr/share/texlive/texmf-dist/tex/latex/ctex/ctexhook.sty
Package: ctexhook 2021/12/12 v2.5.8 Document and package hooks (CTEX)
)
(/usr/share/texlive/texmf-dist/tex/latex/ctex/ctexpatch.sty
Package: ctexpatch 2021/12/12 v2.5.8 Patching commands (CTEX)
)
(/usr/share/texlive/texmf-dist/tex/latex/base/fix-cm.sty
Package: fix-cm 2020/11/24 v1.1t fixes to LaTeX

(/usr/share/texlive/texmf-dist/tex/latex/base/ts1enc.def
File: ts1enc.def 2001/06/05 v3.0e (jk/car/fm) Standard LaTeX file
LaTeX Font Info:    Redeclaring font encoding TS1 on input line 47.
))
\l__ctex_tmp_int=\count188
\l__ctex_tmp_box=\box51
\l__ctex_tmp_dim=\dimen138
\g__ctex_section_depth_int=\count189
\g__ctex_font_size_int=\count190

(/usr/share/texlive/texmf-dist/tex/latex/ctex/config/ctexopts.cfg
File: ctexopts.cfg 2021/12/12 v2.5.8 Option configuration file (CTEX)
)
(/usr/share/texlive/texmf-dist/tex/latex/base/book.cls
Document Class: book 2021/10/04 v1.4n Standard LaTeX document class
(/usr/share/texlive/texmf-dist/tex/latex/base/bk10.clo
File: bk10.clo 2021/10/04 v1.4n Standard LaTeX file (size option)
)
\c@part=\count191
\c@chapter=\count192
\c@section=\count193
\c@subsection=\count194
\c@subsubsection=\count195
\c@paragraph=\count196
\c@subparagraph=\count197
\c@figure=\count198
\c@table=\count199
\abovecaptionskip=\skip47
\belowcaptionskip=\skip48
\bibindent=\dimen139
)
(/usr/share/texlive/texmf-dist/tex/latex/ctex/engine/ctex-engine-xetex.def
File: ctex-engine-xetex.def 2021/12/12 v2.5.8 XeLaTeX adapter (CTEX)

(/usr/share/texlive/texmf-dist/tex/xelatex/xecjk/xeCJK.sty
Package: xeCJK 2021/12/12 v3.8.8 Typesetting CJK scripts with XeLaTeX

(/usr/share/texlive/texmf-dist/tex/latex/l3packages/xtemplate/xtemplate.sty
Package: xtemplate 2022-01-12 L3 Experimental prototype document functions
\l__xtemplate_tmp_dim=\dimen140
\l__xtemplate_tmp_int=\count266
\l__xtemplate_tmp_muskip=\muskip16
\l__xtemplate_tmp_skip=\skip49
)
\l__xeCJK_tmp_int=\count267
\l__xeCJK_tmp_box=\box52
\l__xeCJK_tmp_dim=\dimen141
\l__xeCJK_tmp_skip=\skip50
\g__xeCJK_space_factor_int=\count268
\l__xeCJK_begin_int=\count269
\l__xeCJK_end_int=\count270
\c__xeCJK_CJK_class_int=\XeTeXcharclass1
\c__xeCJK_FullLeft_class_int=\XeTeXcharclass2
\c__xeCJK_FullRight_class_int=\XeTeXcharclass3
\c__xeCJK_HalfLeft_class_int=\XeTeXcharclass4
\c__xeCJK_HalfRight_class_int=\XeTeXcharclass5
\c__xeCJK_NormalSpace_class_int=\XeTeXcharclass6
\c__xeCJK_CM_class_int=\XeTeXcharclass7
\c__xeCJK_HangulJamo_class_int=\XeTeXcharclass8
\l__xeCJK_last_skip=\skip51
\g__xeCJK_node_int=\count271
\c__xeCJK_CJK_node_dim=\dimen142
\c__xeCJK_CJK-space_node_dim=\dimen143
\c__xeCJK_default_node_dim=\dimen144
\c__xeCJK_default-space_node_dim=\dimen145
\c__xeCJK_CJK-widow_node_dim=\dimen146
\c__xeCJK_normalspace_node_dim=\dimen147
\l__xeCJK_ccglue_skip=\skip52
\l__xeCJK_ecglue_skip=\skip53
\l__xeCJK_punct_kern_skip=\skip54
\l__xeCJK_last_penalty_int=\count272
\l__xeCJK_last_bound_dim=\dimen148
\l__xeCJK_last_kern_dim=\dimen149
\l__xeCJK_widow_penalty_int=\count273

Package xtemplate Info: Declaring object type 'xeCJK/punctuation' taking 0
(xtemplate)             argument(s) on line 2337.

\l__xeCJK_fixed_punct_width_dim=\dimen150
\l__xeCJK_mixed_punct_width_dim=\dimen151
\l__xeCJK_middle_punct_width_dim=\dimen152
\l__xeCJK_fixed_margin_width_dim=\dimen153
\l__xeCJK_mixed_margin_width_dim=\dimen154
\l__xeCJK_middle_margin_width_dim=\dimen155
\l__xeCJK_bound_punct_width_dim=\dimen156
\l__xeCJK_bound_margin_width_dim=\dimen157
\l__xeCJK_margin_minimum_dim=\dimen158
\l__xeCJK_kerning_total_width_dim=\dimen159
\l__xeCJK_same_align_margin_dim=\dimen160
\l__xeCJK_different_align_margin_dim=\dimen161
\l__xeCJK_kerning_margin_width_dim=\dimen162
\l__xeCJK_kerning_margin_minimum_dim=\dimen163
\l__xeCJK_bound_dim=\dimen164
\l__xeCJK_reverse_bound_dim=\dimen165
\l__xeCJK_margin_dim=\dimen166
\l__xeCJK_minimum_bound_dim=\dimen167
\l__xeCJK_kerning_margin_dim=\dimen168
\g__xeCJK_family_int=\count274
\l__xeCJK_fam_int=\count275
\g__xeCJK_fam_allocation_int=\count276
\l__xeCJK_verb_case_int=\count277
\l__xeCJK_verb_exspace_skip=\skip55

(/usr/share/texlive/texmf-dist/tex/latex/fontspec/fontspec.sty
Package: fontspec 2022/01/15 v2.8a Font selection for XeLaTeX and LuaLaTeX

(/usr/share/texlive/texmf-dist/tex/latex/fontspec/fontspec-xetex.sty
Package: fontspec-xetex 2022/01/15 v2.8a Font selection for XeLaTeX and LuaLaTe
X
\l__fontspec_script_int=\count278
\l__fontspec_language_int=\count279
\l__fontspec_strnum_int=\count280
\l__fontspec_tmp_int=\count281
\l__fontspec_tmpa_int=\count282
\l__fontspec_tmpb_int=\count283
\l__fontspec_tmpc_int=\count284
\l__fontspec_em_int=\count285
\l__fontspec_emdef_int=\count286
\l__fontspec_strong_int=\count287
\l__fontspec_strongdef_int=\count288
\l__fontspec_tmpa_dim=\dimen169
\l__fontspec_tmpb_dim=\dimen170
\l__fontspec_tmpc_dim=\dimen171

(/usr/share/texlive/texmf-dist/tex/latex/base/fontenc.sty
Package: fontenc 2021/04/29 v2.0v Standard LaTeX package
)
(/usr/share/texlive/texmf-dist/tex/latex/fontspec/fontspec.cfg)))
(/usr/share/texlive/texmf-dist/tex/xelatex/xecjk/xeCJK.cfg
File: xeCJK.cfg 2021/12/12 v3.8.8 Configuration file for xeCJK package
))
\ccwd=\dimen172
\l__ctex_ccglue_skip=\skip56
)
\l__ctex_ziju_dim=\dimen173

(/usr/share/texlive/texmf-dist/tex/latex/zhnumber/zhnumber.sty
Package: zhnumber 2020/05/01 v2.8 Typesetting numbers with Chinese glyphs
\l__zhnum_scale_int=\count289

(/usr/share/texlive/texmf-dist/tex/latex/zhnumber/zhnumber-utf8.cfg
File: zhnumber-utf8.cfg 2020/05/01 v2.8 Chinese numerals with UTF8 encoding
))
\l__ctex_heading_skip=\skip57

(/usr/share/texlive/texmf-dist/tex/latex/ctex/scheme/ctex-scheme-chinese-book.d
ef
File: ctex-scheme-chinese-book.def 2021/12/12 v2.5.8 Chinese scheme for book (C
TEX)
 (/usr/share/texlive/texmf-dist/tex/latex/ctex/config/ctex-name-utf8.cfg
File: ctex-name-utf8.cfg 2021/12/12 v2.5.8 Caption with encoding UTF-8 (CTEX)
))
(/usr/share/texlive/texmf-dist/tex/latex/ctex/ctex-c5size.clo
File: ctex-c5size.clo 2021/12/12 v2.5.8 c5size option (CTEX)
)
(/usr/share/texlive/texmf-dist/tex/latex/ctex/fontset/ctex-fontset-fandol.def
File: ctex-fontset-fandol.def 2021/12/12 v2.5.8 Fandol fonts definition (CTEX)


Package fontspec Warning: Font "FandolSong-Regular" does not contain requested
(fontspec)                Script "CJK".


Package fontspec Info: Font family 'FandolSong-Regular(0)' created for font
(fontspec)             'FandolSong-Regular' with options
(fontspec)             [Script={CJK},Extension={.otf},BoldFont={FandolSong-Bold
},ItalicFont={FandolKai-Regular}].
(fontspec)              
(fontspec)              This font family consists of the following NFSS
(fontspec)             series/shapes:
(fontspec)              
(fontspec)             - 'normal' (m/n) with NFSS spec.:
(fontspec)             <->"[FandolSong-Regular.otf]/OT:language=dflt;"
(fontspec)             - 'small caps'  (m/sc) with NFSS spec.: 
(fontspec)             - 'bold' (b/n) with NFSS spec.:
(fontspec)             <->"[FandolSong-Bold.otf]/OT:language=dflt;"
(fontspec)             - 'bold small caps'  (b/sc) with NFSS spec.: 
(fontspec)             - 'italic' (m/it) with NFSS spec.:
(fontspec)             <->"[FandolKai-Regular.otf]/OT:language=dflt;"
(fontspec)             - 'italic small caps'  (m/scit) with NFSS spec.: 

)) (/usr/share/texlive/texmf-dist/tex/latex/ctex/config/ctex.cfg
File: ctex.cfg 2021/12/12 v2.5.8 Configuration file (CTEX)
)

Package xeCJK Warning: Redefining CJKfamily `\CJKrmdefault'
(xeCJK)                (FandolSong-Regular(0)).


Package fontspec Info: Could not resolve font "Noto Serif CJK SC/I" (it
(fontspec)             probably doesn't exist).


Package fontspec Info: Font family 'NotoSerifCJKSC(0)' created for font 'Noto
(fontspec)             Serif CJK SC' with options [Script={CJK}].
(fontspec)              
(fontspec)              This font family consists of the following NFSS
(fontspec)             series/shapes:
(fontspec)              
(fontspec)             - 'normal' (m/n) with NFSS spec.: <->"Noto Serif CJK
(fontspec)             SC/OT:script=hani;language=dflt;"
(fontspec)             - 'small caps'  (m/sc) with NFSS spec.: 
(fontspec)             - 'bold' (b/n) with NFSS spec.: <->"Noto Serif CJK
(fontspec)             SC/B/OT:script=hani;language=dflt;"
(fontspec)             - 'bold small caps'  (b/sc) with NFSS spec.: 
(fontspec)             - 'bold italic' (b/it) with NFSS spec.: <->"Noto Serif
(fontspec)             CJK SC/BI/OT:script=hani;language=dflt;"
(fontspec)             - 'bold italic small caps'  (b/scit) with NFSS spec.: 

(/usr/share/texlive/texmf-dist/tex/latex/geometry/geometry.sty
Package: geometry 2020/01/02 v5.9 Page Geometry

(/usr/share/texlive/texmf-dist/tex/latex/graphics/keyval.sty
Package: keyval 2014/10/28 v1.15 key=value parser (DPC)
\KV@toks@=\toks16
)
(/usr/share/texlive/texmf-dist/tex/generic/iftex/ifvtex.sty
Package: ifvtex 2019/10/25 v1.7 ifvtex legacy package. Use iftex instead.

(/usr/share/texlive/texmf-dist/tex/generic/iftex/iftex.sty
Package: iftex 2020/03/06 v1.0d TeX engine tests
))
\Gm@cnth=\count290
\Gm@cntv=\count291
\c@Gm@tempcnt=\count292
\Gm@bindingoffset=\dimen174
\Gm@wd@mp=\dimen175
\Gm@odd@mp=\dimen176
\Gm@even@mp=\dimen177
\Gm@layoutwidth=\dimen178
\Gm@layoutheight=\dimen179
\Gm@layouthoffset=\dimen180
\Gm@layoutvoffset=\dimen181
\Gm@dimlist=\toks17
)
(/usr/share/texlive/texmf-dist/tex/latex/fancyhdr/fancyhdr.sty
Package: fancyhdr 2021/01/28 v4.0.1 Extensive control of page headers and foote
rs
\f@nch@headwidth=\skip58
\f@nch@O@elh=\skip59
\f@nch@O@erh=\skip60
\f@nch@O@olh=\skip61
\f@nch@O@orh=\skip62
\f@nch@O@elf=\skip63
\f@nch@O@erf=\skip64
\f@nch@O@olf=\skip65
\f@nch@O@orf=\skip66
)
(./57278-001.aux)
\openout1 = `57278-001.aux'.

LaTeX Font Info:    Checking defaults for OML/cmm/m/it on input line 33.
LaTeX Font Info:    ... okay on input line 33.
LaTeX Font Info:    Checking defaults for OMS/cmsy/m/n on input line 33.
LaTeX Font Info:    ... okay on input line 33.
LaTeX Font Info:    Checking defaults for OT1/cmr/m/n on input line 33.
LaTeX Font Info:    ... okay on input line 33.
LaTeX Font Info:    Checking defaults for T1/cmr/m/n on input line 33.
LaTeX Font Info:    ... okay on input line 33.
LaTeX Font Info:    Checking defaults for TS1/cmr/m/n on input line 33.
LaTeX Font Info:    ... okay on input line 33.
LaTeX Font Info:    Checking defaults for TU/lmr/m/n on input line 33.
LaTeX Font Info:    ... okay on input line 33.
LaTeX Font Info:    Checking defaults for OMX/cmex/m/n on input line 33.
LaTeX Font Info:    ... okay on input line 33.
LaTeX Font Info:    Checking defaults for U/cmr/m/n on input line 33.
LaTeX Font Info:    ... okay on input line 33.

Package fontspec Info: Adjusting the maths setup (use [no-math] to avoid
(fontspec)             this).

\symlegacymaths=\mathgroup4
LaTeX Font Info:    Overwriting symbol font `legacymaths' in version `bold'
(Font)                  OT1/cmr/m/n --> OT1/cmr/bx/n on input line 33.
LaTeX Font Info:    Redeclaring math accent \acute on input line 33.
LaTeX Font Info:    Redeclaring math accent \grave on input line 33.
LaTeX Font Info:    Redeclaring math accent \ddot on input line 33.
LaTeX Font Info:    Redeclaring math accent \tilde on input line 33.
LaTeX Font Info:    Redeclaring math accent \bar on input line 33.
LaTeX Font Info:    Redeclaring math accent \breve on input line 33.
LaTeX Font Info:    Redeclaring math accent \check on input line 33.
LaTeX Font Info:    Redeclaring math accent \hat on input line 33.
LaTeX Font Info:    Redeclaring math accent \dot on input line 33.
LaTeX Font Info:    Redeclaring math accent \mathring on input line 33.
LaTeX Font Info:    Redeclaring math symbol \colon on input line 33.
LaTeX Font Info:    Redeclaring math symbol \Gamma on input line 33.
LaTeX Font Info:    Redeclaring math symbol \Delta on input line 33.
LaTeX Font Info:    Redeclaring math symbol \Theta on input line 33.
LaTeX Font Info:    Redeclaring math symbol \Lambda on input line 33.
LaTeX Font Info:    Redeclaring math symbol \Xi on input line 33.
LaTeX Font Info:    Redeclaring math symbol \Pi on input line 33.
LaTeX Font Info:    Redeclaring math symbol \Sigma on input line 33.
LaTeX Font Info:    Redeclaring math symbol \Upsilon on input line 33.
LaTeX Font Info:    Redeclaring math symbol \Phi on input line 33.
LaTeX Font Info:    Redeclaring math symbol \Psi on input line 33.
LaTeX Font Info:    Redeclaring math symbol \Omega on input line 33.
LaTeX Font Info:    Redeclaring math symbol \mathdollar on input line 33.
LaTeX Font Info:    Redeclaring symbol font `operators' on input line 33.
LaTeX Font Info:    Encoding `OT1' has changed to `TU' for symbol font
(Font)              `operators' in the math version `normal' on input line 33.
LaTeX Font Info:    Overwriting symbol font `operators' in version `normal'
(Font)                  OT1/cmr/m/n --> TU/lmr/m/n on input line 33.
LaTeX Font Info:    Encoding `OT1' has changed to `TU' for symbol font
(Font)              `operators' in the math version `bold' on input line 33.
LaTeX Font Info:    Overwriting symbol font `operators' in version `bold'
(Font)                  OT1/cmr/bx/n --> TU/lmr/m/n on input line 33.
LaTeX Font Info:    Overwriting symbol font `operators' in version `normal'
(Font)                  TU/lmr/m/n --> TU/lmr/m/n on input line 33.
LaTeX Font Info:    Overwriting math alphabet `\mathit' in version `normal'
(Font)                  OT1/cmr/m/it --> TU/lmr/m/it on input line 33.
LaTeX Font Info:    Overwriting math alphabet `\mathbf' in version `normal'
(Font)                  OT1/cmr/bx/n --> TU/lmr/b/n on input line 33.
LaTeX Font Info:    Overwriting math alphabet `\mathsf' in version `normal'
(Font)                  OT1/cmss/m/n --> TU/lmss/m/n on input line 33.
LaTeX Font Info:    Overwriting math alphabet `\mathtt' in version `normal'
(Font)                  OT1/cmtt/m/n --> TU/lmtt/m/n on input line 33.
LaTeX Font Info:    Overwriting symbol font `operators' in version `bold'
(Font)                  TU/lmr/m/n --> TU/lmr/b/n on input line 33.
LaTeX Font Info:    Overwriting math alphabet `\mathit' in version `bold'
(Font)                  OT1/cmr/bx/it --> TU/lmr/b/it on input line 33.
LaTeX Font Info:    Overwriting math alphabet `\mathsf' in version `bold'
(Font)                  OT1/cmss/bx/n --> TU/lmss/b/n on input line 33.
LaTeX Font Info:    Overwriting math alphabet `\mathtt' in version `bold'
(Font)                  OT1/cmtt/m/n --> TU/lmtt/b/n on input line 33.

*geometry* driver: auto-detecting
*geometry* detected driver: xetex
*geometry* verbose mode - [ preamble ] result:
* driver: xetex
* paper: <default>
* layout: <same size as paper>
* layoutoffset:(h,v)=(0.0pt,0.0pt)
* modes: twoside 
* h-part:(L,W,R)=(71.13188pt, 472.03123pt, 71.13188pt)
* v-part:(T,H,B)=(56.9055pt, 681.15898pt, 56.9055pt)
* \paperwidth=614.295pt
* \paperheight=794.96999pt
* \textwidth=472.03123pt
* \textheight=681.15898pt
* \oddsidemargin=-1.1381pt
* \evensidemargin=-1.1381pt
* \topmargin=-45.43198pt
* \headheight=12.0pt
* \headsep=18.06749pt
* \topskip=10.0pt
* \footskip=25.29494pt
* \marginparwidth=125.0pt
* \marginparsep=7.0pt
* \columnsep=10.0pt
* \skip\footins=9.0pt plus 4.0pt minus 2.0pt
* \hoffset=0.0pt
* \voffset=0.0pt
* \mag=1000
* \@twocolumnfalse
* \@twosidetrue
* \@mparswitchtrue
* \@reversemarginfalse
* (1in=72.27pt=25.4mm, 1cm=28.453pt)

LaTeX Font Info:    External font `cmex10' loaded for size
(Font)              <12.045> on input line 34.
LaTeX Font Info:    External font `cmex10' loaded for size
(Font)              <8> on input line 34.
LaTeX Font Info:    External font `cmex10' loaded for size
(Font)              <6> on input line 34.
[1


]

! LaTeX Error: File `content.txt' not found.

Type X to quit or <RETURN> to proceed,
or enter new name. (Default extension: txt)

Enter file name: 57278-1
(./57278-1.txt
Underfull \hbox (badness 10000) in paragraph at lines 1--12

 []


Underfull \hbox (badness 10000) in paragraph at lines 1--12

 []


Underfull \hbox (badness 10000) in paragraph at lines 1--12

 []


Underfull \hbox (badness 10000) in paragraph at lines 1--12

 []

! You can't use `macro parameter character #' in horizontal mode.
l.15 Release Date: June 5, 2018 [EBook #
                                        57278] \\
? skip
OK, entering \scrollmode...

Underfull \hbox (badness 10000) in paragraph at lines 13--24

 []


Underfull \hbox (badness 10000) in paragraph at lines 13--24

 []


Underfull \hbox (badness 10000) in paragraph at lines 13--24

 []


Underfull \hbox (badness 10000) in paragraph at lines 13--24

 []


Underfull \hbox (badness 10000) in paragraph at lines 13--24

 []


Underfull \hbox (badness 10000) in paragraph at lines 25--31

 []


Underfull \hbox (badness 10000) in paragraph at lines 25--31

 []

[2]
Missing character: There is no ─ (U+2500) in font [lmroman10-regular]:mapping=t
ex-text;!
Missing character: There is no ─ (U+2500) in font [lmroman10-regular]:mapping=t
ex-text;!

Underfull \hbox (badness 10000) in paragraph at lines 32--37

 []

[3]
Underfull \hbox (badness 10000) in paragraph at lines 39--40

 []


Underfull \vbox (badness 10000) has occurred while \output is active []

 [4]
Underfull \vbox (badness 10000) has occurred while \output is active []

 [5]
[6]
Underfull \hbox (badness 10000) in paragraph at lines 81--82

 []


Underfull \hbox (badness 10000) in paragraph at lines 83--108

 []


Underfull \vbox (badness 10000) has occurred while \output is active []

 [7]
[8]
Underfull \hbox (badness 10000) in paragraph at lines 109--110

 []


Underfull \hbox (badness 10000) in paragraph at lines 111--142

 []


Underfull \vbox (badness 10000) has occurred while \output is active []

 [9]
Underfull \vbox (badness 10000) has occurred while \output is active []

 [10]
[11]
Underfull \hbox (badness 10000) in paragraph at lines 143--144

 []


Underfull \hbox (badness 10000) in paragraph at lines 145--176

 []


Underfull \vbox (badness 10000) has occurred while \output is active []

 [12]
[13]
Underfull \hbox (badness 10000) in paragraph at lines 177--178

 []


Underfull \hbox (badness 10000) in paragraph at lines 179--195

 []


Underfull \vbox (badness 10000) has occurred while \output is active []

 [14]
Underfull \hbox (badness 10000) in paragraph at lines 196--205

 []


Underfull \vbox (badness 10000) has occurred while \output is active []

 [15]
[16]
Underfull \hbox (badness 10000) in paragraph at lines 206--207

 []


Underfull \hbox (badness 10000) in paragraph at lines 208--239

 []


Underfull \vbox (badness 10000) has occurred while \output is active []

 [17]
Underfull \vbox (badness 10000) has occurred while \output is active []

 [18]
[19]
Underfull \hbox (badness 10000) in paragraph at lines 240--241

 []


Underfull \hbox (badness 10000) in paragraph at lines 242--350

 []


Underfull \vbox (badness 10000) has occurred while \output is active []

 [20]
Underfull \vbox (badness 10000) has occurred while \output is active []

 [21]
Underfull \vbox (badness 10000) has occurred while \output is active []

 [22]
Underfull \vbox (badness 10000) has occurred while \output is active []

 [23]
[24]
Underfull \hbox (badness 10000) in paragraph at lines 351--352

 []


Underfull \hbox (badness 10000) in paragraph at lines 353--385

 []


Underfull \vbox (badness 10000) has occurred while \output is active []

 [25]
Underfull \vbox (badness 10000) has occurred while \output is active []

 [26]
[27]
Underfull \hbox (badness 10000) in paragraph at lines 386--387

 []


Underfull \hbox (badness 10000) in paragraph at lines 388--427

 []


Underfull \vbox (badness 10000) has occurred while \output is active []

 [28]
Underfull \vbox (badness 10000) has occurred while \output is active []

 [29]
Underfull \vbox (badness 10000) has occurred while \output is active []

 [30]
[31]
Underfull \hbox (badness 10000) in paragraph at lines 428--429

 []


Underfull \hbox (badness 10000) in paragraph at lines 430--451

 []


Underfull \vbox (badness 10000) has occurred while \output is active []

 [32]
[33]
Underfull \hbox (badness 10000) in paragraph at lines 452--453

 []

Missing character: There is no ◇ (U+25C7) in font [lmroman10-regular]:mapping=t
ex-text;!
Missing character: There is no ◇ (U+25C7) in font [lmroman10-regular]:mapping=t
ex-text;!

Underfull \hbox (badness 10000) in paragraph at lines 454--496

 []


Underfull \vbox (badness 10000) has occurred while \output is active []

 [34]
Underfull \vbox (badness 10000) has occurred while \output is active []

 [35]
[36]
Underfull \hbox (badness 10000) in paragraph at lines 497--498

 []

Missing character: There is no ◇ (U+25C7) in font [lmroman10-regular]:mapping=t
ex-text;!

Underfull \vbox (badness 10000) has occurred while \output is active []

 [37]
Underfull \vbox (badness 10000) has occurred while \output is active []

 [38]
[39]
Underfull \hbox (badness 10000) in paragraph at lines 531--532

 []

Missing character: There is no ◇ (U+25C7) in font [lmroman10-regular]:mapping=t
ex-text;!

Underfull \hbox (badness 10000) in paragraph at lines 533--605

 []


Underfull \vbox (badness 10000) has occurred while \output is active []

 [40]
Underfull \vbox (badness 10000) has occurred while \output is active []

 [41]
Underfull \vbox (badness 10000) has occurred while \output is active []

 [42]
[43]
Underfull \hbox (badness 10000) in paragraph at lines 606--607

 []


Underfull \hbox (badness 10000) in paragraph at lines 608--680

 []


Underfull \vbox (badness 10000) has occurred while \output is active []

 [44]
Underfull \vbox (badness 10000) has occurred while \output is active []

 [45]
[46]
Underfull \hbox (badness 10000) in paragraph at lines 681--682

 []


Underfull \hbox (badness 10000) in paragraph at lines 683--711

 []


Underfull \vbox (badness 10000) has occurred while \output is active []

 [47]
[48]
Underfull \hbox (badness 10000) in paragraph at lines 712--713

 []

Missing character: There is no ◇ (U+25C7) in font [lmroman10-regular]:mapping=t
ex-text;!
Missing character: There is no ◇ (U+25C7) in font [lmroman10-regular]:mapping=t
ex-text;!
Missing character: There is no ◇ (U+25C7) in font [lmroman10-regular]:mapping=t
ex-text;!
Missing character: There is no ◇ (U+25C7) in font [lmroman10-regular]:mapping=t
ex-text;!

Underfull \hbox (badness 10000) in paragraph at lines 714--776

 []


Underfull \vbox (badness 10000) has occurred while \output is active []

 [49]
Underfull \vbox (badness 10000) has occurred while \output is active []

 [50]
[51]
Underfull \hbox (badness 10000) in paragraph at lines 777--778

 []


Underfull \hbox (badness 10000) in paragraph at lines 779--827

 []


Underfull \vbox (badness 10000) has occurred while \output is active []

 [52]
Underfull \vbox (badness 10000) has occurred while \output is active []

 [53]
[54]
Underfull \hbox (badness 10000) in paragraph at lines 828--829

 []


Underfull \hbox (badness 10000) in paragraph at lines 830--882

 []


Underfull \vbox (badness 10000) has occurred while \output is active []

 [55]
[56]
Underfull \hbox (badness 10000) in paragraph at lines 883--884

 []

Missing character: There is no ◇ (U+25C7) in font [lmroman10-regular]:mapping=t
ex-text;!
Missing character: There is no ─ (U+2500) in font [lmroman10-regular]:mapping=t
ex-text;!
Missing character: There is no ─ (U+2500) in font [lmroman10-regular]:mapping=t
ex-text;!
Missing character: There is no ◇ (U+25C7) in font [lmroman10-regular]:mapping=t
ex-text;!
Missing character: There is no ─ (U+2500) in font [lmroman10-regular]:mapping=t
ex-text;!
Missing character: There is no ─ (U+2500) in font [lmroman10-regular]:mapping=t
ex-text;!
Missing character: There is no ◇ (U+25C7) in font [lmroman10-regular]:mapping=t
ex-text;!
Missing character: There is no ─ (U+2500) in font [lmroman10-regular]:mapping=t
ex-text;!
Missing character: There is no ─ (U+2500) in font [lmroman10-regular]:mapping=t
ex-text;!
Missing character: There is no ◇ (U+25C7) in font [lmroman10-regular]:mapping=t
ex-text;!
Missing character: There is no ─ (U+2500) in font [lmroman10-regular]:mapping=t
ex-text;!
Missing character: There is no ─ (U+2500) in font [lmroman10-regular]:mapping=t
ex-text;!
Missing character: There is no ◇ (U+25C7) in font [lmroman10-regular]:mapping=t
ex-text;!
Missing character: There is no ─ (U+2500) in font [lmroman10-regular]:mapping=t
ex-text;!
Missing character: There is no ─ (U+2500) in font [lmroman10-regular]:mapping=t
ex-text;!
Missing character: There is no ◇ (U+25C7) in font [lmroman10-regular]:mapping=t
ex-text;!
Missing character: There is no ─ (U+2500) in font [lmroman10-regular]:mapping=t
ex-text;!
Missing character: There is no ─ (U+2500) in font [lmroman10-regular]:mapping=t
ex-text;!
Missing character: There is no ◇ (U+25C7) in font [lmroman10-regular]:mapping=t
ex-text;!
Missing character: There is no ─ (U+2500) in font [lmroman10-regular]:mapping=t
ex-text;!
Missing character: There is no ─ (U+2500) in font [lmroman10-regular]:mapping=t
ex-text;!
Missing character: There is no ◇ (U+25C7) in font [lmroman10-regular]:mapping=t
ex-text;!
Missing character: There is no ─ (U+2500) in font [lmroman10-regular]:mapping=t
ex-text;!
Missing character: There is no ─ (U+2500) in font [lmroman10-regular]:mapping=t
ex-text;!
Missing character: There is no ◇ (U+25C7) in font [lmroman10-regular]:mapping=t
ex-text;!
Missing character: There is no ─ (U+2500) in font [lmroman10-regular]:mapping=t
ex-text;!
Missing character: There is no ─ (U+2500) in font [lmroman10-regular]:mapping=t
ex-text;!
Missing character: There is no ◇ (U+25C7) in font [lmroman10-regular]:mapping=t
ex-text;!
Missing character: There is no ─ (U+2500) in font [lmroman10-regular]:mapping=t
ex-text;!
Missing character: There is no ─ (U+2500) in font [lmroman10-regular]:mapping=t
ex-text;!
Missing character: There is no ◇ (U+25C7) in font [lmroman10-regular]:mapping=t
ex-text;!
Missing character: There is no ─ (U+2500) in font [lmroman10-regular]:mapping=t
ex-text;!
Missing character: There is no ─ (U+2500) in font [lmroman10-regular]:mapping=t
ex-text;!
Missing character: There is no ◇ (U+25C7) in font [lmroman10-regular]:mapping=t
ex-text;!
Missing character: There is no ─ (U+2500) in font [lmroman10-regular]:mapping=t
ex-text;!
Missing character: There is no ─ (U+2500) in font [lmroman10-regular]:mapping=t
ex-text;!
Missing character: There is no ◇ (U+25C7) in font [lmroman10-regular]:mapping=t
ex-text;!
Missing character: There is no ─ (U+2500) in font [lmroman10-regular]:mapping=t
ex-text;!
Missing character: There is no ─ (U+2500) in font [lmroman10-regular]:mapping=t
ex-text;!
Missing character: There is no ◇ (U+25C7) in font [lmroman10-regular]:mapping=t
ex-text;!
Missing character: There is no ─ (U+2500) in font [lmroman10-regular]:mapping=t
ex-text;!
Missing character: There is no ─ (U+2500) in font [lmroman10-regular]:mapping=t
ex-text;!
Missing character: There is no ◇ (U+25C7) in font [lmroman10-regular]:mapping=t
ex-text;!
Missing character: There is no ─ (U+2500) in font [lmroman10-regular]:mapping=t
ex-text;!
Missing character: There is no ─ (U+2500) in font [lmroman10-regular]:mapping=t
ex-text;!
Missing character: There is no ◇ (U+25C7) in font [lmroman10-regular]:mapping=t
ex-text;!

Underfull \hbox (badness 10000) in paragraph at lines 885--998

 []


Underfull \vbox (badness 10000) has occurred while \output is active []

 [57]
Underfull \vbox (badness 10000) has occurred while \output is active []

 [58]
Underfull \vbox (badness 10000) has occurred while \output is active []

 [59]
[60]
Underfull \hbox (badness 10000) in paragraph at lines 999--1000

 []

Missing character: There is no ◇ (U+25C7) in font [lmroman10-regular]:mapping=t
ex-text;!
Missing character: There is no ─ (U+2500) in font [lmroman10-regular]:mapping=t
ex-text;!
Missing character: There is no ─ (U+2500) in font [lmroman10-regular]:mapping=t
ex-text;!
Missing character: There is no ◇ (U+25C7) in font [lmroman10-regular]:mapping=t
ex-text;!
Missing character: There is no ─ (U+2500) in font [lmroman10-regular]:mapping=t
ex-text;!
Missing character: There is no ─ (U+2500) in font [lmroman10-regular]:mapping=t
ex-text;!
Missing character: There is no ◇ (U+25C7) in font [lmroman10-regular]:mapping=t
ex-text;!
Missing character: There is no ─ (U+2500) in font [lmroman10-regular]:mapping=t
ex-text;!
Missing character: There is no ─ (U+2500) in font [lmroman10-regular]:mapping=t
ex-text;!
Missing character: There is no ◇ (U+25C7) in font [lmroman10-regular]:mapping=t
ex-text;!
Missing character: There is no ─ (U+2500) in font [lmroman10-regular]:mapping=t
ex-text;!
Missing character: There is no ─ (U+2500) in font [lmroman10-regular]:mapping=t
ex-text;!
Missing character: There is no ◇ (U+25C7) in font [lmroman10-regular]:mapping=t
ex-text;!
Missing character: There is no ─ (U+2500) in font [lmroman10-regular]:mapping=t
ex-text;!
Missing character: There is no ─ (U+2500) in font [lmroman10-regular]:mapping=t
ex-text;!
Missing character: There is no ◇ (U+25C7) in font [lmroman10-regular]:mapping=t
ex-text;!
Missing character: There is no ─ (U+2500) in font [lmroman10-regular]:mapping=t
ex-text;!
Missing character: There is no ─ (U+2500) in font [lmroman10-regular]:mapping=t
ex-text;!
Missing character: There is no ◇ (U+25C7) in font [lmroman10-regular]:mapping=t
ex-text;!
Missing character: There is no ─ (U+2500) in font [lmroman10-regular]:mapping=t
ex-text;!
Missing character: There is no ─ (U+2500) in font [lmroman10-regular]:mapping=t
ex-text;!
Missing character: There is no ◇ (U+25C7) in font [lmroman10-regular]:mapping=t
ex-text;!
Missing character: There is no ─ (U+2500) in font [lmroman10-regular]:mapping=t
ex-text;!
Missing character: There is no ─ (U+2500) in font [lmroman10-regular]:mapping=t
ex-text;!
Missing character: There is no ◇ (U+25C7) in font [lmroman10-regular]:mapping=t
ex-text;!
Missing character: There is no ─ (U+2500) in font [lmroman10-regular]:mapping=t
ex-text;!
Missing character: There is no ─ (U+2500) in font [lmroman10-regular]:mapping=t
ex-text;!
Missing character: There is no ◇ (U+25C7) in font [lmroman10-regular]:mapping=t
ex-text;!
Missing character: There is no ─ (U+2500) in font [lmroman10-regular]:mapping=t
ex-text;!
Missing character: There is no ─ (U+2500) in font [lmroman10-regular]:mapping=t
ex-text;!
Missing character: There is no ◇ (U+25C7) in font [lmroman10-regular]:mapping=t
ex-text;!
Missing character: There is no ─ (U+2500) in font [lmroman10-regular]:mapping=t
ex-text;!
Missing character: There is no ─ (U+2500) in font [lmroman10-regular]:mapping=t
ex-text;!
Missing character: There is no ◇ (U+25C7) in font [lmroman10-regular]:mapping=t
ex-text;!
Missing character: There is no ─ (U+2500) in font [lmroman10-regular]:mapping=t
ex-text;!
Missing character: There is no ─ (U+2500) in font [lmroman10-regular]:mapping=t
ex-text;!
Missing character: There is no ◇ (U+25C7) in font [lmroman10-regular]:mapping=t
ex-text;!
Missing character: There is no ─ (U+2500) in font [lmroman10-regular]:mapping=t
ex-text;!
Missing character: There is no ─ (U+2500) in font [lmroman10-regular]:mapping=t
ex-text;!

Underfull \hbox (badness 10000) in paragraph at lines 1001--1090

 []


Underfull \vbox (badness 10000) has occurred while \output is active []

 [61]
Underfull \vbox (badness 10000) has occurred while \output is active []

 [62]
[63]
Underfull \hbox (badness 10000) in paragraph at lines 1091--1092

 []


Underfull \hbox (badness 10000) in paragraph at lines 1093--1154

 []


Underfull \vbox (badness 10000) has occurred while \output is active []

 [64]
Underfull \vbox (badness 10000) has occurred while \output is active []

 [65]
[66]
Underfull \hbox (badness 10000) in paragraph at lines 1155--1156

 []


Underfull \hbox (badness 10000) in paragraph at lines 1157--1184

 []


Underfull \vbox (badness 10000) has occurred while \output is active []

 [67]
Underfull \vbox (badness 10000) has occurred while \output is active []

 [68]
[69]
Underfull \hbox (badness 10000) in paragraph at lines 1185--1186

 []


Underfull \hbox (badness 10000) in paragraph at lines 1187--1219

 []


Underfull \vbox (badness 10000) has occurred while \output is active []

 [70]
[71]
Underfull \hbox (badness 10000) in paragraph at lines 1220--1221

 []


Underfull \hbox (badness 10000) in paragraph at lines 1222--1248

 []


Underfull \vbox (badness 10000) has occurred while \output is active []

 [72]
[73]
Underfull \hbox (badness 10000) in paragraph at lines 1249--1250

 []

Missing character: There is no ◇ (U+25C7) in font [lmroman10-regular]:mapping=t
ex-text;!
Missing character: There is no ◇ (U+25C7) in font [lmroman10-regular]:mapping=t
ex-text;!
Missing character: There is no ◇ (U+25C7) in font [lmroman10-regular]:mapping=t
ex-text;!
Missing character: There is no ◇ (U+25C7) in font [lmroman10-regular]:mapping=t
ex-text;!
Missing character: There is no ◇ (U+25C7) in font [lmroman10-regular]:mapping=t
ex-text;!
Missing character: There is no ◇ (U+25C7) in font [lmroman10-regular]:mapping=t
ex-text;!
Missing character: There is no ◇ (U+25C7) in font [lmroman10-regular]:mapping=t
ex-text;!
Missing character: There is no ◇ (U+25C7) in font [lmroman10-regular]:mapping=t
ex-text;!
Missing character: There is no ◇ (U+25C7) in font [lmroman10-regular]:mapping=t
ex-text;!
Missing character: There is no ◇ (U+25C7) in font [lmroman10-regular]:mapping=t
ex-text;!

Underfull \hbox (badness 10000) in paragraph at lines 1251--1309

 []


Underfull \vbox (badness 10000) has occurred while \output is active []

 [74]
Underfull \vbox (badness 10000) has occurred while \output is active []

 [75]
Underfull \vbox (badness 10000) has occurred while \output is active []

 [76]
[77]
Underfull \hbox (badness 10000) in paragraph at lines 1310--1311

 []


Underfull \hbox (badness 10000) in paragraph at lines 1312--1316

 []


Underfull \hbox (badness 10000) in paragraph at lines 1317--1340

 []


Underfull \vbox (badness 10000) has occurred while \output is active []

 [78]
Underfull \vbox (badness 10000) has occurred while \output is active []

 [79]
[80]
Underfull \hbox (badness 10000) in paragraph at lines 1341--1342

 []


Underfull \hbox (badness 10000) in paragraph at lines 1343--1368

 []


Underfull \vbox (badness 10000) has occurred while \output is active []

 [81]
Underfull \vbox (badness 10000) has occurred while \output is active []

 [82]
[83]
Underfull \hbox (badness 10000) in paragraph at lines 1369--1370

 []


Underfull \hbox (badness 10000) in paragraph at lines 1371--1401

 []


Underfull \vbox (badness 10000) has occurred while \output is active []

 [84]
[85]
Underfull \hbox (badness 10000) in paragraph at lines 1402--1403

 []


Underfull \hbox (badness 10000) in paragraph at lines 1404--1457

 []


Underfull \vbox (badness 10000) has occurred while \output is active []

 [86]
Underfull \vbox (badness 10000) has occurred while \output is active []

 [87]
[88]
Underfull \hbox (badness 10000) in paragraph at lines 1458--1459

 []


Underfull \hbox (badness 10000) in paragraph at lines 1460--1481

 []


Underfull \vbox (badness 10000) has occurred while \output is active []

 [89]
Underfull \vbox (badness 10000) has occurred while \output is active []

 [90]
[91]
Underfull \hbox (badness 10000) in paragraph at lines 1482--1483

 []


Underfull \hbox (badness 10000) in paragraph at lines 1484--1516

 []


Underfull \vbox (badness 10000) has occurred while \output is active []

 [92]
Underfull \vbox (badness 10000) has occurred while \output is active []

 [93]
[94]
Underfull \hbox (badness 10000) in paragraph at lines 1517--1518

 []


Underfull \hbox (badness 10000) in paragraph at lines 1519--1547

 []


Underfull \vbox (badness 10000) has occurred while \output is active []

 [95]
Underfull \vbox (badness 10000) has occurred while \output is active []

 [96]
[97]
Underfull \hbox (badness 10000) in paragraph at lines 1548--1549

 []


Underfull \hbox (badness 10000) in paragraph at lines 1550--1568

 []


Underfull \vbox (badness 10000) has occurred while \output is active []

 [98]
[99]
Underfull \hbox (badness 10000) in paragraph at lines 1569--1570

 []


Underfull \hbox (badness 10000) in paragraph at lines 1571--1599

 []


Underfull \vbox (badness 10000) has occurred while \output is active []

 [100]
Underfull \vbox (badness 10000) has occurred while \output is active []

 [101]
[102]
Underfull \hbox (badness 10000) in paragraph at lines 1600--1601

 []


Underfull \hbox (badness 10000) in paragraph at lines 1602--1642

 []


Underfull \vbox (badness 10000) has occurred while \output is active []

 [103]
Underfull \vbox (badness 10000) has occurred while \output is active []

 [104]
[105]
Underfull \hbox (badness 10000) in paragraph at lines 1643--1644

 []


Underfull \hbox (badness 10000) in paragraph at lines 1645--1657

 []


Underfull \vbox (badness 10000) has occurred while \output is active []

 [106]
Underfull \hbox (badness 10000) in paragraph at lines 1658--1663

 []

[107]
Underfull \hbox (badness 10000) in paragraph at lines 1664--1665

 []


Underfull \hbox (badness 10000) in paragraph at lines 1666--1684

 []


Underfull \vbox (badness 10000) has occurred while \output is active []

 [108]
Underfull \vbox (badness 10000) has occurred while \output is active []

 [109]
[110]
Underfull \hbox (badness 10000) in paragraph at lines 1685--1686

 []


Underfull \hbox (badness 10000) in paragraph at lines 1687--1759

 []


Underfull \vbox (badness 10000) has occurred while \output is active []

 [111]
Underfull \vbox (badness 10000) has occurred while \output is active []

 [112]
[113]
Underfull \hbox (badness 10000) in paragraph at lines 1760--1761

 []


Underfull \hbox (badness 10000) in paragraph at lines 1762--1797

 []


Underfull \vbox (badness 10000) has occurred while \output is active []

 [114]
Underfull \vbox (badness 10000) has occurred while \output is active []

 [115]
[116]
Underfull \hbox (badness 10000) in paragraph at lines 1798--1799

 []


Underfull \hbox (badness 10000) in paragraph at lines 1800--1826

 []


Underfull \vbox (badness 10000) has occurred while \output is active []

 [117]
Underfull \vbox (badness 10000) has occurred while \output is active []

 [118]
[119]
Underfull \hbox (badness 10000) in paragraph at lines 1827--1828

 []


Underfull \hbox (badness 10000) in paragraph at lines 1829--1850

 []


Underfull \vbox (badness 10000) has occurred while \output is active []

 [120]
Underfull \vbox (badness 10000) has occurred while \output is active []

 [121]
[122]
Underfull \hbox (badness 10000) in paragraph at lines 1851--1852

 []


Underfull \hbox (badness 10000) in paragraph at lines 1853--1878

 []


Underfull \vbox (badness 10000) has occurred while \output is active []

 [123]
Underfull \vbox (badness 10000) has occurred while \output is active []

 [124]
[125]
Underfull \hbox (badness 10000) in paragraph at lines 1879--1880

 []


Underfull \hbox (badness 10000) in paragraph at lines 1881--1914

 []


Underfull \vbox (badness 10000) has occurred while \output is active []

 [126]
Underfull \vbox (badness 10000) has occurred while \output is active []

 [127]
[128]
Underfull \hbox (badness 10000) in paragraph at lines 1915--1916

 []

Missing character: There is no ◇ (U+25C7) in font [lmroman10-regular]:mapping=t
ex-text;!
Missing character: There is no ◇ (U+25C7) in font [lmroman10-regular]:mapping=t
ex-text;!

Underfull \hbox (badness 10000) in paragraph at lines 1917--1947

 []


Underfull \vbox (badness 10000) has occurred while \output is active []

 [129]
Underfull \vbox (badness 10000) has occurred while \output is active []

 [130]
Underfull \hbox (badness 10000) in paragraph at lines 1948--1950

 []

[131]
Underfull \hbox (badness 10000) in paragraph at lines 1951--1952

 []


Underfull \hbox (badness 10000) in paragraph at lines 1953--1958

 []


Underfull \hbox (badness 10000) in paragraph at lines 1959--2018

 []


Underfull \vbox (badness 10000) has occurred while \output is active []

 [132]
Underfull \vbox (badness 10000) has occurred while \output is active []

 [133]
Underfull \vbox (badness 10000) has occurred while \output is active []

 [134]
[135]
Underfull \hbox (badness 10000) in paragraph at lines 2019--2020

 []


Underfull \hbox (badness 10000) in paragraph at lines 2021--2032

 []


Underfull \vbox (badness 10000) has occurred while \output is active []

 [136]
[137]
Underfull \hbox (badness 10000) in paragraph at lines 2033--2034

 []


Underfull \hbox (badness 10000) in paragraph at lines 2035--2053

 []


Underfull \vbox (badness 10000) has occurred while \output is active []

 [138]
[139]
Underfull \hbox (badness 10000) in paragraph at lines 2054--2055

 []


Underfull \hbox (badness 10000) in paragraph at lines 2056--2070

 []


Underfull \vbox (badness 10000) has occurred while \output is active []

 [140]
[141]
Underfull \hbox (badness 10000) in paragraph at lines 2071--2072

 []


Underfull \hbox (badness 10000) in paragraph at lines 2073--2098

 []


Underfull \vbox (badness 10000) has occurred while \output is active []

 [142]
Underfull \vbox (badness 10000) has occurred while \output is active []

 [143]
[144]
Underfull \hbox (badness 10000) in paragraph at lines 2099--2100

 []


Underfull \hbox (badness 10000) in paragraph at lines 2101--2126

 []


Underfull \vbox (badness 10000) has occurred while \output is active []

 [145]
Underfull \vbox (badness 10000) has occurred while \output is active []

 [146]
[147]
Underfull \hbox (badness 10000) in paragraph at lines 2127--2128

 []


Underfull \hbox (badness 10000) in paragraph at lines 2129--2151

 []


Underfull \vbox (badness 10000) has occurred while \output is active []

 [148]
[149]
Underfull \hbox (badness 10000) in paragraph at lines 2152--2153

 []


Underfull \hbox (badness 10000) in paragraph at lines 2154--2176

 []


Underfull \vbox (badness 10000) has occurred while \output is active []

 [150]
Underfull \vbox (badness 10000) has occurred while \output is active []

 [151]
[152]
Underfull \hbox (badness 10000) in paragraph at lines 2177--2178

 []


Underfull \hbox (badness 10000) in paragraph at lines 2179--2207

 []


Underfull \vbox (badness 10000) has occurred while \output is active []

 [153]
Underfull \vbox (badness 10000) has occurred while \output is active []

 [154]
Underfull \vbox (badness 10000) has occurred while \output is active []

 [155]
Underfull \hbox (badness 10000) in paragraph at lines 2208--2209

 []

[156]
Underfull \hbox (badness 10000) in paragraph at lines 2210--2211

 []


Underfull \hbox (badness 10000) in paragraph at lines 2212--2243

 []


Underfull \vbox (badness 10000) has occurred while \output is active []

 [157]
Underfull \vbox (badness 10000) has occurred while \output is active []

 [158]
[159]
Underfull \hbox (badness 10000) in paragraph at lines 2244--2245

 []


Underfull \hbox (badness 10000) in paragraph at lines 2246--2248

 []


Underfull \hbox (badness 10000) in paragraph at lines 2249--2250

 []


Underfull \hbox (badness 10000) in paragraph at lines 2251--2264

 []


Underfull \vbox (badness 10000) has occurred while \output is active []

 [160]
[161]
Underfull \hbox (badness 10000) in paragraph at lines 2265--2266

 []


Underfull \hbox (badness 10000) in paragraph at lines 2267--2281

 []


Underfull \vbox (badness 10000) has occurred while \output is active []

 [162]
[163]
Underfull \hbox (badness 10000) in paragraph at lines 2282--2283

 []


Underfull \hbox (badness 10000) in paragraph at lines 2284--2296

 []


Underfull \vbox (badness 10000) has occurred while \output is active []

 [164]
[165]
Underfull \hbox (badness 10000) in paragraph at lines 2297--2298

 []


Underfull \hbox (badness 10000) in paragraph at lines 2299--2309

 []


Underfull \vbox (badness 10000) has occurred while \output is active []

 [166]
[167]
Underfull \hbox (badness 10000) in paragraph at lines 2310--2311

 []


Underfull \hbox (badness 10000) in paragraph at lines 2312--2313

 []


Underfull \hbox (badness 10000) in paragraph at lines 2314--2333

 []


Underfull \vbox (badness 10000) has occurred while \output is active []

 [168]
Underfull \vbox (badness 10000) has occurred while \output is active []

 [169]
[170]
Underfull \hbox (badness 10000) in paragraph at lines 2334--2335

 []


Underfull \hbox (badness 10000) in paragraph at lines 2336--2350

 []


Underfull \vbox (badness 10000) has occurred while \output is active []

 [171]
Underfull \hbox (badness 10000) in paragraph at lines 2351--2352

 []


Underfull \vbox (badness 10000) has occurred while \output is active []

 [172]
Underfull \hbox (badness 10000) in paragraph at lines 2353--2356

 []

[173]
Underfull \hbox (badness 10000) in paragraph at lines 2357--2358

 []


Underfull \hbox (badness 10000) in paragraph at lines 2359--2379

 []


Underfull \vbox (badness 10000) has occurred while \output is active []

 [174]
[175]
Underfull \hbox (badness 10000) in paragraph at lines 2380--2381

 []


! LaTeX Error: There's no line here to end.

See the LaTeX manual or LaTeX Companion for explanation.
Type  H <return>  for immediate help.
 ...                                              
                                                  
l.2383 　
        話說拜林自從慕道以來，得遇異人傳授道術，居然超塵絕俗，心無掛礙，任意邀游，一無羈絆。或採藥深山，或尋仙高嶺，真個無憂無慮，閒曠非凡。一日...

Your command was ignored.
Type  I <command> <return>  to replace it with another command,
or  <return>  to continue without it.


Underfull \hbox (badness 10000) in paragraph at lines 2383--2397

 []


Underfull \vbox (badness 10000) has occurred while \output is active []

 [176]
[177]
Underfull \hbox (badness 10000) in paragraph at lines 2398--2399

 []


Underfull \hbox (badness 10000) in paragraph at lines 2400--2413

 []


Underfull \vbox (badness 10000) has occurred while \output is active []

 [178]
[179]
Underfull \hbox (badness 10000) in paragraph at lines 2414--2415

 []


Underfull \hbox (badness 10000) in paragraph at lines 2416--2452

 []


Underfull \hbox (badness 10000) in paragraph at lines 2416--2452

 []


Underfull \hbox (badness 10000) in paragraph at lines 2416--2452

 []


Underfull \hbox (badness 10000) in paragraph at lines 2416--2452

 []


Underfull \vbox (badness 10000) has occurred while \output is active []

 [180]
[181]

! LaTeX Error: There's no line here to end.

See the LaTeX manual or LaTeX Companion for explanation.
Type  H <return>  for immediate help.
 ...                                              
                                                  
l.2454 E
        nd of the Project Gutenberg EBook of Ching Lou Meng, by Ta Yu \\
Your command was ignored.
Type  I <command> <return>  to replace it with another command,
or  <return>  to continue without it.

LaTeX Font Info:    External font `cmex10' loaded for size
(Font)              <10.53937> on input line 2768.
LaTeX Font Info:    External font `cmex10' loaded for size
(Font)              <7> on input line 2768.
LaTeX Font Info:    External font `cmex10' loaded for size
(Font)              <5> on input line 2768.
)
Underfull \hbox (badness 10000) in paragraph at lines 2454--37

 []


Underfull \hbox (badness 10000) in paragraph at lines 2454--37

 []


Underfull \hbox (badness 10000) in paragraph at lines 2454--37

 []


Underfull \hbox (badness 10000) in paragraph at lines 2454--37

 []


Underfull \hbox (badness 10000) in paragraph at lines 2454--37

 []


Underfull \hbox (badness 10000) in paragraph at lines 2454--37

 []


Underfull \hbox (badness 10000) in paragraph at lines 2454--37

 []


Underfull \hbox (badness 10000) in paragraph at lines 2454--37

 []


Underfull \hbox (badness 10000) in paragraph at lines 2454--37

 []


Underfull \hbox (badness 10000) in paragraph at lines 2454--37

 []


Underfull \hbox (badness 10000) in paragraph at lines 2454--37

 []


Underfull \hbox (badness 10000) in paragraph at lines 2454--37

 []


Underfull \hbox (badness 10000) in paragraph at lines 2454--37

 []


Underfull \hbox (badness 10000) in paragraph at lines 2454--37

 []


Underfull \hbox (badness 10000) in paragraph at lines 2454--37

 []


Underfull \hbox (badness 10000) in paragraph at lines 2454--37

 []


Underfull \hbox (badness 10000) in paragraph at lines 2454--37

 []


Underfull \hbox (badness 10000) in paragraph at lines 2454--37

 []


Underfull \hbox (badness 10000) in paragraph at lines 2454--37

 []


Underfull \hbox (badness 10000) in paragraph at lines 2454--37

 []


Underfull \hbox (badness 10000) in paragraph at lines 2454--37

 []


Underfull \hbox (badness 10000) in paragraph at lines 2454--37

 []


Underfull \hbox (badness 10000) in paragraph at lines 2454--37

 []


Underfull \hbox (badness 10000) in paragraph at lines 2454--37

 []


Underfull \hbox (badness 10000) in paragraph at lines 2454--37

 []


Underfull \hbox (badness 10000) in paragraph at lines 2454--37

 []


Underfull \hbox (badness 10000) in paragraph at lines 2454--37

 []


Underfull \hbox (badness 10000) in paragraph at lines 2454--37

 []


Underfull \hbox (badness 10000) in paragraph at lines 2454--37

 []


Underfull \hbox (badness 10000) in paragraph at lines 2454--37

 []


Underfull \hbox (badness 10000) in paragraph at lines 2454--37

 []


Underfull \hbox (badness 10000) in paragraph at lines 2454--37

 []


Underfull \hbox (badness 10000) in paragraph at lines 2454--37

 []


Underfull \hbox (badness 10000) in paragraph at lines 2454--37

 []


Underfull \hbox (badness 10000) in paragraph at lines 2454--37

 []


Underfull \hbox (badness 10000) in paragraph at lines 2454--37

 []


Underfull \hbox (badness 10000) in paragraph at lines 2454--37

 []


Underfull \hbox (badness 10000) in paragraph at lines 2454--37

 []


Underfull \hbox (badness 10000) in paragraph at lines 2454--37

 []


Underfull \hbox (badness 10000) in paragraph at lines 2454--37

 []


Underfull \hbox (badness 10000) in paragraph at lines 2454--37

 []


Underfull \hbox (badness 10000) in paragraph at lines 2454--37

 []


Underfull \hbox (badness 10000) in paragraph at lines 2454--37

 []


Underfull \hbox (badness 10000) in paragraph at lines 2454--37

 []


Underfull \hbox (badness 10000) in paragraph at lines 2454--37

 []


Underfull \hbox (badness 10000) in paragraph at lines 2454--37

 []


Underfull \hbox (badness 10000) in paragraph at lines 2454--37

 []


Underfull \hbox (badness 10000) in paragraph at lines 2454--37

 []


Underfull \hbox (badness 10000) in paragraph at lines 2454--37

 []


Underfull \hbox (badness 10000) in paragraph at lines 2454--37

 []


Underfull \hbox (badness 10000) in paragraph at lines 2454--37

 []


Underfull \vbox (badness 10000) has occurred while \output is active []

 [182]
Underfull \vbox (badness 10000) has occurred while \output is active []

 [183]
Underfull \vbox (badness 10000) has occurred while \output is active []

 [184]
Underfull \vbox (badness 10000) has occurred while \output is active []

 [185]
Underfull \vbox (badness 10000) has occurred while \output is active []

 [186]
Underfull \vbox (badness 10000) has occurred while \output is active []

 [187]
Underfull \vbox (badness 10000) has occurred while \output is active []

 [188]
Underfull \vbox (badness 10000) has occurred while \output is active []

 [189]
[190] (./57278-001.aux) ) 
Here is how much of TeX's memory you used:
 8140 strings out of 477756
 262691 string characters out of 5843518
 635127 words of memory out of 5000000
 28708 multiletter control sequences out of 15000+600000
 474753 words of font info for 67 fonts, out of 8000000 for 9000
 264 hyphenation exceptions out of 8191
 89i,11n,97p,1191b,272s stack positions out of 5000i,500n,10000p,200000b,80000s

Output written on 57278-001.pdf (190 pages).
