This is XeTeX, Version 3.141592653-2.6-0.999993 (TeX Live 2022/dev/Debian) (preloaded format=xelatex 2024.6.17)  7 JUL 2024 18:03
entering extended mode
 restricted \write18 enabled.
 %&-line parsing enabled.
**25559-001
(./25559-001.tex
LaTeX2e <2021-11-15> patch level 1
L3 programming layer <2022-01-21>
(/usr/share/texlive/texmf-dist/tex/latex/ctex/ctexbook.cls
(/usr/share/texlive/texmf-dist/tex/latex/ctex/config/ctexbackend.cfg
File: ctexbackend.cfg 2021/12/12 v2.5.8 Backend configuration file (CTEX)
)
(/usr/share/texlive/texmf-dist/tex/latex/l3kernel/expl3.sty
Package: expl3 2022-01-21 L3 programming layer (loader) 

(/usr/share/texlive/texmf-dist/tex/latex/l3backend/l3backend-xetex.def
File: l3backend-xetex.def 2022-01-12 L3 backend support: XeTeX

(|extractbb --version)
\c__kernel_sys_dvipdfmx_version_int=\count181
\l__color_backend_stack_int=\count182
\g__color_backend_stack_int=\count183
\g__graphics_track_int=\count184
\l__pdf_internal_box=\box50
\g__pdf_backend_object_int=\count185
\g__pdf_backend_annotation_int=\count186
\g__pdf_backend_link_int=\count187
))
Document Class: ctexbook 2021/12/12 v2.5.8 Chinese adapter for class book (CTEX
)
(/usr/share/texlive/texmf-dist/tex/latex/l3packages/xparse/xparse.sty
Package: xparse 2022-01-12 L3 Experimental document command parser
)
(/usr/share/texlive/texmf-dist/tex/latex/l3packages/l3keys2e/l3keys2e.sty
Package: l3keys2e 2022-01-12 LaTeX2e option processing using LaTeX3 keys
)
(/usr/share/texlive/texmf-dist/tex/latex/ctex/ctexhook.sty
Package: ctexhook 2021/12/12 v2.5.8 Document and package hooks (CTEX)
)
(/usr/share/texlive/texmf-dist/tex/latex/ctex/ctexpatch.sty
Package: ctexpatch 2021/12/12 v2.5.8 Patching commands (CTEX)
)
(/usr/share/texlive/texmf-dist/tex/latex/base/fix-cm.sty
Package: fix-cm 2020/11/24 v1.1t fixes to LaTeX

(/usr/share/texlive/texmf-dist/tex/latex/base/ts1enc.def
File: ts1enc.def 2001/06/05 v3.0e (jk/car/fm) Standard LaTeX file
LaTeX Font Info:    Redeclaring font encoding TS1 on input line 47.
))
\l__ctex_tmp_int=\count188
\l__ctex_tmp_box=\box51
\l__ctex_tmp_dim=\dimen138
\g__ctex_section_depth_int=\count189
\g__ctex_font_size_int=\count190

(/usr/share/texlive/texmf-dist/tex/latex/ctex/config/ctexopts.cfg
File: ctexopts.cfg 2021/12/12 v2.5.8 Option configuration file (CTEX)
)
(/usr/share/texlive/texmf-dist/tex/latex/base/book.cls
Document Class: book 2021/10/04 v1.4n Standard LaTeX document class
(/usr/share/texlive/texmf-dist/tex/latex/base/bk10.clo
File: bk10.clo 2021/10/04 v1.4n Standard LaTeX file (size option)
)
\c@part=\count191
\c@chapter=\count192
\c@section=\count193
\c@subsection=\count194
\c@subsubsection=\count195
\c@paragraph=\count196
\c@subparagraph=\count197
\c@figure=\count198
\c@table=\count199
\abovecaptionskip=\skip47
\belowcaptionskip=\skip48
\bibindent=\dimen139
)
(/usr/share/texlive/texmf-dist/tex/latex/ctex/engine/ctex-engine-xetex.def
File: ctex-engine-xetex.def 2021/12/12 v2.5.8 XeLaTeX adapter (CTEX)

(/usr/share/texlive/texmf-dist/tex/xelatex/xecjk/xeCJK.sty
Package: xeCJK 2021/12/12 v3.8.8 Typesetting CJK scripts with XeLaTeX

(/usr/share/texlive/texmf-dist/tex/latex/l3packages/xtemplate/xtemplate.sty
Package: xtemplate 2022-01-12 L3 Experimental prototype document functions
\l__xtemplate_tmp_dim=\dimen140
\l__xtemplate_tmp_int=\count266
\l__xtemplate_tmp_muskip=\muskip16
\l__xtemplate_tmp_skip=\skip49
)
\l__xeCJK_tmp_int=\count267
\l__xeCJK_tmp_box=\box52
\l__xeCJK_tmp_dim=\dimen141
\l__xeCJK_tmp_skip=\skip50
\g__xeCJK_space_factor_int=\count268
\l__xeCJK_begin_int=\count269
\l__xeCJK_end_int=\count270
\c__xeCJK_CJK_class_int=\XeTeXcharclass1
\c__xeCJK_FullLeft_class_int=\XeTeXcharclass2
\c__xeCJK_FullRight_class_int=\XeTeXcharclass3
\c__xeCJK_HalfLeft_class_int=\XeTeXcharclass4
\c__xeCJK_HalfRight_class_int=\XeTeXcharclass5
\c__xeCJK_NormalSpace_class_int=\XeTeXcharclass6
\c__xeCJK_CM_class_int=\XeTeXcharclass7
\c__xeCJK_HangulJamo_class_int=\XeTeXcharclass8
\l__xeCJK_last_skip=\skip51
\g__xeCJK_node_int=\count271
\c__xeCJK_CJK_node_dim=\dimen142
\c__xeCJK_CJK-space_node_dim=\dimen143
\c__xeCJK_default_node_dim=\dimen144
\c__xeCJK_default-space_node_dim=\dimen145
\c__xeCJK_CJK-widow_node_dim=\dimen146
\c__xeCJK_normalspace_node_dim=\dimen147
\l__xeCJK_ccglue_skip=\skip52
\l__xeCJK_ecglue_skip=\skip53
\l__xeCJK_punct_kern_skip=\skip54
\l__xeCJK_last_penalty_int=\count272
\l__xeCJK_last_bound_dim=\dimen148
\l__xeCJK_last_kern_dim=\dimen149
\l__xeCJK_widow_penalty_int=\count273

Package xtemplate Info: Declaring object type 'xeCJK/punctuation' taking 0
(xtemplate)             argument(s) on line 2337.

\l__xeCJK_fixed_punct_width_dim=\dimen150
\l__xeCJK_mixed_punct_width_dim=\dimen151
\l__xeCJK_middle_punct_width_dim=\dimen152
\l__xeCJK_fixed_margin_width_dim=\dimen153
\l__xeCJK_mixed_margin_width_dim=\dimen154
\l__xeCJK_middle_margin_width_dim=\dimen155
\l__xeCJK_bound_punct_width_dim=\dimen156
\l__xeCJK_bound_margin_width_dim=\dimen157
\l__xeCJK_margin_minimum_dim=\dimen158
\l__xeCJK_kerning_total_width_dim=\dimen159
\l__xeCJK_same_align_margin_dim=\dimen160
\l__xeCJK_different_align_margin_dim=\dimen161
\l__xeCJK_kerning_margin_width_dim=\dimen162
\l__xeCJK_kerning_margin_minimum_dim=\dimen163
\l__xeCJK_bound_dim=\dimen164
\l__xeCJK_reverse_bound_dim=\dimen165
\l__xeCJK_margin_dim=\dimen166
\l__xeCJK_minimum_bound_dim=\dimen167
\l__xeCJK_kerning_margin_dim=\dimen168
\g__xeCJK_family_int=\count274
\l__xeCJK_fam_int=\count275
\g__xeCJK_fam_allocation_int=\count276
\l__xeCJK_verb_case_int=\count277
\l__xeCJK_verb_exspace_skip=\skip55

(/usr/share/texlive/texmf-dist/tex/latex/fontspec/fontspec.sty
Package: fontspec 2022/01/15 v2.8a Font selection for XeLaTeX and LuaLaTeX

(/usr/share/texlive/texmf-dist/tex/latex/fontspec/fontspec-xetex.sty
Package: fontspec-xetex 2022/01/15 v2.8a Font selection for XeLaTeX and LuaLaTe
X
\l__fontspec_script_int=\count278
\l__fontspec_language_int=\count279
\l__fontspec_strnum_int=\count280
\l__fontspec_tmp_int=\count281
\l__fontspec_tmpa_int=\count282
\l__fontspec_tmpb_int=\count283
\l__fontspec_tmpc_int=\count284
\l__fontspec_em_int=\count285
\l__fontspec_emdef_int=\count286
\l__fontspec_strong_int=\count287
\l__fontspec_strongdef_int=\count288
\l__fontspec_tmpa_dim=\dimen169
\l__fontspec_tmpb_dim=\dimen170
\l__fontspec_tmpc_dim=\dimen171

(/usr/share/texlive/texmf-dist/tex/latex/base/fontenc.sty
Package: fontenc 2021/04/29 v2.0v Standard LaTeX package
)
(/usr/share/texlive/texmf-dist/tex/latex/fontspec/fontspec.cfg)))
(/usr/share/texlive/texmf-dist/tex/xelatex/xecjk/xeCJK.cfg
File: xeCJK.cfg 2021/12/12 v3.8.8 Configuration file for xeCJK package
))
\ccwd=\dimen172
\l__ctex_ccglue_skip=\skip56
)
\l__ctex_ziju_dim=\dimen173

(/usr/share/texlive/texmf-dist/tex/latex/zhnumber/zhnumber.sty
Package: zhnumber 2020/05/01 v2.8 Typesetting numbers with Chinese glyphs
\l__zhnum_scale_int=\count289

(/usr/share/texlive/texmf-dist/tex/latex/zhnumber/zhnumber-utf8.cfg
File: zhnumber-utf8.cfg 2020/05/01 v2.8 Chinese numerals with UTF8 encoding
))
\l__ctex_heading_skip=\skip57

(/usr/share/texlive/texmf-dist/tex/latex/ctex/scheme/ctex-scheme-chinese-book.d
ef
File: ctex-scheme-chinese-book.def 2021/12/12 v2.5.8 Chinese scheme for book (C
TEX)
 (/usr/share/texlive/texmf-dist/tex/latex/ctex/config/ctex-name-utf8.cfg
File: ctex-name-utf8.cfg 2021/12/12 v2.5.8 Caption with encoding UTF-8 (CTEX)
))
(/usr/share/texlive/texmf-dist/tex/latex/ctex/ctex-c5size.clo
File: ctex-c5size.clo 2021/12/12 v2.5.8 c5size option (CTEX)
)
(/usr/share/texlive/texmf-dist/tex/latex/ctex/fontset/ctex-fontset-fandol.def
File: ctex-fontset-fandol.def 2021/12/12 v2.5.8 Fandol fonts definition (CTEX)


Package fontspec Warning: Font "FandolSong-Regular" does not contain requested
(fontspec)                Script "CJK".


Package fontspec Info: Font family 'FandolSong-Regular(0)' created for font
(fontspec)             'FandolSong-Regular' with options
(fontspec)             [Script={CJK},Extension={.otf},BoldFont={FandolSong-Bold
},ItalicFont={FandolKai-Regular}].
(fontspec)              
(fontspec)              This font family consists of the following NFSS
(fontspec)             series/shapes:
(fontspec)              
(fontspec)             - 'normal' (m/n) with NFSS spec.:
(fontspec)             <->"[FandolSong-Regular.otf]/OT:language=dflt;"
(fontspec)             - 'small caps'  (m/sc) with NFSS spec.: 
(fontspec)             - 'bold' (b/n) with NFSS spec.:
(fontspec)             <->"[FandolSong-Bold.otf]/OT:language=dflt;"
(fontspec)             - 'bold small caps'  (b/sc) with NFSS spec.: 
(fontspec)             - 'italic' (m/it) with NFSS spec.:
(fontspec)             <->"[FandolKai-Regular.otf]/OT:language=dflt;"
(fontspec)             - 'italic small caps'  (m/scit) with NFSS spec.: 

)) (/usr/share/texlive/texmf-dist/tex/latex/ctex/config/ctex.cfg
File: ctex.cfg 2021/12/12 v2.5.8 Configuration file (CTEX)
)

Package xeCJK Warning: Redefining CJKfamily `\CJKrmdefault'
(xeCJK)                (FandolSong-Regular(0)).


Package fontspec Info: Could not resolve font "Noto Serif CJK SC/I" (it
(fontspec)             probably doesn't exist).


Package fontspec Info: Font family 'NotoSerifCJKSC(0)' created for font 'Noto
(fontspec)             Serif CJK SC' with options [Script={CJK}].
(fontspec)              
(fontspec)              This font family consists of the following NFSS
(fontspec)             series/shapes:
(fontspec)              
(fontspec)             - 'normal' (m/n) with NFSS spec.: <->"Noto Serif CJK
(fontspec)             SC/OT:script=hani;language=dflt;"
(fontspec)             - 'small caps'  (m/sc) with NFSS spec.: 
(fontspec)             - 'bold' (b/n) with NFSS spec.: <->"Noto Serif CJK
(fontspec)             SC/B/OT:script=hani;language=dflt;"
(fontspec)             - 'bold small caps'  (b/sc) with NFSS spec.: 
(fontspec)             - 'bold italic' (b/it) with NFSS spec.: <->"Noto Serif
(fontspec)             CJK SC/BI/OT:script=hani;language=dflt;"
(fontspec)             - 'bold italic small caps'  (b/scit) with NFSS spec.: 

(/usr/share/texlive/texmf-dist/tex/latex/geometry/geometry.sty
Package: geometry 2020/01/02 v5.9 Page Geometry

(/usr/share/texlive/texmf-dist/tex/latex/graphics/keyval.sty
Package: keyval 2014/10/28 v1.15 key=value parser (DPC)
\KV@toks@=\toks16
)
(/usr/share/texlive/texmf-dist/tex/generic/iftex/ifvtex.sty
Package: ifvtex 2019/10/25 v1.7 ifvtex legacy package. Use iftex instead.

(/usr/share/texlive/texmf-dist/tex/generic/iftex/iftex.sty
Package: iftex 2020/03/06 v1.0d TeX engine tests
))
\Gm@cnth=\count290
\Gm@cntv=\count291
\c@Gm@tempcnt=\count292
\Gm@bindingoffset=\dimen174
\Gm@wd@mp=\dimen175
\Gm@odd@mp=\dimen176
\Gm@even@mp=\dimen177
\Gm@layoutwidth=\dimen178
\Gm@layoutheight=\dimen179
\Gm@layouthoffset=\dimen180
\Gm@layoutvoffset=\dimen181
\Gm@dimlist=\toks17
)
(/usr/share/texlive/texmf-dist/tex/latex/fancyhdr/fancyhdr.sty
Package: fancyhdr 2021/01/28 v4.0.1 Extensive control of page headers and foote
rs
\f@nch@headwidth=\skip58
\f@nch@O@elh=\skip59
\f@nch@O@erh=\skip60
\f@nch@O@olh=\skip61
\f@nch@O@orh=\skip62
\f@nch@O@elf=\skip63
\f@nch@O@erf=\skip64
\f@nch@O@olf=\skip65
\f@nch@O@orf=\skip66
)
(./25559-001.aux)
\openout1 = `25559-001.aux'.

LaTeX Font Info:    Checking defaults for OML/cmm/m/it on input line 34.
LaTeX Font Info:    ... okay on input line 34.
LaTeX Font Info:    Checking defaults for OMS/cmsy/m/n on input line 34.
LaTeX Font Info:    ... okay on input line 34.
LaTeX Font Info:    Checking defaults for OT1/cmr/m/n on input line 34.
LaTeX Font Info:    ... okay on input line 34.
LaTeX Font Info:    Checking defaults for T1/cmr/m/n on input line 34.
LaTeX Font Info:    ... okay on input line 34.
LaTeX Font Info:    Checking defaults for TS1/cmr/m/n on input line 34.
LaTeX Font Info:    ... okay on input line 34.
LaTeX Font Info:    Checking defaults for TU/lmr/m/n on input line 34.
LaTeX Font Info:    ... okay on input line 34.
LaTeX Font Info:    Checking defaults for OMX/cmex/m/n on input line 34.
LaTeX Font Info:    ... okay on input line 34.
LaTeX Font Info:    Checking defaults for U/cmr/m/n on input line 34.
LaTeX Font Info:    ... okay on input line 34.

Package fontspec Info: Adjusting the maths setup (use [no-math] to avoid
(fontspec)             this).

\symlegacymaths=\mathgroup4
LaTeX Font Info:    Overwriting symbol font `legacymaths' in version `bold'
(Font)                  OT1/cmr/m/n --> OT1/cmr/bx/n on input line 34.
LaTeX Font Info:    Redeclaring math accent \acute on input line 34.
LaTeX Font Info:    Redeclaring math accent \grave on input line 34.
LaTeX Font Info:    Redeclaring math accent \ddot on input line 34.
LaTeX Font Info:    Redeclaring math accent \tilde on input line 34.
LaTeX Font Info:    Redeclaring math accent \bar on input line 34.
LaTeX Font Info:    Redeclaring math accent \breve on input line 34.
LaTeX Font Info:    Redeclaring math accent \check on input line 34.
LaTeX Font Info:    Redeclaring math accent \hat on input line 34.
LaTeX Font Info:    Redeclaring math accent \dot on input line 34.
LaTeX Font Info:    Redeclaring math accent \mathring on input line 34.
LaTeX Font Info:    Redeclaring math symbol \colon on input line 34.
LaTeX Font Info:    Redeclaring math symbol \Gamma on input line 34.
LaTeX Font Info:    Redeclaring math symbol \Delta on input line 34.
LaTeX Font Info:    Redeclaring math symbol \Theta on input line 34.
LaTeX Font Info:    Redeclaring math symbol \Lambda on input line 34.
LaTeX Font Info:    Redeclaring math symbol \Xi on input line 34.
LaTeX Font Info:    Redeclaring math symbol \Pi on input line 34.
LaTeX Font Info:    Redeclaring math symbol \Sigma on input line 34.
LaTeX Font Info:    Redeclaring math symbol \Upsilon on input line 34.
LaTeX Font Info:    Redeclaring math symbol \Phi on input line 34.
LaTeX Font Info:    Redeclaring math symbol \Psi on input line 34.
LaTeX Font Info:    Redeclaring math symbol \Omega on input line 34.
LaTeX Font Info:    Redeclaring math symbol \mathdollar on input line 34.
LaTeX Font Info:    Redeclaring symbol font `operators' on input line 34.
LaTeX Font Info:    Encoding `OT1' has changed to `TU' for symbol font
(Font)              `operators' in the math version `normal' on input line 34.
LaTeX Font Info:    Overwriting symbol font `operators' in version `normal'
(Font)                  OT1/cmr/m/n --> TU/lmr/m/n on input line 34.
LaTeX Font Info:    Encoding `OT1' has changed to `TU' for symbol font
(Font)              `operators' in the math version `bold' on input line 34.
LaTeX Font Info:    Overwriting symbol font `operators' in version `bold'
(Font)                  OT1/cmr/bx/n --> TU/lmr/m/n on input line 34.
LaTeX Font Info:    Overwriting symbol font `operators' in version `normal'
(Font)                  TU/lmr/m/n --> TU/lmr/m/n on input line 34.
LaTeX Font Info:    Overwriting math alphabet `\mathit' in version `normal'
(Font)                  OT1/cmr/m/it --> TU/lmr/m/it on input line 34.
LaTeX Font Info:    Overwriting math alphabet `\mathbf' in version `normal'
(Font)                  OT1/cmr/bx/n --> TU/lmr/b/n on input line 34.
LaTeX Font Info:    Overwriting math alphabet `\mathsf' in version `normal'
(Font)                  OT1/cmss/m/n --> TU/lmss/m/n on input line 34.
LaTeX Font Info:    Overwriting math alphabet `\mathtt' in version `normal'
(Font)                  OT1/cmtt/m/n --> TU/lmtt/m/n on input line 34.
LaTeX Font Info:    Overwriting symbol font `operators' in version `bold'
(Font)                  TU/lmr/m/n --> TU/lmr/b/n on input line 34.
LaTeX Font Info:    Overwriting math alphabet `\mathit' in version `bold'
(Font)                  OT1/cmr/bx/it --> TU/lmr/b/it on input line 34.
LaTeX Font Info:    Overwriting math alphabet `\mathsf' in version `bold'
(Font)                  OT1/cmss/bx/n --> TU/lmss/b/n on input line 34.
LaTeX Font Info:    Overwriting math alphabet `\mathtt' in version `bold'
(Font)                  OT1/cmtt/m/n --> TU/lmtt/b/n on input line 34.

*geometry* driver: auto-detecting
*geometry* detected driver: xetex
*geometry* verbose mode - [ preamble ] result:
* driver: xetex
* paper: <default>
* layout: <same size as paper>
* layoutoffset:(h,v)=(0.0pt,0.0pt)
* modes: twoside 
* h-part:(L,W,R)=(71.13188pt, 472.03123pt, 71.13188pt)
* v-part:(T,H,B)=(56.9055pt, 681.15898pt, 56.9055pt)
* \paperwidth=614.295pt
* \paperheight=794.96999pt
* \textwidth=472.03123pt
* \textheight=681.15898pt
* \oddsidemargin=-1.1381pt
* \evensidemargin=-1.1381pt
* \topmargin=-45.43198pt
* \headheight=12.0pt
* \headsep=18.06749pt
* \topskip=10.0pt
* \footskip=25.29494pt
* \marginparwidth=125.0pt
* \marginparsep=7.0pt
* \columnsep=10.0pt
* \skip\footins=9.0pt plus 4.0pt minus 2.0pt
* \hoffset=0.0pt
* \voffset=0.0pt
* \mag=1000
* \@twocolumnfalse
* \@twosidetrue
* \@mparswitchtrue
* \@reversemarginfalse
* (1in=72.27pt=25.4mm, 1cm=28.453pt)

LaTeX Font Info:    External font `cmex10' loaded for size
(Font)              <12.045> on input line 35.
LaTeX Font Info:    External font `cmex10' loaded for size
(Font)              <8> on input line 35.
LaTeX Font Info:    External font `cmex10' loaded for size
(Font)              <6> on input line 35.
[1


]

! LaTeX Error: File `content.txt' not found.

Type X to quit or <RETURN> to proceed,
or enter new name. (Default extension: txt)

Enter file name: 25559-2
(./25559-2.txt
Underfull \hbox (badness 10000) in paragraph at lines 1--15

 []

[2]

! LaTeX Error: There's no line here to end.

See the LaTeX manual or LaTeX Companion for explanation.
Type  H <return>  for immediate help.
 ...                                              
                                                  
l.17 \noindent
               \hspace*{2em} \\
? skip
OK, entering \scrollmode...
Missing character: There is no ○ (U+25CB) in font [lmroman10-regular]:mapping=t
ex-text;!

Underfull \hbox (badness 10000) in paragraph at lines 17--25

 []

[3]

! LaTeX Error: There's no line here to end.

See the LaTeX manual or LaTeX Companion for explanation.
Type  H <return>  for immediate help.
 ...                                              
                                                  
l.28 
     
Your command was ignored.
Type  I <command> <return>  to replace it with another command,
or  <return>  to continue without it.

Missing character: There is no ○ (U+25CB) in font [lmroman10-regular]:mapping=t
ex-text;!
Missing character: There is no ○ (U+25CB) in font [lmroman10-regular]:mapping=t
ex-text;!

Underfull \hbox (badness 10000) in paragraph at lines 29--126

 []


Underfull \vbox (badness 10000) has occurred while \output is active []

 [4]
Underfull \vbox (badness 10000) has occurred while \output is active []

 [5]
Underfull \vbox (badness 10000) has occurred while \output is active []

 [6]
Underfull \vbox (badness 10000) has occurred while \output is active []

 [7]
Underfull \vbox (badness 10000) has occurred while \output is active []

 [8]
[9]

! LaTeX Error: There's no line here to end.

See the LaTeX manual or LaTeX Companion for explanation.
Type  H <return>  for immediate help.
 ...                                              
                                                  
l.128 
      
Your command was ignored.
Type  I <command> <return>  to replace it with another command,
or  <return>  to continue without it.

Missing character: There is no □ (U+25A1) in font [lmroman10-regular]:mapping=t
ex-text;!
Missing character: There is no  (U+E1D4) in font [lmroman10-regular]:mapping=t
ex-text;!
Missing character: There is no  (U+E1D4) in font [lmroman10-regular]:mapping=t
ex-text;!
Missing character: There is no ○ (U+25CB) in font [lmroman10-regular]:mapping=t
ex-text;!

Underfull \hbox (badness 10000) in paragraph at lines 129--183

 []


Underfull \vbox (badness 10000) has occurred while \output is active []

 [10]
Underfull \vbox (badness 10000) has occurred while \output is active []

 [11]
Underfull \vbox (badness 10000) has occurred while \output is active []

 [12]
[13]

! LaTeX Error: There's no line here to end.

See the LaTeX manual or LaTeX Companion for explanation.
Type  H <return>  for immediate help.
 ...                                              
                                                  
l.185 
      
Your command was ignored.
Type  I <command> <return>  to replace it with another command,
or  <return>  to continue without it.

Missing character: There is no ○ (U+25CB) in font [lmroman10-regular]:mapping=t
ex-text;!

Underfull \hbox (badness 10000) in paragraph at lines 186--219

 []


Underfull \vbox (badness 10000) has occurred while \output is active []

 [14]
[15]

! LaTeX Error: There's no line here to end.

See the LaTeX manual or LaTeX Companion for explanation.
Type  H <return>  for immediate help.
 ...                                              
                                                  
l.221 
      
Your command was ignored.
Type  I <command> <return>  to replace it with another command,
or  <return>  to continue without it.

Missing character: There is no  (U+E158) in font [lmroman10-regular]:mapping=t
ex-text;!
Missing character: There is no □ (U+25A1) in font [lmroman10-regular]:mapping=t
ex-text;!
Missing character: There is no ○ (U+25CB) in font [lmroman10-regular]:mapping=t
ex-text;!
Missing character: There is no ○ (U+25CB) in font [lmroman10-regular]:mapping=t
ex-text;!

Underfull \hbox (badness 10000) in paragraph at lines 222--276

 []


Underfull \vbox (badness 10000) has occurred while \output is active []

 [16]
Underfull \vbox (badness 10000) has occurred while \output is active []

 [17]
Underfull \vbox (badness 10000) has occurred while \output is active []

 [18]
Underfull \vbox (badness 10000) has occurred while \output is active []

 [19]
[20]

! LaTeX Error: There's no line here to end.

See the LaTeX manual or LaTeX Companion for explanation.
Type  H <return>  for immediate help.
 ...                                              
                                                  
l.278 
      
Your command was ignored.
Type  I <command> <return>  to replace it with another command,
or  <return>  to continue without it.

Missing character: There is no ○ (U+25CB) in font [lmroman10-regular]:mapping=t
ex-text;!
Missing character: There is no ○ (U+25CB) in font [lmroman10-regular]:mapping=t
ex-text;!
Missing character: There is no ○ (U+25CB) in font [lmroman10-regular]:mapping=t
ex-text;!
Missing character: There is no ○ (U+25CB) in font [lmroman10-regular]:mapping=t
ex-text;!
Missing character: There is no ○ (U+25CB) in font [lmroman10-regular]:mapping=t
ex-text;!
Missing character: There is no ○ (U+25CB) in font [lmroman10-regular]:mapping=t
ex-text;!

Underfull \hbox (badness 10000) in paragraph at lines 279--339

 []


Underfull \vbox (badness 10000) has occurred while \output is active []

 [21]
Underfull \vbox (badness 10000) has occurred while \output is active []

 [22]
Underfull \vbox (badness 10000) has occurred while \output is active []

 [23]
Underfull \vbox (badness 10000) has occurred while \output is active []

 [24]
[25]

! LaTeX Error: There's no line here to end.

See the LaTeX manual or LaTeX Companion for explanation.
Type  H <return>  for immediate help.
 ...                                              
                                                  
l.341 
      
Your command was ignored.
Type  I <command> <return>  to replace it with another command,
or  <return>  to continue without it.

Missing character: There is no ○ (U+25CB) in font [lmroman10-regular]:mapping=t
ex-text;!

Underfull \hbox (badness 10000) in paragraph at lines 342--369

 []


Underfull \vbox (badness 10000) has occurred while \output is active []

 [26]
Underfull \vbox (badness 10000) has occurred while \output is active []

 [27]
[28]

! LaTeX Error: There's no line here to end.

See the LaTeX manual or LaTeX Companion for explanation.
Type  H <return>  for immediate help.
 ...                                              
                                                  
l.371 
      
Your command was ignored.
Type  I <command> <return>  to replace it with another command,
or  <return>  to continue without it.

Missing character: There is no  (U+E0EB) in font [lmroman10-regular]:mapping=t
ex-text;!
Missing character: There is no  (U+E0EB) in font [lmroman10-regular]:mapping=t
ex-text;!
Missing character: There is no □ (U+25A1) in font [lmroman10-regular]:mapping=t
ex-text;!
Missing character: There is no □ (U+25A1) in font [lmroman10-regular]:mapping=t
ex-text;!

Underfull \hbox (badness 10000) in paragraph at lines 372--439

 []


Underfull \vbox (badness 10000) has occurred while \output is active []

 [29]
Underfull \vbox (badness 10000) has occurred while \output is active []

 [30]
Underfull \vbox (badness 10000) has occurred while \output is active []

 [31]
Underfull \vbox (badness 10000) has occurred while \output is active []

 [32]
[33]

! LaTeX Error: There's no line here to end.

See the LaTeX manual or LaTeX Companion for explanation.
Type  H <return>  for immediate help.
 ...                                              
                                                  
l.441 
      
Your command was ignored.
Type  I <command> <return>  to replace it with another command,
or  <return>  to continue without it.

Missing character: There is no ○ (U+25CB) in font [lmroman10-regular]:mapping=t
ex-text;!
Missing character: There is no ○ (U+25CB) in font [lmroman10-regular]:mapping=t
ex-text;!
Missing character: There is no ○ (U+25CB) in font [lmroman10-regular]:mapping=t
ex-text;!
Missing character: There is no ○ (U+25CB) in font [lmroman10-regular]:mapping=t
ex-text;!
Missing character: There is no ○ (U+25CB) in font [lmroman10-regular]:mapping=t
ex-text;!

Underfull \hbox (badness 10000) in paragraph at lines 442--461

 []


Underfull \vbox (badness 10000) has occurred while \output is active []

 [34]
Underfull \vbox (badness 10000) has occurred while \output is active []

 [35]
Underfull \hbox (badness 10000) in paragraph at lines 462--492

 []


Underfull \vbox (badness 10000) has occurred while \output is active []

 [36]
Underfull \vbox (badness 10000) has occurred while \output is active []

 [37]
[38]

! LaTeX Error: There's no line here to end.

See the LaTeX manual or LaTeX Companion for explanation.
Type  H <return>  for immediate help.
 ...                                              
                                                  
l.494 
      
Your command was ignored.
Type  I <command> <return>  to replace it with another command,
or  <return>  to continue without it.

Missing character: There is no ○ (U+25CB) in font [lmroman10-regular]:mapping=t
ex-text;!
Missing character: There is no ○ (U+25CB) in font [lmroman10-regular]:mapping=t
ex-text;!
Missing character: There is no ○ (U+25CB) in font [lmroman10-regular]:mapping=t
ex-text;!

Underfull \hbox (badness 10000) in paragraph at lines 495--550

 []


Underfull \vbox (badness 10000) has occurred while \output is active []

 [39]
Underfull \vbox (badness 10000) has occurred while \output is active []

 [40]
Underfull \vbox (badness 10000) has occurred while \output is active []

 [41]
Underfull \vbox (badness 10000) has occurred while \output is active []

 [42]
[43]

! LaTeX Error: There's no line here to end.

See the LaTeX manual or LaTeX Companion for explanation.
Type  H <return>  for immediate help.
 ...                                              
                                                  
l.553 
      
Your command was ignored.
Type  I <command> <return>  to replace it with another command,
or  <return>  to continue without it.

Missing character: There is no ○ (U+25CB) in font [lmroman10-regular]:mapping=t
ex-text;!
Missing character: There is no  (U+E10C) in font [lmroman10-regular]:mapping=t
ex-text;!
Missing character: There is no  (U+E10C) in font [lmroman10-regular]:mapping=t
ex-text;!

Underfull \hbox (badness 10000) in paragraph at lines 554--600

 []


Underfull \vbox (badness 10000) has occurred while \output is active []

 [44]
Underfull \vbox (badness 10000) has occurred while \output is active []

 [45]
Underfull \vbox (badness 10000) has occurred while \output is active []

 [46]
[47]

! LaTeX Error: There's no line here to end.

See the LaTeX manual or LaTeX Companion for explanation.
Type  H <return>  for immediate help.
 ...                                              
                                                  
l.602 
      
Your command was ignored.
Type  I <command> <return>  to replace it with another command,
or  <return>  to continue without it.

Missing character: There is no ○ (U+25CB) in font [lmroman10-regular]:mapping=t
ex-text;!
Missing character: There is no ○ (U+25CB) in font [lmroman10-regular]:mapping=t
ex-text;!
Missing character: There is no ○ (U+25CB) in font [lmroman10-regular]:mapping=t
ex-text;!
Missing character: There is no ○ (U+25CB) in font [lmroman10-regular]:mapping=t
ex-text;!
Missing character: There is no ○ (U+25CB) in font [lmroman10-regular]:mapping=t
ex-text;!
Missing character: There is no ○ (U+25CB) in font [lmroman10-regular]:mapping=t
ex-text;!
Missing character: There is no ○ (U+25CB) in font [lmroman10-regular]:mapping=t
ex-text;!
Missing character: There is no ○ (U+25CB) in font [lmroman10-regular]:mapping=t
ex-text;!

Underfull \hbox (badness 10000) in paragraph at lines 603--650

 []


Underfull \vbox (badness 10000) has occurred while \output is active []

 [48]
Underfull \vbox (badness 10000) has occurred while \output is active []

 [49]
Underfull \vbox (badness 10000) has occurred while \output is active []

 [50]
Underfull \vbox (badness 10000) has occurred while \output is active []

 [51]
[52]

! LaTeX Error: There's no line here to end.

See the LaTeX manual or LaTeX Companion for explanation.
Type  H <return>  for immediate help.
 ...                                              
                                                  
l.652 
      
Your command was ignored.
Type  I <command> <return>  to replace it with another command,
or  <return>  to continue without it.

Missing character: There is no ○ (U+25CB) in font [lmroman10-regular]:mapping=t
ex-text;!

Underfull \hbox (badness 10000) in paragraph at lines 653--703

 []


Underfull \vbox (badness 10000) has occurred while \output is active []

 [53]
Underfull \vbox (badness 10000) has occurred while \output is active []

 [54]
Underfull \vbox (badness 10000) has occurred while \output is active []

 [55]
[56]

! LaTeX Error: There's no line here to end.

See the LaTeX manual or LaTeX Companion for explanation.
Type  H <return>  for immediate help.
 ...                                              
                                                  
l.705 
      
Your command was ignored.
Type  I <command> <return>  to replace it with another command,
or  <return>  to continue without it.


Underfull \hbox (badness 10000) in paragraph at lines 706--736

 []


Underfull \vbox (badness 10000) has occurred while \output is active []

 [57]
Underfull \vbox (badness 10000) has occurred while \output is active []

 [58]
[59]

! LaTeX Error: There's no line here to end.

See the LaTeX manual or LaTeX Companion for explanation.
Type  H <return>  for immediate help.
 ...                                              
                                                  
l.738 
      
Your command was ignored.
Type  I <command> <return>  to replace it with another command,
or  <return>  to continue without it.

Missing character: There is no ○ (U+25CB) in font [lmroman10-regular]:mapping=t
ex-text;!
Missing character: There is no ○ (U+25CB) in font [lmroman10-regular]:mapping=t
ex-text;!
Missing character: There is no ○ (U+25CB) in font [lmroman10-regular]:mapping=t
ex-text;!
Missing character: There is no ○ (U+25CB) in font [lmroman10-regular]:mapping=t
ex-text;!
Missing character: There is no ○ (U+25CB) in font [lmroman10-regular]:mapping=t
ex-text;!

Underfull \hbox (badness 10000) in paragraph at lines 739--778

 []


Underfull \vbox (badness 10000) has occurred while \output is active []

 [60]
Underfull \vbox (badness 10000) has occurred while \output is active []

 [61]
Underfull \vbox (badness 10000) has occurred while \output is active []

 [62]
Underfull \vbox (badness 10000) has occurred while \output is active []

 [63]
[64]

! LaTeX Error: There's no line here to end.

See the LaTeX manual or LaTeX Companion for explanation.
Type  H <return>  for immediate help.
 ...                                              
                                                  
l.780 
      
Your command was ignored.
Type  I <command> <return>  to replace it with another command,
or  <return>  to continue without it.

Missing character: There is no  (U+E837) in font [lmroman10-regular]:mapping=t
ex-text;!
Missing character: There is no ○ (U+25CB) in font [lmroman10-regular]:mapping=t
ex-text;!
Missing character: There is no ○ (U+25CB) in font [lmroman10-regular]:mapping=t
ex-text;!

Underfull \hbox (badness 10000) in paragraph at lines 781--839

 []


Underfull \vbox (badness 10000) has occurred while \output is active []

 [65]
Underfull \vbox (badness 10000) has occurred while \output is active []

 [66]
Underfull \vbox (badness 10000) has occurred while \output is active []

 [67]
Underfull \vbox (badness 10000) has occurred while \output is active []

 [68]
Underfull \vbox (badness 10000) has occurred while \output is active []

 [69]
[70]

! LaTeX Error: There's no line here to end.

See the LaTeX manual or LaTeX Companion for explanation.
Type  H <return>  for immediate help.
 ...                                              
                                                  
l.841 
      
Your command was ignored.
Type  I <command> <return>  to replace it with another command,
or  <return>  to continue without it.


Underfull \hbox (badness 10000) in paragraph at lines 842--865

 []


Underfull \vbox (badness 10000) has occurred while \output is active []

 [71]
Underfull \vbox (badness 10000) has occurred while \output is active []

 [72]
[73]

! LaTeX Error: There's no line here to end.

See the LaTeX manual or LaTeX Companion for explanation.
Type  H <return>  for immediate help.
 ...                                              
                                                  
l.867 
      
Your command was ignored.
Type  I <command> <return>  to replace it with another command,
or  <return>  to continue without it.

Missing character: There is no ○ (U+25CB) in font [lmroman10-regular]:mapping=t
ex-text;!
Missing character: There is no ○ (U+25CB) in font [lmroman10-regular]:mapping=t
ex-text;!
Missing character: There is no ○ (U+25CB) in font [lmroman10-regular]:mapping=t
ex-text;!
Missing character: There is no ○ (U+25CB) in font [lmroman10-regular]:mapping=t
ex-text;!

Underfull \hbox (badness 10000) in paragraph at lines 868--900

 []


Underfull \vbox (badness 10000) has occurred while \output is active []

 [74]
Underfull \vbox (badness 10000) has occurred while \output is active []

 [75]
Underfull \vbox (badness 10000) has occurred while \output is active []

 [76]
[77]

! LaTeX Error: There's no line here to end.

See the LaTeX manual or LaTeX Companion for explanation.
Type  H <return>  for immediate help.
 ...                                              
                                                  
l.902 
      
Your command was ignored.
Type  I <command> <return>  to replace it with another command,
or  <return>  to continue without it.

Missing character: There is no ○ (U+25CB) in font [lmroman10-regular]:mapping=t
ex-text;!

Underfull \hbox (badness 10000) in paragraph at lines 903--934

 []


Underfull \vbox (badness 10000) has occurred while \output is active []

 [78]
Underfull \vbox (badness 10000) has occurred while \output is active []

 [79]
Underfull \vbox (badness 10000) has occurred while \output is active []

 [80]
[81]

! LaTeX Error: There's no line here to end.

See the LaTeX manual or LaTeX Companion for explanation.
Type  H <return>  for immediate help.
 ...                                              
                                                  
l.936 
      
Your command was ignored.
Type  I <command> <return>  to replace it with another command,
or  <return>  to continue without it.

Missing character: There is no ○ (U+25CB) in font [lmroman10-regular]:mapping=t
ex-text;!
Missing character: There is no ○ (U+25CB) in font [lmroman10-regular]:mapping=t
ex-text;!

Underfull \hbox (badness 10000) in paragraph at lines 937--971

 []


Underfull \vbox (badness 10000) has occurred while \output is active []

 [82]
Underfull \vbox (badness 10000) has occurred while \output is active []

 [83]
Underfull \vbox (badness 10000) has occurred while \output is active []

 [84]
[85]

! LaTeX Error: There's no line here to end.

See the LaTeX manual or LaTeX Companion for explanation.
Type  H <return>  for immediate help.
 ...                                              
                                                  
l.973 
      
Your command was ignored.
Type  I <command> <return>  to replace it with another command,
or  <return>  to continue without it.

Missing character: There is no ○ (U+25CB) in font [lmroman10-regular]:mapping=t
ex-text;!

Underfull \hbox (badness 10000) in paragraph at lines 974--998

 []


Underfull \vbox (badness 10000) has occurred while \output is active []

 [86]
Underfull \vbox (badness 10000) has occurred while \output is active []

 [87]
[88]

! LaTeX Error: There's no line here to end.

See the LaTeX manual or LaTeX Companion for explanation.
Type  H <return>  for immediate help.
 ...                                              
                                                  
l.1000 
       
Your command was ignored.
Type  I <command> <return>  to replace it with another command,
or  <return>  to continue without it.


Underfull \hbox (badness 10000) in paragraph at lines 1001--1043

 []


Underfull \vbox (badness 10000) has occurred while \output is active []

 [89]
Underfull \vbox (badness 10000) has occurred while \output is active []

 [90]
Underfull \vbox (badness 10000) has occurred while \output is active []

 [91]
Underfull \vbox (badness 10000) has occurred while \output is active []

 [92]
[93]

! LaTeX Error: There's no line here to end.

See the LaTeX manual or LaTeX Companion for explanation.
Type  H <return>  for immediate help.
 ...                                              
                                                  
l.1045 \
        
Your command was ignored.
Type  I <command> <return>  to replace it with another command,
or  <return>  to continue without it.

Missing character: There is no ○ (U+25CB) in font [lmroman10-regular]:mapping=t
ex-text;!
Missing character: There is no □ (U+25A1) in font [lmroman10-regular]:mapping=t
ex-text;!
Missing character: There is no ○ (U+25CB) in font [lmroman10-regular]:mapping=t
ex-text;!

Underfull \hbox (badness 10000) in paragraph at lines 1045--1099

 []


Underfull \vbox (badness 10000) has occurred while \output is active []

 [94]
Underfull \vbox (badness 10000) has occurred while \output is active []

 [95]
Underfull \vbox (badness 10000) has occurred while \output is active []

 [96]
Underfull \vbox (badness 10000) has occurred while \output is active []

 [97]
[98]

! LaTeX Error: There's no line here to end.

See the LaTeX manual or LaTeX Companion for explanation.
Type  H <return>  for immediate help.
 ...                                              
                                                  
l.1101 
       
Your command was ignored.
Type  I <command> <return>  to replace it with another command,
or  <return>  to continue without it.

Missing character: There is no ○ (U+25CB) in font [lmroman10-regular]:mapping=t
ex-text;!

Underfull \hbox (badness 10000) in paragraph at lines 1102--1124

 []


Underfull \vbox (badness 10000) has occurred while \output is active []

 [99]
Underfull \vbox (badness 10000) has occurred while \output is active []

 [100]
[101]

! LaTeX Error: There's no line here to end.

See the LaTeX manual or LaTeX Companion for explanation.
Type  H <return>  for immediate help.
 ...                                              
                                                  
l.1126 
       
Your command was ignored.
Type  I <command> <return>  to replace it with another command,
or  <return>  to continue without it.

Missing character: There is no  (U+E190) in font [lmroman10-regular]:mapping=t
ex-text;!
Missing character: There is no  (U+E190) in font [lmroman10-regular]:mapping=t
ex-text;!

Underfull \hbox (badness 10000) in paragraph at lines 1127--1180

 []


Underfull \vbox (badness 10000) has occurred while \output is active []

 [102]
Underfull \vbox (badness 10000) has occurred while \output is active []

 [103]
Underfull \vbox (badness 10000) has occurred while \output is active []

 [104]
Underfull \vbox (badness 10000) has occurred while \output is active []

 [105]
Underfull \vbox (badness 10000) has occurred while \output is active []

 [106]
[107]

! LaTeX Error: There's no line here to end.

See the LaTeX manual or LaTeX Companion for explanation.
Type  H <return>  for immediate help.
 ...                                              
                                                  
l.1182 
       
Your command was ignored.
Type  I <command> <return>  to replace it with another command,
or  <return>  to continue without it.

Missing character: There is no ○ (U+25CB) in font [lmroman10-regular]:mapping=t
ex-text;!
Missing character: There is no ○ (U+25CB) in font [lmroman10-regular]:mapping=t
ex-text;!
Missing character: There is no ○ (U+25CB) in font [lmroman10-regular]:mapping=t
ex-text;!

Underfull \hbox (badness 10000) in paragraph at lines 1183--1226

 []


Underfull \vbox (badness 10000) has occurred while \output is active []

 [108]
Underfull \vbox (badness 10000) has occurred while \output is active []

 [109]
Underfull \vbox (badness 10000) has occurred while \output is active []

 [110]
Underfull \vbox (badness 10000) has occurred while \output is active []

 [111]
Underfull \vbox (badness 10000) has occurred while \output is active []

 [112]
[113]

! LaTeX Error: There's no line here to end.

See the LaTeX manual or LaTeX Companion for explanation.
Type  H <return>  for immediate help.
 ...                                              
                                                  
l.1228 
       
Your command was ignored.
Type  I <command> <return>  to replace it with another command,
or  <return>  to continue without it.

Missing character: There is no □ (U+25A1) in font [lmroman10-regular]:mapping=t
ex-text;!
Missing character: There is no □ (U+25A1) in font [lmroman10-regular]:mapping=t
ex-text;!

Underfull \hbox (badness 10000) in paragraph at lines 1229--1264

 []


Underfull \vbox (badness 10000) has occurred while \output is active []

 [114]
Underfull \vbox (badness 10000) has occurred while \output is active []

 [115]
Underfull \vbox (badness 10000) has occurred while \output is active []

 [116]
Underfull \vbox (badness 10000) has occurred while \output is active []

 [117]
[118]

! LaTeX Error: There's no line here to end.

See the LaTeX manual or LaTeX Companion for explanation.
Type  H <return>  for immediate help.
 ...                                              
                                                  
l.1266 
       
Your command was ignored.
Type  I <command> <return>  to replace it with another command,
or  <return>  to continue without it.

Missing character: There is no ○ (U+25CB) in font [lmroman10-regular]:mapping=t
ex-text;!
Missing character: There is no ○ (U+25CB) in font [lmroman10-regular]:mapping=t
ex-text;!

Underfull \hbox (badness 10000) in paragraph at lines 1267--1304

 []


Underfull \vbox (badness 10000) has occurred while \output is active []

 [119]
Underfull \vbox (badness 10000) has occurred while \output is active []

 [120]
Underfull \vbox (badness 10000) has occurred while \output is active []

 [121]
Underfull \vbox (badness 10000) has occurred while \output is active []

 [122]
[123]

! LaTeX Error: There's no line here to end.

See the LaTeX manual or LaTeX Companion for explanation.
Type  H <return>  for immediate help.
 ...                                              
                                                  
l.1306 
       
Your command was ignored.
Type  I <command> <return>  to replace it with another command,
or  <return>  to continue without it.

Missing character: There is no ○ (U+25CB) in font [lmroman10-regular]:mapping=t
ex-text;!
Missing character: There is no ○ (U+25CB) in font [lmroman10-regular]:mapping=t
ex-text;!
Missing character: There is no ○ (U+25CB) in font [lmroman10-regular]:mapping=t
ex-text;!
Missing character: There is no ○ (U+25CB) in font [lmroman10-regular]:mapping=t
ex-text;!
Missing character: There is no ○ (U+25CB) in font [lmroman10-regular]:mapping=t
ex-text;!
Missing character: There is no ○ (U+25CB) in font [lmroman10-regular]:mapping=t
ex-text;!
Missing character: There is no ○ (U+25CB) in font [lmroman10-regular]:mapping=t
ex-text;!
Missing character: There is no ○ (U+25CB) in font [lmroman10-regular]:mapping=t
ex-text;!
Missing character: There is no ○ (U+25CB) in font [lmroman10-regular]:mapping=t
ex-text;!
Missing character: There is no □ (U+25A1) in font [lmroman10-regular]:mapping=t
ex-text;!
Missing character: There is no □ (U+25A1) in font [lmroman10-regular]:mapping=t
ex-text;!
Missing character: There is no ○ (U+25CB) in font [lmroman10-regular]:mapping=t
ex-text;!
Missing character: There is no ○ (U+25CB) in font [lmroman10-regular]:mapping=t
ex-text;!
Missing character: There is no ○ (U+25CB) in font [lmroman10-regular]:mapping=t
ex-text;!
Missing character: There is no ○ (U+25CB) in font [lmroman10-regular]:mapping=t
ex-text;!
Missing character: There is no ○ (U+25CB) in font [lmroman10-regular]:mapping=t
ex-text;!
Missing character: There is no ○ (U+25CB) in font [lmroman10-regular]:mapping=t
ex-text;!

Underfull \vbox (badness 10000) has occurred while \output is active []

 [124]
Underfull \vbox (badness 10000) has occurred while \output is active []

 [125]
Underfull \vbox (badness 10000) has occurred while \output is active []

 [126]
Underfull \vbox (badness 10000) has occurred while \output is active []

 [127]
Underfull \vbox (badness 10000) has occurred while \output is active []

 [128]
[129]

! LaTeX Error: There's no line here to end.

See the LaTeX manual or LaTeX Companion for explanation.
Type  H <return>  for immediate help.
 ...                                              
                                                  
l.1356 
       
Your command was ignored.
Type  I <command> <return>  to replace it with another command,
or  <return>  to continue without it.


Underfull \hbox (badness 10000) in paragraph at lines 1357--1364

 []

[130]
Underfull \hbox (badness 10000) in paragraph at lines 1365--1368

 []

[131]

! LaTeX Error: There's no line here to end.

See the LaTeX manual or LaTeX Companion for explanation.
Type  H <return>  for immediate help.
 ...                                              
                                                  
l.1370 \noindent
                 \hspace*{2em} \\
Your command was ignored.
Type  I <command> <return>  to replace it with another command,
or  <return>  to continue without it.


Underfull \hbox (badness 10000) in paragraph at lines 1370--1388

 []


Underfull \vbox (badness 10000) has occurred while \output is active []

 [132]
[133]

! LaTeX Error: There's no line here to end.

See the LaTeX manual or LaTeX Companion for explanation.
Type  H <return>  for immediate help.
 ...                                              
                                                  
l.1390 \noindent
                 \hspace*{2em} \\
Your command was ignored.
Type  I <command> <return>  to replace it with another command,
or  <return>  to continue without it.


Underfull \hbox (badness 10000) in paragraph at lines 1390--1411

 []


Underfull \vbox (badness 10000) has occurred while \output is active []

 [134]
[135]

! LaTeX Error: There's no line here to end.

See the LaTeX manual or LaTeX Companion for explanation.
Type  H <return>  for immediate help.
 ...                                              
                                                  
l.1413 \noindent
                 \hspace*{2em} \\
Your command was ignored.
Type  I <command> <return>  to replace it with another command,
or  <return>  to continue without it.


Underfull \hbox (badness 10000) in paragraph at lines 1413--1430

 []


Underfull \vbox (badness 10000) has occurred while \output is active []

 [136]
Underfull \vbox (badness 10000) has occurred while \output is active []

 [137]
[138]

! LaTeX Error: There's no line here to end.

See the LaTeX manual or LaTeX Companion for explanation.
Type  H <return>  for immediate help.
 ...                                              
                                                  
l.1432 \noindent
                 \hspace*{2em} \\
Your command was ignored.
Type  I <command> <return>  to replace it with another command,
or  <return>  to continue without it.


Underfull \hbox (badness 10000) in paragraph at lines 1432--1451

 []


Underfull \vbox (badness 10000) has occurred while \output is active []

 [139]
Underfull \vbox (badness 10000) has occurred while \output is active []

 [140]
[141]

! LaTeX Error: There's no line here to end.

See the LaTeX manual or LaTeX Companion for explanation.
Type  H <return>  for immediate help.
 ...                                              
                                                  
l.1453 \noindent
                 \hspace*{2em} \\
Your command was ignored.
Type  I <command> <return>  to replace it with another command,
or  <return>  to continue without it.


Underfull \hbox (badness 10000) in paragraph at lines 1453--1472

 []


Underfull \vbox (badness 10000) has occurred while \output is active []

 [142]
Underfull \vbox (badness 10000) has occurred while \output is active []

 [143]
[144]

! LaTeX Error: There's no line here to end.

See the LaTeX manual or LaTeX Companion for explanation.
Type  H <return>  for immediate help.
 ...                                              
                                                  
l.1474 \noindent
                 \hspace*{2em} \\
Your command was ignored.
Type  I <command> <return>  to replace it with another command,
or  <return>  to continue without it.

Missing character: There is no  (U+E190) in font [lmroman10-regular]:mapping=t
ex-text;!
)
Underfull \hbox (badness 10000) in paragraph at lines 1474--37

 []


Underfull \vbox (badness 10000) has occurred while \output is active []

 [145]
Underfull \vbox (badness 10000) has occurred while \output is active []

 [146]
[147] (./25559-001.aux) ) 
Here is how much of TeX's memory you used:
 8852 strings out of 477756
 317616 string characters out of 5843518
 690815 words of memory out of 5000000
 29422 multiletter control sequences out of 15000+600000
 473837 words of font info for 64 fonts, out of 8000000 for 9000
 264 hyphenation exceptions out of 8191
 89i,11n,97p,1566b,272s stack positions out of 5000i,500n,10000p,200000b,80000s

Output written on 25559-001.pdf (147 pages).
